#
# A fatal error has been detected by the Java Runtime Environment:
#
#  EXCEPTION_ACCESS_VIOLATION (0xc0000005) at pc=0x000000005bc70bba, pid=28964, tid=54604
#
# JRE version: Java(TM) SE Runtime Environment (10.0.2+13) (build 10.0.2+13)
# Java VM: Java HotSpot(TM) 64-Bit Server VM (10.0.2+13, mixed mode, tiered, compressed oops, g1 gc, windows-amd64)
# Problematic frame:
# V  [jvm.dll+0x580bba]
#
# No core dump will be written. Minidumps are not enabled by default on client versions of Windows
#
# If you would like to submit a bug report, please visit:
#   http://bugreport.java.com/bugreport/crash.jsp
#

---------------  S U M M A R Y ------------

Command Line: -agentlib:jdwp=transport=dt_socket,address=127.0.0.1:52571,suspend=y,server=n -javaagent:C:\Users\canno\.IntelliJIdea2018.2\system\captureAgent\debugger-agent.jar=file:/C:/Users/canno/AppData/Local/Temp/capture.props -Dfile.encoding=UTF-8 com.tristanpenman.chordial.demo.Demo

Host: Intel(R) Core(TM) i7-6700K CPU @ 4.00GHz, 8 cores, 15G,  Windows 10 , 64 bit Build 19041 (10.0.19041.662)
Time: Thu Dec 03 17:48:26 2020 Eastern Standard Time elapsed time: 416 seconds (0d 0h 6m 56s)

---------------  T H R E A D  ---------------

Current thread (0x000002d862a8d800):  JavaThread "C2 CompilerThread2" daemon [_thread_in_native, id=54604, stack(0x000000e182f00000,0x000000e183000000)]


Current CompileTask:
C2: 416013 4374       4       akka.actor.Deployer::lookup (20 bytes)

Stack: [0x000000e182f00000,0x000000e183000000],  sp=0x000000e182ffbf10,  free space=1007k
Native frames: (J=compiled Java code, j=interpreted, Vv=VM code, C=native code)
V  [jvm.dll+0x580bba]
V  [jvm.dll+0x536dcd]
V  [jvm.dll+0x53a237]
V  [jvm.dll+0x1ffd42]
V  [jvm.dll+0x1ff116]
V  [jvm.dll+0x17c94b]
V  [jvm.dll+0x20c8dd]
V  [jvm.dll+0x20b6a6]
V  [jvm.dll+0x68b7ff]
V  [jvm.dll+0x59f4b0]
C  [msvcr120.dll+0x24f7f]
C  [msvcr120.dll+0x25126]
C  [KERNEL32.DLL+0x17034]
C  [ntdll.dll+0x4d0d1]


siginfo: EXCEPTION_ACCESS_VIOLATION (0xc0000005), writing address 0x0000000339e73410


Register to memory mapping:

RIP=0x000000005bc70bba jvm.dll
RAX=0x000000005b9ee510 jvm.dll
RBX=0x000000005be6d338 jvm.dll
RCX=0x000000005bc909e0 jvm.dll
RDX=0x000000005bc909e0 jvm.dll
RSP=0x000000e182ffbf10 is pointing into the stack for thread: 0x000002d862a8d800
RBP=0x000000e182ffbfb0 is pointing into the stack for thread: 0x000002d862a8d800
RSI=0x000002d86483d400 is an unknown value
RDI=0x000002d86483d400 is an unknown value
R8 =0x0000000000000010 is an unknown value
R9 =0x0000000000000000 is an unknown value
R10=0x000002d8648b0c18 is an unknown value
R11=0x000002d8648b0c28 is an unknown value
R12=0x000000005bee26b8 jvm.dll
R13=0x0000000000000000 is an unknown value
R14=0x000000005b6f0000 jvm.dll
R15=0x000000e182ffc3a0 is pointing into the stack for thread: 0x000002d862a8d800


Registers:
RAX=0x000000005b9ee510, RBX=0x000000005be6d338, RCX=0x000000005bc909e0, RDX=0x000000005bc909e0
RSP=0x000000e182ffbf10, RBP=0x000000e182ffbfb0, RSI=0x000002d86483d400, RDI=0x000002d86483d400
R8 =0x0000000000000010, R9 =0x0000000000000000, R10=0x000002d8648b0c18, R11=0x000002d8648b0c28
R12=0x000000005bee26b8, R13=0x0000000000000000, R14=0x000000005b6f0000, R15=0x000000e182ffc3a0
RIP=0x000000005bc70bba, EFLAGS=0x0000000000010202

Top of Stack: (sp=0x000000e182ffbf10)
0x000000e182ffbf10:   000000005be6d338 000002d86483d400
0x000000e182ffbf20:   000000e182ffcd58 0000000000000016
0x000000e182ffbf30:   0000000000000096 000000005bc26dcd
0x000000e182ffbf40:   0000000000000003 000002d8633dd248
0x000000e182ffbf50:   000002d8656524c0 0000000000000000
0x000000e182ffbf60:   000002d8681065f0 000002d8681097f0
0x000000e182ffbf70:   000002d868106130 000002d862a2a310
0x000000e182ffbf80:   000000005befa090 000002d862a2a310
0x000000e182ffbf90:   0000000000000040 000002d868109800
0x000000e182ffbfa0:   000002d868106070 00000000000000b0
0x000000e182ffbfb0:   00000000000000b0 000000e182ffc3a0
0x000000e182ffbfc0:   0000000000000000 000000005bc2a237
0x000000e182ffbfd0:   000000005c03a560 0000000000000004
0x000000e182ffbfe0:   000002d8681060d8 0000000000000008
0x000000e182ffbff0:   0000000000100000 0000000000000000
0x000000e182ffc000:   0000000000000000 0000000000000000 

Instructions: (pc=0x000000005bc70bba)
0x000000005bc70b9a:   74 25 48 83 7b 10 00 74 1e 8b 53 20 3b 53 24 75
0x000000005bc70baa:   08 48 8b cb e8 0d 1f 00 00 8b 4b 20 48 8b 43 10
0x000000005bc70bba:   48 89 3c c8 ff 43 20 48 8b 5c 24 30 48 83 c4 20
0x000000005bc70bca:   5f c3 cc cc cc cc 48 89 5c 24 08 48 89 74 24 10 



---------------  P R O C E S S  ---------------

Threads class SMR info:
_java_thread_list=0x000002d864419c30, length=42, elements={
0x000002d83aff9000, 0x000002d862a1f000, 0x000002d862a1f800, 0x000002d862a7c800,
0x000002d862a7d000, 0x000002d862a84000, 0x000002d862a8c800, 0x000002d862a8d800,
0x000002d862a92800, 0x000002d862aa3800, 0x000002d86300d800, 0x000002d863027000,
0x000002d863016000, 0x000002d863181000, 0x000002d86317b000, 0x000002d86317e000,
0x000002d86317b800, 0x000002d863180800, 0x000002d86317a000, 0x000002d86317c800,
0x000002d86317d000, 0x000002d86317f800, 0x000002d863b37000, 0x000002d863b35800,
0x000002d863b36800, 0x000002d863b31000, 0x000002d863b33000, 0x000002d863b38000,
0x000002d863b38800, 0x000002d863b31800, 0x000002d863b39800, 0x000002d863b32800,
0x000002d863b34800, 0x000002d863b3a000, 0x000002d863b34000, 0x000002d863b3c800,
0x000002d863b3d800, 0x000002d863b3c000, 0x000002d863b3e000, 0x000002d863b3f000,
0x000002d863b3f800, 0x000002d863b3b000
}

Java Threads: ( => current thread )
  0x000002d83aff9000 JavaThread "main" [_thread_blocked, id=56952, stack(0x000000e181300000,0x000000e181400000)]
  0x000002d862a1f000 JavaThread "Reference Handler" daemon [_thread_blocked, id=56608, stack(0x000000e182900000,0x000000e182a00000)]
  0x000002d862a1f800 JavaThread "Finalizer" daemon [_thread_blocked, id=28156, stack(0x000000e182a00000,0x000000e182b00000)]
  0x000002d862a7c800 JavaThread "Signal Dispatcher" daemon [_thread_blocked, id=56164, stack(0x000000e182b00000,0x000000e182c00000)]
  0x000002d862a7d000 JavaThread "Attach Listener" daemon [_thread_blocked, id=45636, stack(0x000000e182c00000,0x000000e182d00000)]
  0x000002d862a84000 JavaThread "C2 CompilerThread0" daemon [_thread_blocked, id=27948, stack(0x000000e182d00000,0x000000e182e00000)]
  0x000002d862a8c800 JavaThread "C2 CompilerThread1" daemon [_thread_in_native, id=42752, stack(0x000000e182e00000,0x000000e182f00000)]
=>0x000002d862a8d800 JavaThread "C2 CompilerThread2" daemon [_thread_in_native, id=54604, stack(0x000000e182f00000,0x000000e183000000)]
  0x000002d862a92800 JavaThread "C1 CompilerThread3" daemon [_thread_blocked, id=54764, stack(0x000000e183000000,0x000000e183100000)]
  0x000002d862aa3800 JavaThread "Sweeper thread" daemon [_thread_blocked, id=55572, stack(0x000000e183100000,0x000000e183200000)]
  0x000002d86300d800 JavaThread "JDWP Transport Listener: dt_socket" daemon [_thread_blocked, id=53256, stack(0x000000e183200000,0x000000e183300000)]
  0x000002d863027000 JavaThread "JDWP Event Helper Thread" daemon [_thread_blocked, id=54840, stack(0x000000e183300000,0x000000e183400000)]
  0x000002d863016000 JavaThread "JDWP Command Reader" daemon [_thread_in_native, id=29652, stack(0x000000e183400000,0x000000e183500000)]
  0x000002d863181000 JavaThread "Common-Cleaner" daemon [_thread_blocked, id=19976, stack(0x000000e183500000,0x000000e183600000)]
  0x000002d86317b000 JavaThread "Service Thread" daemon [_thread_blocked, id=56940, stack(0x000000e183600000,0x000000e183700000)]
  0x000002d86317e000 JavaThread "chordial-demo-scheduler-1" [_thread_blocked, id=56792, stack(0x000000e183800000,0x000000e183900000)]
  0x000002d86317b800 JavaThread "chordial-demo-akka.actor.default-dispatcher-2" [_thread_blocked, id=55316, stack(0x000000e183900000,0x000000e183a00000)]
  0x000002d863180800 JavaThread "chordial-demo-akka.actor.default-dispatcher-3" [_thread_blocked, id=57300, stack(0x000000e183a00000,0x000000e183b00000)]
  0x000002d86317a000 JavaThread "chordial-demo-akka.actor.default-dispatcher-4" [_thread_blocked, id=56532, stack(0x000000e183b00000,0x000000e183c00000)]
  0x000002d86317c800 JavaThread "chordial-demo-akka.actor.default-dispatcher-5" [_thread_blocked, id=49944, stack(0x000000e183c00000,0x000000e183d00000)]
  0x000002d86317d000 JavaThread "chordial-demo-akka.io.pinned-dispatcher-6" [_thread_in_native, id=54140, stack(0x000000e183d00000,0x000000e183e00000)]
  0x000002d86317f800 JavaThread "chordial-demo-akka.io.pinned-dispatcher-7" [_thread_in_native, id=45072, stack(0x000000e183e00000,0x000000e183f00000)]
  0x000002d863b37000 JavaThread "chordial-demo-akka.actor.default-dispatcher-8" [_thread_blocked, id=52180, stack(0x000000e184100000,0x000000e184200000)]
  0x000002d863b35800 JavaThread "chordial-demo-akka.actor.default-dispatcher-9" [_thread_blocked, id=57056, stack(0x000000e184200000,0x000000e184300000)]
  0x000002d863b36800 JavaThread "scala-execution-context-global-25" daemon [_thread_blocked, id=40416, stack(0x000000e184300000,0x000000e184400000)]
  0x000002d863b31000 JavaThread "scala-execution-context-global-26" daemon [_thread_blocked, id=55104, stack(0x000000e184400000,0x000000e184500000)]
  0x000002d863b33000 JavaThread "scala-execution-context-global-27" daemon [_thread_blocked, id=56900, stack(0x000000e184500000,0x000000e184600000)]
  0x000002d863b38000 JavaThread "chordial-demo-akka.actor.default-dispatcher-10" [_thread_blocked, id=5844, stack(0x000000e181000000,0x000000e181100000)]
  0x000002d863b38800 JavaThread "chordial-demo-akka.actor.default-dispatcher-11" [_thread_blocked, id=56944, stack(0x000000e181100000,0x000000e181200000)]
  0x000002d863b31800 JavaThread "chordial-demo-akka.actor.default-dispatcher-12" [_thread_blocked, id=51832, stack(0x000000e181200000,0x000000e181300000)]
  0x000002d863b39800 JavaThread "chordial-demo-akka.actor.default-dispatcher-13" [_thread_blocked, id=54300, stack(0x000000e184600000,0x000000e184700000)]
  0x000002d863b32800 JavaThread "chordial-demo-akka.actor.default-dispatcher-14" [_thread_blocked, id=54400, stack(0x000000e184700000,0x000000e184800000)]
  0x000002d863b34800 JavaThread "chordial-demo-akka.actor.default-dispatcher-15" [_thread_blocked, id=52668, stack(0x000000e184800000,0x000000e184900000)]
  0x000002d863b3a000 JavaThread "chordial-demo-akka.actor.default-dispatcher-16" [_thread_blocked, id=45164, stack(0x000000e184900000,0x000000e184a00000)]
  0x000002d863b34000 JavaThread "chordial-demo-akka.actor.default-dispatcher-17" [_thread_blocked, id=54600, stack(0x000000e184a00000,0x000000e184b00000)]
  0x000002d863b3c800 JavaThread "chordial-demo-akka.actor.default-dispatcher-18" [_thread_blocked, id=56112, stack(0x000000e184b00000,0x000000e184c00000)]
  0x000002d863b3d800 JavaThread "scala-execution-context-global-37" daemon [_thread_blocked, id=51532, stack(0x000000e184c00000,0x000000e184d00000)]
  0x000002d863b3c000 JavaThread "chordial-demo-akka.actor.default-dispatcher-19" [_thread_blocked, id=55456, stack(0x000000e184d00000,0x000000e184e00000)]
  0x000002d863b3e000 JavaThread "scala-execution-context-global-39" daemon [_thread_blocked, id=26324, stack(0x000000e184e00000,0x000000e184f00000)]
  0x000002d863b3f000 JavaThread "scala-execution-context-global-40" daemon [_thread_blocked, id=56708, stack(0x000000e184f00000,0x000000e185000000)]
  0x000002d863b3f800 JavaThread "scala-execution-context-global-41" daemon [_thread_blocked, id=53472, stack(0x000000e185000000,0x000000e185100000)]
  0x000002d863b3b000 JavaThread "scala-execution-context-global-42" daemon [_thread_blocked, id=49288, stack(0x000000e185100000,0x000000e185200000)]

Other Threads:
  0x000002d862a1b000 VMThread "VM Thread" [stack: 0x000000e182800000,0x000000e182900000] [id=52564]
  0x000002d862f85800 WatcherThread [stack: 0x000000e183700000,0x000000e183800000] [id=54620]
  0x000002d83b014000 GCTaskThread "GC Thread#0" [stack: 0x000000e181400000,0x000000e181500000] [id=56600]
  0x000002d83b015800 GCTaskThread "GC Thread#1" [stack: 0x000000e181500000,0x000000e181600000] [id=56728]
  0x000002d83b018000 GCTaskThread "GC Thread#2" [stack: 0x000000e181600000,0x000000e181700000] [id=47796]
  0x000002d83b01a000 GCTaskThread "GC Thread#3" [stack: 0x000000e181700000,0x000000e181800000] [id=50180]
  0x000002d83b01e000 GCTaskThread "GC Thread#4" [stack: 0x000000e181800000,0x000000e181900000] [id=54168]
  0x000002d83b020000 GCTaskThread "GC Thread#5" [stack: 0x000000e181900000,0x000000e181a00000] [id=12880]
  0x000002d83b022000 GCTaskThread "GC Thread#6" [stack: 0x000000e181a00000,0x000000e181b00000] [id=44904]
  0x000002d83b027800 GCTaskThread "GC Thread#7" [stack: 0x000000e181b00000,0x000000e181c00000] [id=55984]
  0x000002d83b073800 ConcurrentGCThread "G1 Main Marker" [stack: 0x000000e181c00000,0x000000e181d00000] [id=55764]
  0x000002d83b074800 ConcurrentGCThread "G1 Conc#0" [stack: 0x000000e181d00000,0x000000e181e00000] [id=48684]
  0x000002d83b078800 ConcurrentGCThread "G1 Conc#1" [stack: 0x000000e181e00000,0x000000e181f00000] [id=53712]
  0x000002d83b0dd800 ConcurrentGCThread "G1 Refine#0" [stack: 0x000000e181f00000,0x000000e182000000] [id=57336]
  0x000002d83b0de800 ConcurrentGCThread "G1 Refine#1" [stack: 0x000000e182000000,0x000000e182100000] [id=57268]
  0x000002d85f6ea000 ConcurrentGCThread "G1 Refine#2" [stack: 0x000000e182100000,0x000000e182200000] [id=56016]
  0x000002d85f6ec800 ConcurrentGCThread "G1 Refine#3" [stack: 0x000000e182200000,0x000000e182300000] [id=46932]
  0x000002d85f6ef800 ConcurrentGCThread "G1 Refine#4" [stack: 0x000000e182300000,0x000000e182400000] [id=46788]
  0x000002d85f6f2800 ConcurrentGCThread "G1 Refine#5" [stack: 0x000000e182400000,0x000000e182500000] [id=53968]
  0x000002d85f6f5800 ConcurrentGCThread "G1 Refine#6" [stack: 0x000000e182500000,0x000000e182600000] [id=53320]
  0x000002d85f6f6000 ConcurrentGCThread "G1 Refine#7" [stack: 0x000000e182600000,0x000000e182700000] [id=23692]
  0x000002d85f6f7000 ConcurrentGCThread "G1 Young RemSet Sampling" [stack: 0x000000e182700000,0x000000e182800000] [id=56976]

Threads with active compile tasks:
C2 CompilerThread14378   !   4       akka.actor.dungeon.Children::makeChild (517 bytes)
C2 CompilerThread24374       4       akka.actor.Deployer::lookup (20 bytes)

VM state:not at safepoint (normal execution)

VM Mutex/Monitor currently owned by a thread: None

Heap address: 0x00000006c0e00000, size: 4082 MB, Compressed Oops mode: Zero based, Oop shift amount: 3
Narrow klass base: 0x0000000000000000, Narrow klass shift: 3
Compressed class space size: 1073741824 Address: 0x00000007c0000000

Heap:
 garbage-first heap   total 262144K, used 133822K [0x00000006c0e00000, 0x00000007c0000000)
  region size 1024K, 36 young (36864K), 12 survivors (12288K)
 Metaspace       used 43596K, capacity 44396K, committed 45056K, reserved 1089536K
  class space    used 4820K, capacity 5020K, committed 5120K, reserved 1048576K
Heap Regions: E=young(eden), S=young(survivor), O=old, HS=humongous(starts), HC=humongous(continues), CS=collection set, F=free, A=archive, TS=gc time stamp, AC=allocation context, TAMS=top-at-mark-start (previous, next)
|   0|0x00000006c0e00000, 0x00000006c0f00000, 0x00000006c0f00000|100%| O|  |TS  0|AC  0|TAMS 0x00000006c0f00000, 0x00000006c0f00000|
|   1|0x00000006c0f00000, 0x00000006c1000000, 0x00000006c1000000|100%| O|  |TS  0|AC  0|TAMS 0x00000006c1000000, 0x00000006c1000000|
|   2|0x00000006c1000000, 0x00000006c1100000, 0x00000006c1100000|100%| O|  |TS  0|AC  0|TAMS 0x00000006c1100000, 0x00000006c1100000|
|   3|0x00000006c1100000, 0x00000006c1200000, 0x00000006c1200000|100%| O|  |TS  1|AC  0|TAMS 0x00000006c1169a00, 0x00000006c1169a00|
|   4|0x00000006c1200000, 0x00000006c1300000, 0x00000006c1300000|100%| O|  |TS  1|AC  0|TAMS 0x00000006c1200000, 0x00000006c1200000|
|   5|0x00000006c1300000, 0x00000006c1400000, 0x00000006c1400000|100%| O|  |TS  1|AC  0|TAMS 0x00000006c1300000, 0x00000006c1300000|
|   6|0x00000006c1400000, 0x00000006c1500000, 0x00000006c1500000|100%| O|  |TS  1|AC  0|TAMS 0x00000006c1400000, 0x00000006c1400000|
|   7|0x00000006c1500000, 0x00000006c1600000, 0x00000006c1600000|100%| O|  |TS  1|AC  0|TAMS 0x00000006c1500000, 0x00000006c1500000|
|   8|0x00000006c1600000, 0x00000006c1700000, 0x00000006c1700000|100%| O|  |TS  1|AC  0|TAMS 0x00000006c1600000, 0x00000006c1600000|
|   9|0x00000006c1700000, 0x00000006c1800000, 0x00000006c1800000|100%| O|  |TS  1|AC  0|TAMS 0x00000006c1700000, 0x00000006c1700000|
|  10|0x00000006c1800000, 0x00000006c1900000, 0x00000006c1900000|100%| O|  |TS  1|AC  0|TAMS 0x00000006c1800000, 0x00000006c1800000|
|  11|0x00000006c1900000, 0x00000006c1a00000, 0x00000006c1a00000|100%| O|  |TS  1|AC  0|TAMS 0x00000006c1900000, 0x00000006c1900000|
|  12|0x00000006c1a00000, 0x00000006c1b00000, 0x00000006c1b00000|100%| O|  |TS  1|AC  0|TAMS 0x00000006c1a00000, 0x00000006c1a00000|
|  13|0x00000006c1b00000, 0x00000006c1c00000, 0x00000006c1c00000|100%| O|  |TS  1|AC  0|TAMS 0x00000006c1b00000, 0x00000006c1b00000|
|  14|0x00000006c1c00000, 0x00000006c1d00000, 0x00000006c1d00000|100%| O|  |TS  1|AC  0|TAMS 0x00000006c1c00000, 0x00000006c1c00000|
|  15|0x00000006c1d00000, 0x00000006c1e00000, 0x00000006c1e00000|100%| O|  |TS  2|AC  0|TAMS 0x00000006c1d00000, 0x00000006c1d00000|
|  16|0x00000006c1e00000, 0x00000006c1f00000, 0x00000006c1f00000|100%| O|  |TS  2|AC  0|TAMS 0x00000006c1e00000, 0x00000006c1e00000|
|  17|0x00000006c1f00000, 0x00000006c2000000, 0x00000006c2000000|100%| O|  |TS  2|AC  0|TAMS 0x00000006c1f00000, 0x00000006c1f00000|
|  18|0x00000006c2000000, 0x00000006c2100000, 0x00000006c2100000|100%| O|  |TS  2|AC  0|TAMS 0x00000006c2000000, 0x00000006c2000000|
|  19|0x00000006c2100000, 0x00000006c2200000, 0x00000006c2200000|100%| O|  |TS  2|AC  0|TAMS 0x00000006c2100000, 0x00000006c2100000|
|  20|0x00000006c2200000, 0x00000006c2300000, 0x00000006c2300000|100%| O|  |TS  2|AC  0|TAMS 0x00000006c2200000, 0x00000006c2200000|
|  21|0x00000006c2300000, 0x00000006c2400000, 0x00000006c2400000|100%| O|  |TS  2|AC  0|TAMS 0x00000006c2300000, 0x00000006c2300000|
|  22|0x00000006c2400000, 0x00000006c2500000, 0x00000006c2500000|100%| O|  |TS  2|AC  0|TAMS 0x00000006c2400000, 0x00000006c2400000|
|  23|0x00000006c2500000, 0x00000006c2600000, 0x00000006c2600000|100%| O|  |TS  2|AC  0|TAMS 0x00000006c2500000, 0x00000006c2500000|
|  24|0x00000006c2600000, 0x00000006c2700000, 0x00000006c2700000|100%| O|  |TS  3|AC  0|TAMS 0x00000006c2600000, 0x00000006c2600000|
|  25|0x00000006c2700000, 0x00000006c2800000, 0x00000006c2800000|100%|HS|  |TS  0|AC  0|TAMS 0x00000006c2700000, 0x00000006c2700000|
|  26|0x00000006c2800000, 0x00000006c2900000, 0x00000006c2900000|100%| O|  |TS  3|AC  0|TAMS 0x00000006c2800000, 0x00000006c2800000|
|  27|0x00000006c2900000, 0x00000006c2a00000, 0x00000006c2a00000|100%| O|  |TS  3|AC  0|TAMS 0x00000006c2900000, 0x00000006c2900000|
|  28|0x00000006c2a00000, 0x00000006c2b00000, 0x00000006c2b00000|100%| O|  |TS  3|AC  0|TAMS 0x00000006c2a00000, 0x00000006c2a00000|
|  29|0x00000006c2b00000, 0x00000006c2c00000, 0x00000006c2c00000|100%| O|  |TS  3|AC  0|TAMS 0x00000006c2b00000, 0x00000006c2b00000|
|  30|0x00000006c2c00000, 0x00000006c2d00000, 0x00000006c2d00000|100%| O|  |TS  3|AC  0|TAMS 0x00000006c2c00000, 0x00000006c2c00000|
|  31|0x00000006c2d00000, 0x00000006c2e00000, 0x00000006c2e00000|100%| O|  |TS  3|AC  0|TAMS 0x00000006c2d00000, 0x00000006c2d00000|
|  32|0x00000006c2e00000, 0x00000006c2f00000, 0x00000006c2f00000|100%| O|  |TS  3|AC  0|TAMS 0x00000006c2e00000, 0x00000006c2e00000|
|  33|0x00000006c2f00000, 0x00000006c3000000, 0x00000006c3000000|100%| O|  |TS  3|AC  0|TAMS 0x00000006c2f00000, 0x00000006c2f00000|
|  34|0x00000006c3000000, 0x00000006c3100000, 0x00000006c3100000|100%| O|  |TS  3|AC  0|TAMS 0x00000006c3000000, 0x00000006c3000000|
|  35|0x00000006c3100000, 0x00000006c3200000, 0x00000006c3200000|100%| O|  |TS  3|AC  0|TAMS 0x00000006c3100000, 0x00000006c3100000|
|  36|0x00000006c3200000, 0x00000006c3300000, 0x00000006c3300000|100%| O|  |TS  3|AC  0|TAMS 0x00000006c3200000, 0x00000006c3200000|
|  37|0x00000006c3300000, 0x00000006c3400000, 0x00000006c3400000|100%| O|  |TS  3|AC  0|TAMS 0x00000006c3300000, 0x00000006c3300000|
|  38|0x00000006c3400000, 0x00000006c3500000, 0x00000006c3500000|100%| O|  |TS  3|AC  0|TAMS 0x00000006c3400000, 0x00000006c3400000|
|  39|0x00000006c3500000, 0x00000006c3600000, 0x00000006c3600000|100%| O|  |TS  3|AC  0|TAMS 0x00000006c3500000, 0x00000006c3500000|
|  40|0x00000006c3600000, 0x00000006c3700000, 0x00000006c3700000|100%| O|  |TS  3|AC  0|TAMS 0x00000006c3600000, 0x00000006c3600000|
|  41|0x00000006c3700000, 0x00000006c3800000, 0x00000006c3800000|100%| O|  |TS  3|AC  0|TAMS 0x00000006c3700000, 0x00000006c3700000|
|  42|0x00000006c3800000, 0x00000006c3900000, 0x00000006c3900000|100%| O|  |TS  3|AC  0|TAMS 0x00000006c3800000, 0x00000006c3800000|
|  43|0x00000006c3900000, 0x00000006c3a00000, 0x00000006c3a00000|100%| O|  |TS  3|AC  0|TAMS 0x00000006c3900000, 0x00000006c3900000|
|  44|0x00000006c3a00000, 0x00000006c3b00000, 0x00000006c3b00000|100%| O|  |TS  3|AC  0|TAMS 0x00000006c3a00000, 0x00000006c3a00000|
|  45|0x00000006c3b00000, 0x00000006c3c00000, 0x00000006c3c00000|100%| O|  |TS  3|AC  0|TAMS 0x00000006c3b00000, 0x00000006c3b00000|
|  46|0x00000006c3c00000, 0x00000006c3d00000, 0x00000006c3d00000|100%| O|  |TS  3|AC  0|TAMS 0x00000006c3c00000, 0x00000006c3c00000|
|  47|0x00000006c3d00000, 0x00000006c3e00000, 0x00000006c3e00000|100%| O|  |TS  3|AC  0|TAMS 0x00000006c3d00000, 0x00000006c3d00000|
|  48|0x00000006c3e00000, 0x00000006c3f00000, 0x00000006c3f00000|100%| O|  |TS  3|AC  0|TAMS 0x00000006c3e00000, 0x00000006c3e00000|
|  49|0x00000006c3f00000, 0x00000006c4000000, 0x00000006c4000000|100%| O|  |TS  4|AC  0|TAMS 0x00000006c3f00000, 0x00000006c3f00000|
|  50|0x00000006c4000000, 0x00000006c4100000, 0x00000006c4100000|100%| O|  |TS  4|AC  0|TAMS 0x00000006c4000000, 0x00000006c4000000|
|  51|0x00000006c4100000, 0x00000006c4200000, 0x00000006c4200000|100%| O|  |TS  4|AC  0|TAMS 0x00000006c4100000, 0x00000006c4100000|
|  52|0x00000006c4200000, 0x00000006c4300000, 0x00000006c4300000|100%| O|  |TS  4|AC  0|TAMS 0x00000006c4200000, 0x00000006c4200000|
|  53|0x00000006c4300000, 0x00000006c4400000, 0x00000006c4400000|100%| O|  |TS  4|AC  0|TAMS 0x00000006c4300000, 0x00000006c4300000|
|  54|0x00000006c4400000, 0x00000006c4500000, 0x00000006c4500000|100%| O|  |TS  4|AC  0|TAMS 0x00000006c4400000, 0x00000006c4400000|
|  55|0x00000006c4500000, 0x00000006c4600000, 0x00000006c4600000|100%| O|  |TS  4|AC  0|TAMS 0x00000006c4500000, 0x00000006c4500000|
|  56|0x00000006c4600000, 0x00000006c4700000, 0x00000006c4700000|100%| O|  |TS  4|AC  0|TAMS 0x00000006c4600000, 0x00000006c4600000|
|  57|0x00000006c4700000, 0x00000006c4800000, 0x00000006c4800000|100%| O|  |TS  4|AC  0|TAMS 0x00000006c4700000, 0x00000006c4700000|
|  58|0x00000006c4800000, 0x00000006c4900000, 0x00000006c4900000|100%| O|  |TS  4|AC  0|TAMS 0x00000006c4800000, 0x00000006c4800000|
|  59|0x00000006c4900000, 0x00000006c4a00000, 0x00000006c4a00000|100%| O|  |TS  4|AC  0|TAMS 0x00000006c4900000, 0x00000006c4900000|
|  60|0x00000006c4a00000, 0x00000006c4b00000, 0x00000006c4b00000|100%| O|  |TS  4|AC  0|TAMS 0x00000006c4a00000, 0x00000006c4a00000|
|  61|0x00000006c4b00000, 0x00000006c4c00000, 0x00000006c4c00000|100%| O|  |TS  4|AC  0|TAMS 0x00000006c4b00000, 0x00000006c4b00000|
|  62|0x00000006c4c00000, 0x00000006c4d00000, 0x00000006c4d00000|100%| O|  |TS  4|AC  0|TAMS 0x00000006c4c00000, 0x00000006c4c00000|
|  63|0x00000006c4d00000, 0x00000006c4e00000, 0x00000006c4e00000|100%| O|  |TS  4|AC  0|TAMS 0x00000006c4d00000, 0x00000006c4d00000|
|  64|0x00000006c4e00000, 0x00000006c4f00000, 0x00000006c4f00000|100%| O|  |TS  4|AC  0|TAMS 0x00000006c4e00000, 0x00000006c4e00000|
|  65|0x00000006c4f00000, 0x00000006c5000000, 0x00000006c5000000|100%| O|  |TS  4|AC  0|TAMS 0x00000006c4f00000, 0x00000006c4f00000|
|  66|0x00000006c5000000, 0x00000006c5100000, 0x00000006c5100000|100%| O|  |TS  4|AC  0|TAMS 0x00000006c5000000, 0x00000006c5000000|
|  67|0x00000006c5100000, 0x00000006c5200000, 0x00000006c5200000|100%| O|  |TS  5|AC  0|TAMS 0x00000006c5100000, 0x00000006c5100000|
|  68|0x00000006c5200000, 0x00000006c5300000, 0x00000006c5300000|100%| O|  |TS  5|AC  0|TAMS 0x00000006c5200000, 0x00000006c5200000|
|  69|0x00000006c5300000, 0x00000006c5400000, 0x00000006c5400000|100%| O|  |TS  5|AC  0|TAMS 0x00000006c5300000, 0x00000006c5300000|
|  70|0x00000006c5400000, 0x00000006c5500000, 0x00000006c5500000|100%| O|  |TS  5|AC  0|TAMS 0x00000006c5400000, 0x00000006c5400000|
|  71|0x00000006c5500000, 0x00000006c5600000, 0x00000006c5600000|100%| O|  |TS  5|AC  0|TAMS 0x00000006c5500000, 0x00000006c5500000|
|  72|0x00000006c5600000, 0x00000006c5700000, 0x00000006c5700000|100%| O|  |TS  5|AC  0|TAMS 0x00000006c5600000, 0x00000006c5600000|
|  73|0x00000006c5700000, 0x00000006c5800000, 0x00000006c5800000|100%| O|  |TS  5|AC  0|TAMS 0x00000006c5700000, 0x00000006c5700000|
|  74|0x00000006c5800000, 0x00000006c5900000, 0x00000006c5900000|100%| O|  |TS  5|AC  0|TAMS 0x00000006c5800000, 0x00000006c5800000|
|  75|0x00000006c5900000, 0x00000006c5a00000, 0x00000006c5a00000|100%| O|  |TS  5|AC  0|TAMS 0x00000006c5900000, 0x00000006c5900000|
|  76|0x00000006c5a00000, 0x00000006c5b00000, 0x00000006c5b00000|100%| O|  |TS  5|AC  0|TAMS 0x00000006c5a00000, 0x00000006c5a00000|
|  77|0x00000006c5b00000, 0x00000006c5c00000, 0x00000006c5c00000|100%| O|  |TS  5|AC  0|TAMS 0x00000006c5b00000, 0x00000006c5b00000|
|  78|0x00000006c5c00000, 0x00000006c5d00000, 0x00000006c5d00000|100%| O|  |TS  5|AC  0|TAMS 0x00000006c5c00000, 0x00000006c5c00000|
|  79|0x00000006c5d00000, 0x00000006c5e00000, 0x00000006c5e00000|100%| O|  |TS  5|AC  0|TAMS 0x00000006c5d00000, 0x00000006c5d00000|
|  80|0x00000006c5e00000, 0x00000006c5f00000, 0x00000006c5f00000|100%| O|  |TS  5|AC  0|TAMS 0x00000006c5e00000, 0x00000006c5e00000|
|  81|0x00000006c5f00000, 0x00000006c6000000, 0x00000006c6000000|100%| O|  |TS  5|AC  0|TAMS 0x00000006c5f00000, 0x00000006c5f00000|
|  82|0x00000006c6000000, 0x00000006c6100000, 0x00000006c6100000|100%| O|  |TS  6|AC  0|TAMS 0x00000006c6000000, 0x00000006c6000000|
|  83|0x00000006c6100000, 0x00000006c6200000, 0x00000006c6200000|100%| O|  |TS  6|AC  0|TAMS 0x00000006c6100000, 0x00000006c6100000|
|  84|0x00000006c6200000, 0x00000006c6300000, 0x00000006c6300000|100%| O|  |TS  6|AC  0|TAMS 0x00000006c6200000, 0x00000006c6200000|
|  85|0x00000006c6300000, 0x00000006c6400000, 0x00000006c6400000|100%| O|  |TS  6|AC  0|TAMS 0x00000006c6300000, 0x00000006c6300000|
|  86|0x00000006c6400000, 0x00000006c6500000, 0x00000006c6500000|100%| O|  |TS  6|AC  0|TAMS 0x00000006c6400000, 0x00000006c6400000|
|  87|0x00000006c6500000, 0x00000006c6600000, 0x00000006c6600000|100%| O|  |TS  6|AC  0|TAMS 0x00000006c6500000, 0x00000006c6500000|
|  88|0x00000006c6600000, 0x00000006c6700000, 0x00000006c6700000|100%| O|  |TS  6|AC  0|TAMS 0x00000006c6600000, 0x00000006c6600000|
|  89|0x00000006c6700000, 0x00000006c6800000, 0x00000006c6800000|100%| O|  |TS  6|AC  0|TAMS 0x00000006c6700000, 0x00000006c6700000|
|  90|0x00000006c6800000, 0x00000006c6900000, 0x00000006c6900000|100%| O|  |TS  6|AC  0|TAMS 0x00000006c6800000, 0x00000006c6800000|
|  91|0x00000006c6900000, 0x00000006c6a00000, 0x00000006c6a00000|100%| O|  |TS  6|AC  0|TAMS 0x00000006c6900000, 0x00000006c6900000|
|  92|0x00000006c6a00000, 0x00000006c6b00000, 0x00000006c6b00000|100%| O|  |TS  6|AC  0|TAMS 0x00000006c6a00000, 0x00000006c6a00000|
|  93|0x00000006c6b00000, 0x00000006c6c00000, 0x00000006c6c00000|100%| O|  |TS  6|AC  0|TAMS 0x00000006c6b00000, 0x00000006c6b00000|
|  94|0x00000006c6c00000, 0x00000006c6d00000, 0x00000006c6d00000|100%| O|  |TS  6|AC  0|TAMS 0x00000006c6c00000, 0x00000006c6c00000|
|  95|0x00000006c6d00000, 0x00000006c6dafa00, 0x00000006c6e00000| 68%| O|  |TS  6|AC  0|TAMS 0x00000006c6d00000, 0x00000006c6d00000|
|  96|0x00000006c6e00000, 0x00000006c6e00000, 0x00000006c6f00000|  0%| F|  |TS  4|AC  0|TAMS 0x00000006c6e00000, 0x00000006c6e00000|
|  97|0x00000006c6f00000, 0x00000006c6f00000, 0x00000006c7000000|  0%| F|  |TS  4|AC  0|TAMS 0x00000006c6f00000, 0x00000006c6f00000|
|  98|0x00000006c7000000, 0x00000006c7000000, 0x00000006c7100000|  0%| F|  |TS  4|AC  0|TAMS 0x00000006c7000000, 0x00000006c7000000|
|  99|0x00000006c7100000, 0x00000006c7100000, 0x00000006c7200000|  0%| F|  |TS  4|AC  0|TAMS 0x00000006c7100000, 0x00000006c7100000|
| 100|0x00000006c7200000, 0x00000006c7200000, 0x00000006c7300000|  0%| F|  |TS  4|AC  0|TAMS 0x00000006c7200000, 0x00000006c7200000|
| 101|0x00000006c7300000, 0x00000006c7300000, 0x00000006c7400000|  0%| F|  |TS  4|AC  0|TAMS 0x00000006c7300000, 0x00000006c7300000|
| 102|0x00000006c7400000, 0x00000006c7400000, 0x00000006c7500000|  0%| F|  |TS  4|AC  0|TAMS 0x00000006c7400000, 0x00000006c7400000|
| 103|0x00000006c7500000, 0x00000006c7500000, 0x00000006c7600000|  0%| F|  |TS  4|AC  0|TAMS 0x00000006c7500000, 0x00000006c7500000|
| 104|0x00000006c7600000, 0x00000006c7600000, 0x00000006c7700000|  0%| F|  |TS  4|AC  0|TAMS 0x00000006c7600000, 0x00000006c7600000|
| 105|0x00000006c7700000, 0x00000006c7700000, 0x00000006c7800000|  0%| F|  |TS  4|AC  0|TAMS 0x00000006c7700000, 0x00000006c7700000|
| 106|0x00000006c7800000, 0x00000006c7800000, 0x00000006c7900000|  0%| F|  |TS  4|AC  0|TAMS 0x00000006c7800000, 0x00000006c7800000|
| 107|0x00000006c7900000, 0x00000006c7900000, 0x00000006c7a00000|  0%| F|  |TS  4|AC  0|TAMS 0x00000006c7900000, 0x00000006c7900000|
| 108|0x00000006c7a00000, 0x00000006c7a00000, 0x00000006c7b00000|  0%| F|  |TS  4|AC  0|TAMS 0x00000006c7a00000, 0x00000006c7a00000|
| 109|0x00000006c7b00000, 0x00000006c7b00000, 0x00000006c7c00000|  0%| F|  |TS  4|AC  0|TAMS 0x00000006c7b00000, 0x00000006c7b00000|
| 110|0x00000006c7c00000, 0x00000006c7c00000, 0x00000006c7d00000|  0%| F|  |TS  3|AC  0|TAMS 0x00000006c7c00000, 0x00000006c7c00000|
| 111|0x00000006c7d00000, 0x00000006c7d00000, 0x00000006c7e00000|  0%| F|  |TS  3|AC  0|TAMS 0x00000006c7d00000, 0x00000006c7d00000|
| 112|0x00000006c7e00000, 0x00000006c7e00000, 0x00000006c7f00000|  0%| F|  |TS  3|AC  0|TAMS 0x00000006c7e00000, 0x00000006c7e00000|
| 113|0x00000006c7f00000, 0x00000006c7f00000, 0x00000006c8000000|  0%| F|  |TS  3|AC  0|TAMS 0x00000006c7f00000, 0x00000006c7f00000|
| 114|0x00000006c8000000, 0x00000006c8000000, 0x00000006c8100000|  0%| F|  |TS  3|AC  0|TAMS 0x00000006c8000000, 0x00000006c8000000|
| 115|0x00000006c8100000, 0x00000006c8100000, 0x00000006c8200000|  0%| F|  |TS  3|AC  0|TAMS 0x00000006c8100000, 0x00000006c8100000|
| 116|0x00000006c8200000, 0x00000006c8200000, 0x00000006c8300000|  0%| F|  |TS  3|AC  0|TAMS 0x00000006c8200000, 0x00000006c8200000|
| 117|0x00000006c8300000, 0x00000006c8300000, 0x00000006c8400000|  0%| F|  |TS  3|AC  0|TAMS 0x00000006c8300000, 0x00000006c8300000|
| 118|0x00000006c8400000, 0x00000006c8400000, 0x00000006c8500000|  0%| F|  |TS  3|AC  0|TAMS 0x00000006c8400000, 0x00000006c8400000|
| 119|0x00000006c8500000, 0x00000006c8500000, 0x00000006c8600000|  0%| F|  |TS  3|AC  0|TAMS 0x00000006c8500000, 0x00000006c8500000|
| 120|0x00000006c8600000, 0x00000006c8600000, 0x00000006c8700000|  0%| F|  |TS  3|AC  0|TAMS 0x00000006c8600000, 0x00000006c8600000|
| 121|0x00000006c8700000, 0x00000006c8700000, 0x00000006c8800000|  0%| F|  |TS  3|AC  0|TAMS 0x00000006c8700000, 0x00000006c8700000|
| 122|0x00000006c8800000, 0x00000006c8800000, 0x00000006c8900000|  0%| F|  |TS  3|AC  0|TAMS 0x00000006c8800000, 0x00000006c8800000|
| 123|0x00000006c8900000, 0x00000006c8900000, 0x00000006c8a00000|  0%| F|  |TS  3|AC  0|TAMS 0x00000006c8900000, 0x00000006c8900000|
| 124|0x00000006c8a00000, 0x00000006c8a00000, 0x00000006c8b00000|  0%| F|  |TS  3|AC  0|TAMS 0x00000006c8a00000, 0x00000006c8a00000|
| 125|0x00000006c8b00000, 0x00000006c8b00000, 0x00000006c8c00000|  0%| F|  |TS  3|AC  0|TAMS 0x00000006c8b00000, 0x00000006c8b00000|
| 126|0x00000006c8c00000, 0x00000006c8c00000, 0x00000006c8d00000|  0%| F|  |TS  3|AC  0|TAMS 0x00000006c8c00000, 0x00000006c8c00000|
| 127|0x00000006c8d00000, 0x00000006c8d00000, 0x00000006c8e00000|  0%| F|  |TS  3|AC  0|TAMS 0x00000006c8d00000, 0x00000006c8d00000|
| 128|0x00000006c8e00000, 0x00000006c8e00000, 0x00000006c8f00000|  0%| F|  |TS  3|AC  0|TAMS 0x00000006c8e00000, 0x00000006c8e00000|
| 129|0x00000006c8f00000, 0x00000006c8f00000, 0x00000006c9000000|  0%| F|  |TS  3|AC  0|TAMS 0x00000006c8f00000, 0x00000006c8f00000|
| 130|0x00000006c9000000, 0x00000006c9000000, 0x00000006c9100000|  0%| F|  |TS  3|AC  0|TAMS 0x00000006c9000000, 0x00000006c9000000|
| 131|0x00000006c9100000, 0x00000006c9100000, 0x00000006c9200000|  0%| F|  |TS  3|AC  0|TAMS 0x00000006c9100000, 0x00000006c9100000|
| 132|0x00000006c9200000, 0x00000006c9200000, 0x00000006c9300000|  0%| F|  |TS  3|AC  0|TAMS 0x00000006c9200000, 0x00000006c9200000|
| 133|0x00000006c9300000, 0x00000006c9300000, 0x00000006c9400000|  0%| F|  |TS  3|AC  0|TAMS 0x00000006c9300000, 0x00000006c9300000|
| 134|0x00000006c9400000, 0x00000006c9400000, 0x00000006c9500000|  0%| F|  |TS  3|AC  0|TAMS 0x00000006c9400000, 0x00000006c9400000|
| 135|0x00000006c9500000, 0x00000006c9500000, 0x00000006c9600000|  0%| F|  |TS  3|AC  0|TAMS 0x00000006c9500000, 0x00000006c9500000|
| 136|0x00000006c9600000, 0x00000006c9600000, 0x00000006c9700000|  0%| F|  |TS  6|AC  0|TAMS 0x00000006c9600000, 0x00000006c9600000|
| 137|0x00000006c9700000, 0x00000006c9700000, 0x00000006c9800000|  0%| F|  |TS  5|AC  0|TAMS 0x00000006c9700000, 0x00000006c9700000|
| 138|0x00000006c9800000, 0x00000006c9800000, 0x00000006c9900000|  0%| F|  |TS  5|AC  0|TAMS 0x00000006c9800000, 0x00000006c9800000|
| 139|0x00000006c9900000, 0x00000006c9900000, 0x00000006c9a00000|  0%| F|  |TS  5|AC  0|TAMS 0x00000006c9900000, 0x00000006c9900000|
| 140|0x00000006c9a00000, 0x00000006c9a00000, 0x00000006c9b00000|  0%| F|  |TS  5|AC  0|TAMS 0x00000006c9a00000, 0x00000006c9a00000|
| 141|0x00000006c9b00000, 0x00000006c9b00000, 0x00000006c9c00000|  0%| F|  |TS  5|AC  0|TAMS 0x00000006c9b00000, 0x00000006c9b00000|
| 142|0x00000006c9c00000, 0x00000006c9c00000, 0x00000006c9d00000|  0%| F|  |TS  5|AC  0|TAMS 0x00000006c9c00000, 0x00000006c9c00000|
| 143|0x00000006c9d00000, 0x00000006c9d00000, 0x00000006c9e00000|  0%| F|  |TS  5|AC  0|TAMS 0x00000006c9d00000, 0x00000006c9d00000|
| 144|0x00000006c9e00000, 0x00000006c9e00000, 0x00000006c9f00000|  0%| F|  |TS  5|AC  0|TAMS 0x00000006c9e00000, 0x00000006c9e00000|
| 145|0x00000006c9f00000, 0x00000006c9f00000, 0x00000006ca000000|  0%| F|  |TS  5|AC  0|TAMS 0x00000006c9f00000, 0x00000006c9f00000|
| 146|0x00000006ca000000, 0x00000006ca000000, 0x00000006ca100000|  0%| F|  |TS  5|AC  0|TAMS 0x00000006ca000000, 0x00000006ca000000|
| 147|0x00000006ca100000, 0x00000006ca100000, 0x00000006ca200000|  0%| F|  |TS  5|AC  0|TAMS 0x00000006ca100000, 0x00000006ca100000|
| 148|0x00000006ca200000, 0x00000006ca200000, 0x00000006ca300000|  0%| F|  |TS  5|AC  0|TAMS 0x00000006ca200000, 0x00000006ca200000|
| 149|0x00000006ca300000, 0x00000006ca300000, 0x00000006ca400000|  0%| F|  |TS  5|AC  0|TAMS 0x00000006ca300000, 0x00000006ca300000|
| 150|0x00000006ca400000, 0x00000006ca500000, 0x00000006ca500000|100%| S|CS|TS  6|AC  0|TAMS 0x00000006ca400000, 0x00000006ca400000|
| 151|0x00000006ca500000, 0x00000006ca600000, 0x00000006ca600000|100%| S|CS|TS  6|AC  0|TAMS 0x00000006ca500000, 0x00000006ca500000|
| 152|0x00000006ca600000, 0x00000006ca700000, 0x00000006ca700000|100%| S|CS|TS  6|AC  0|TAMS 0x00000006ca600000, 0x00000006ca600000|
| 153|0x00000006ca700000, 0x00000006ca700000, 0x00000006ca800000|  0%| F|  |TS  6|AC  0|TAMS 0x00000006ca700000, 0x00000006ca700000|
| 154|0x00000006ca800000, 0x00000006ca800000, 0x00000006ca900000|  0%| F|  |TS  6|AC  0|TAMS 0x00000006ca800000, 0x00000006ca800000|
| 155|0x00000006ca900000, 0x00000006ca900000, 0x00000006caa00000|  0%| F|  |TS  6|AC  0|TAMS 0x00000006ca900000, 0x00000006ca900000|
| 156|0x00000006caa00000, 0x00000006caa00000, 0x00000006cab00000|  0%| F|  |TS  6|AC  0|TAMS 0x00000006caa00000, 0x00000006caa00000|
| 157|0x00000006cab00000, 0x00000006cab00000, 0x00000006cac00000|  0%| F|  |TS  6|AC  0|TAMS 0x00000006cab00000, 0x00000006cab00000|
| 158|0x00000006cac00000, 0x00000006cac00000, 0x00000006cad00000|  0%| F|  |TS  6|AC  0|TAMS 0x00000006cac00000, 0x00000006cac00000|
| 159|0x00000006cad00000, 0x00000006cad00000, 0x00000006cae00000|  0%| F|  |TS  6|AC  0|TAMS 0x00000006cad00000, 0x00000006cad00000|
| 160|0x00000006cae00000, 0x00000006cae00000, 0x00000006caf00000|  0%| F|  |TS  6|AC  0|TAMS 0x00000006cae00000, 0x00000006cae00000|
| 161|0x00000006caf00000, 0x00000006caf00000, 0x00000006cb000000|  0%| F|  |TS  6|AC  0|TAMS 0x00000006caf00000, 0x00000006caf00000|
| 162|0x00000006cb000000, 0x00000006cb000000, 0x00000006cb100000|  0%| F|  |TS  6|AC  0|TAMS 0x00000006cb000000, 0x00000006cb000000|
| 163|0x00000006cb100000, 0x00000006cb100000, 0x00000006cb200000|  0%| F|  |TS  6|AC  0|TAMS 0x00000006cb100000, 0x00000006cb100000|
| 164|0x00000006cb200000, 0x00000006cb200000, 0x00000006cb300000|  0%| F|  |TS  6|AC  0|TAMS 0x00000006cb200000, 0x00000006cb200000|
| 165|0x00000006cb300000, 0x00000006cb300000, 0x00000006cb400000|  0%| F|  |TS  6|AC  0|TAMS 0x00000006cb300000, 0x00000006cb300000|
| 166|0x00000006cb400000, 0x00000006cb500000, 0x00000006cb500000|100%| S|CS|TS  6|AC  0|TAMS 0x00000006cb400000, 0x00000006cb400000|
| 167|0x00000006cb500000, 0x00000006cb600000, 0x00000006cb600000|100%| S|CS|TS  6|AC  0|TAMS 0x00000006cb500000, 0x00000006cb500000|
| 168|0x00000006cb600000, 0x00000006cb700000, 0x00000006cb700000|100%| S|CS|TS  6|AC  0|TAMS 0x00000006cb600000, 0x00000006cb600000|
| 169|0x00000006cb700000, 0x00000006cb800000, 0x00000006cb800000|100%| S|CS|TS  6|AC  0|TAMS 0x00000006cb700000, 0x00000006cb700000|
| 170|0x00000006cb800000, 0x00000006cb900000, 0x00000006cb900000|100%| S|CS|TS  6|AC  0|TAMS 0x00000006cb800000, 0x00000006cb800000|
| 171|0x00000006cb900000, 0x00000006cba00000, 0x00000006cba00000|100%| S|CS|TS  6|AC  0|TAMS 0x00000006cb900000, 0x00000006cb900000|
| 172|0x00000006cba00000, 0x00000006cbb00000, 0x00000006cbb00000|100%| S|CS|TS  6|AC  0|TAMS 0x00000006cba00000, 0x00000006cba00000|
| 173|0x00000006cbb00000, 0x00000006cbc00000, 0x00000006cbc00000|100%| S|CS|TS  6|AC  0|TAMS 0x00000006cbb00000, 0x00000006cbb00000|
| 174|0x00000006cbc00000, 0x00000006cbd00000, 0x00000006cbd00000|100%| S|CS|TS  6|AC  0|TAMS 0x00000006cbc00000, 0x00000006cbc00000|
| 175|0x00000006cbd00000, 0x00000006cbd00000, 0x00000006cbe00000|  0%| F|  |TS  6|AC  0|TAMS 0x00000006cbd00000, 0x00000006cbd00000|
| 176|0x00000006cbe00000, 0x00000006cbe00000, 0x00000006cbf00000|  0%| F|  |TS  6|AC  0|TAMS 0x00000006cbe00000, 0x00000006cbe00000|
| 177|0x00000006cbf00000, 0x00000006cbf00000, 0x00000006cc000000|  0%| F|  |TS  6|AC  0|TAMS 0x00000006cbf00000, 0x00000006cbf00000|
| 178|0x00000006cc000000, 0x00000006cc000000, 0x00000006cc100000|  0%| F|  |TS  6|AC  0|TAMS 0x00000006cc000000, 0x00000006cc000000|
| 179|0x00000006cc100000, 0x00000006cc100000, 0x00000006cc200000|  0%| F|  |TS  6|AC  0|TAMS 0x00000006cc100000, 0x00000006cc100000|
| 180|0x00000006cc200000, 0x00000006cc200000, 0x00000006cc300000|  0%| F|  |TS  6|AC  0|TAMS 0x00000006cc200000, 0x00000006cc200000|
| 181|0x00000006cc300000, 0x00000006cc300000, 0x00000006cc400000|  0%| F|  |TS  6|AC  0|TAMS 0x00000006cc300000, 0x00000006cc300000|
| 182|0x00000006cc400000, 0x00000006cc400000, 0x00000006cc500000|  0%| F|  |TS  6|AC  0|TAMS 0x00000006cc400000, 0x00000006cc400000|
| 183|0x00000006cc500000, 0x00000006cc500000, 0x00000006cc600000|  0%| F|  |TS  6|AC  0|TAMS 0x00000006cc500000, 0x00000006cc500000|
| 184|0x00000006cc600000, 0x00000006cc600000, 0x00000006cc700000|  0%| F|  |TS  6|AC  0|TAMS 0x00000006cc600000, 0x00000006cc600000|
| 185|0x00000006cc700000, 0x00000006cc700000, 0x00000006cc800000|  0%| F|  |TS  6|AC  0|TAMS 0x00000006cc700000, 0x00000006cc700000|
| 186|0x00000006cc800000, 0x00000006cc800000, 0x00000006cc900000|  0%| F|  |TS  6|AC  0|TAMS 0x00000006cc800000, 0x00000006cc800000|
| 187|0x00000006cc900000, 0x00000006cc900000, 0x00000006cca00000|  0%| F|  |TS  6|AC  0|TAMS 0x00000006cc900000, 0x00000006cc900000|
| 188|0x00000006cca00000, 0x00000006cca00000, 0x00000006ccb00000|  0%| F|  |TS  6|AC  0|TAMS 0x00000006cca00000, 0x00000006cca00000|
| 189|0x00000006ccb00000, 0x00000006ccb00000, 0x00000006ccc00000|  0%| F|  |TS  6|AC  0|TAMS 0x00000006ccb00000, 0x00000006ccb00000|
| 190|0x00000006ccc00000, 0x00000006ccc00000, 0x00000006ccd00000|  0%| F|  |TS  6|AC  0|TAMS 0x00000006ccc00000, 0x00000006ccc00000|
| 191|0x00000006ccd00000, 0x00000006ccd00000, 0x00000006cce00000|  0%| F|  |TS  6|AC  0|TAMS 0x00000006ccd00000, 0x00000006ccd00000|
| 192|0x00000006cce00000, 0x00000006cce00000, 0x00000006ccf00000|  0%| F|  |TS  6|AC  0|TAMS 0x00000006cce00000, 0x00000006cce00000|
| 193|0x00000006ccf00000, 0x00000006ccf00000, 0x00000006cd000000|  0%| F|  |TS  6|AC  0|TAMS 0x00000006ccf00000, 0x00000006ccf00000|
| 194|0x00000006cd000000, 0x00000006cd000000, 0x00000006cd100000|  0%| F|  |TS  6|AC  0|TAMS 0x00000006cd000000, 0x00000006cd000000|
| 195|0x00000006cd100000, 0x00000006cd100000, 0x00000006cd200000|  0%| F|  |TS  6|AC  0|TAMS 0x00000006cd100000, 0x00000006cd100000|
| 196|0x00000006cd200000, 0x00000006cd200000, 0x00000006cd300000|  0%| F|  |TS  6|AC  0|TAMS 0x00000006cd200000, 0x00000006cd200000|
| 197|0x00000006cd300000, 0x00000006cd300000, 0x00000006cd400000|  0%| F|  |TS  6|AC  0|TAMS 0x00000006cd300000, 0x00000006cd300000|
| 198|0x00000006cd400000, 0x00000006cd400000, 0x00000006cd500000|  0%| F|  |TS  6|AC  0|TAMS 0x00000006cd400000, 0x00000006cd400000|
| 199|0x00000006cd500000, 0x00000006cd500000, 0x00000006cd600000|  0%| F|  |TS  6|AC  0|TAMS 0x00000006cd500000, 0x00000006cd500000|
| 200|0x00000006cd600000, 0x00000006cd600000, 0x00000006cd700000|  0%| F|  |TS  6|AC  0|TAMS 0x00000006cd600000, 0x00000006cd600000|
| 201|0x00000006cd700000, 0x00000006cd700000, 0x00000006cd800000|  0%| F|  |TS  6|AC  0|TAMS 0x00000006cd700000, 0x00000006cd700000|
| 202|0x00000006cd800000, 0x00000006cd800000, 0x00000006cd900000|  0%| F|  |TS  6|AC  0|TAMS 0x00000006cd800000, 0x00000006cd800000|
| 203|0x00000006cd900000, 0x00000006cd900000, 0x00000006cda00000|  0%| F|  |TS  6|AC  0|TAMS 0x00000006cd900000, 0x00000006cd900000|
| 204|0x00000006cda00000, 0x00000006cda00000, 0x00000006cdb00000|  0%| F|  |TS  6|AC  0|TAMS 0x00000006cda00000, 0x00000006cda00000|
| 205|0x00000006cdb00000, 0x00000006cdb00000, 0x00000006cdc00000|  0%| F|  |TS  6|AC  0|TAMS 0x00000006cdb00000, 0x00000006cdb00000|
| 206|0x00000006cdc00000, 0x00000006cdc00000, 0x00000006cdd00000|  0%| F|  |TS  6|AC  0|TAMS 0x00000006cdc00000, 0x00000006cdc00000|
| 207|0x00000006cdd00000, 0x00000006cdd00000, 0x00000006cde00000|  0%| F|  |TS  6|AC  0|TAMS 0x00000006cdd00000, 0x00000006cdd00000|
| 208|0x00000006cde00000, 0x00000006cde00000, 0x00000006cdf00000|  0%| F|  |TS  6|AC  0|TAMS 0x00000006cde00000, 0x00000006cde00000|
| 209|0x00000006cdf00000, 0x00000006cdf00000, 0x00000006ce000000|  0%| F|  |TS  6|AC  0|TAMS 0x00000006cdf00000, 0x00000006cdf00000|
| 210|0x00000006ce000000, 0x00000006ce000000, 0x00000006ce100000|  0%| F|  |TS  6|AC  0|TAMS 0x00000006ce000000, 0x00000006ce000000|
| 211|0x00000006ce100000, 0x00000006ce100000, 0x00000006ce200000|  0%| F|  |TS  6|AC  0|TAMS 0x00000006ce100000, 0x00000006ce100000|
| 212|0x00000006ce200000, 0x00000006ce200000, 0x00000006ce300000|  0%| F|  |TS  6|AC  0|TAMS 0x00000006ce200000, 0x00000006ce200000|
| 213|0x00000006ce300000, 0x00000006ce300000, 0x00000006ce400000|  0%| F|  |TS  6|AC  0|TAMS 0x00000006ce300000, 0x00000006ce300000|
| 214|0x00000006ce400000, 0x00000006ce400000, 0x00000006ce500000|  0%| F|  |TS  6|AC  0|TAMS 0x00000006ce400000, 0x00000006ce400000|
| 215|0x00000006ce500000, 0x00000006ce500000, 0x00000006ce600000|  0%| F|  |TS  6|AC  0|TAMS 0x00000006ce500000, 0x00000006ce500000|
| 216|0x00000006ce600000, 0x00000006ce600000, 0x00000006ce700000|  0%| F|  |TS  6|AC  0|TAMS 0x00000006ce600000, 0x00000006ce600000|
| 217|0x00000006ce700000, 0x00000006ce700000, 0x00000006ce800000|  0%| F|  |TS  6|AC  0|TAMS 0x00000006ce700000, 0x00000006ce700000|
| 218|0x00000006ce800000, 0x00000006ce800000, 0x00000006ce900000|  0%| F|  |TS  6|AC  0|TAMS 0x00000006ce800000, 0x00000006ce800000|
| 219|0x00000006ce900000, 0x00000006ce900000, 0x00000006cea00000|  0%| F|  |TS  6|AC  0|TAMS 0x00000006ce900000, 0x00000006ce900000|
| 220|0x00000006cea00000, 0x00000006cea00000, 0x00000006ceb00000|  0%| F|  |TS  6|AC  0|TAMS 0x00000006cea00000, 0x00000006cea00000|
| 221|0x00000006ceb00000, 0x00000006ceb00000, 0x00000006cec00000|  0%| F|  |TS  6|AC  0|TAMS 0x00000006ceb00000, 0x00000006ceb00000|
| 222|0x00000006cec00000, 0x00000006cec00000, 0x00000006ced00000|  0%| F|  |TS  6|AC  0|TAMS 0x00000006cec00000, 0x00000006cec00000|
| 223|0x00000006ced00000, 0x00000006ced00000, 0x00000006cee00000|  0%| F|  |TS  6|AC  0|TAMS 0x00000006ced00000, 0x00000006ced00000|
| 224|0x00000006cee00000, 0x00000006cee00000, 0x00000006cef00000|  0%| F|  |TS  6|AC  0|TAMS 0x00000006cee00000, 0x00000006cee00000|
| 225|0x00000006cef00000, 0x00000006cef00000, 0x00000006cf000000|  0%| F|  |TS  6|AC  0|TAMS 0x00000006cef00000, 0x00000006cef00000|
| 226|0x00000006cf000000, 0x00000006cf000000, 0x00000006cf100000|  0%| F|  |TS  6|AC  0|TAMS 0x00000006cf000000, 0x00000006cf000000|
| 227|0x00000006cf100000, 0x00000006cf100000, 0x00000006cf200000|  0%| F|  |TS  6|AC  0|TAMS 0x00000006cf100000, 0x00000006cf100000|
| 228|0x00000006cf200000, 0x00000006cf200000, 0x00000006cf300000|  0%| F|  |TS  6|AC  0|TAMS 0x00000006cf200000, 0x00000006cf200000|
| 229|0x00000006cf300000, 0x00000006cf300000, 0x00000006cf400000|  0%| F|  |TS  6|AC  0|TAMS 0x00000006cf300000, 0x00000006cf300000|
| 230|0x00000006cf400000, 0x00000006cf400000, 0x00000006cf500000|  0%| F|  |TS  6|AC  0|TAMS 0x00000006cf400000, 0x00000006cf400000|
| 231|0x00000006cf500000, 0x00000006cf500000, 0x00000006cf600000|  0%| F|  |TS  6|AC  0|TAMS 0x00000006cf500000, 0x00000006cf500000|
| 232|0x00000006cf600000, 0x00000006cf62c4c8, 0x00000006cf700000| 17%| E|  |TS  6|AC  0|TAMS 0x00000006cf600000, 0x00000006cf600000|
| 233|0x00000006cf700000, 0x00000006cf800000, 0x00000006cf800000|100%| E|CS|TS  6|AC  0|TAMS 0x00000006cf700000, 0x00000006cf700000|
| 234|0x00000006cf800000, 0x00000006cf900000, 0x00000006cf900000|100%| E|CS|TS  6|AC  0|TAMS 0x00000006cf800000, 0x00000006cf800000|
| 235|0x00000006cf900000, 0x00000006cfa00000, 0x00000006cfa00000|100%| E|CS|TS  6|AC  0|TAMS 0x00000006cf900000, 0x00000006cf900000|
| 236|0x00000006cfa00000, 0x00000006cfb00000, 0x00000006cfb00000|100%| E|CS|TS  6|AC  0|TAMS 0x00000006cfa00000, 0x00000006cfa00000|
| 237|0x00000006cfb00000, 0x00000006cfc00000, 0x00000006cfc00000|100%| E|CS|TS  6|AC  0|TAMS 0x00000006cfb00000, 0x00000006cfb00000|
| 238|0x00000006cfc00000, 0x00000006cfd00000, 0x00000006cfd00000|100%| E|CS|TS  6|AC  0|TAMS 0x00000006cfc00000, 0x00000006cfc00000|
| 239|0x00000006cfd00000, 0x00000006cfe00000, 0x00000006cfe00000|100%| E|CS|TS  6|AC  0|TAMS 0x00000006cfd00000, 0x00000006cfd00000|
| 240|0x00000006cfe00000, 0x00000006cff00000, 0x00000006cff00000|100%| E|CS|TS  6|AC  0|TAMS 0x00000006cfe00000, 0x00000006cfe00000|
| 241|0x00000006cff00000, 0x00000006d0000000, 0x00000006d0000000|100%| E|CS|TS  6|AC  0|TAMS 0x00000006cff00000, 0x00000006cff00000|
| 242|0x00000006d0000000, 0x00000006d0100000, 0x00000006d0100000|100%| E|CS|TS  6|AC  0|TAMS 0x00000006d0000000, 0x00000006d0000000|
| 243|0x00000006d0100000, 0x00000006d0200000, 0x00000006d0200000|100%| E|CS|TS  6|AC  0|TAMS 0x00000006d0100000, 0x00000006d0100000|
| 244|0x00000006d0200000, 0x00000006d0300000, 0x00000006d0300000|100%| E|CS|TS  6|AC  0|TAMS 0x00000006d0200000, 0x00000006d0200000|
| 245|0x00000006d0300000, 0x00000006d0400000, 0x00000006d0400000|100%| E|CS|TS  6|AC  0|TAMS 0x00000006d0300000, 0x00000006d0300000|
| 246|0x00000006d0400000, 0x00000006d0500000, 0x00000006d0500000|100%| E|CS|TS  6|AC  0|TAMS 0x00000006d0400000, 0x00000006d0400000|
| 247|0x00000006d0500000, 0x00000006d0600000, 0x00000006d0600000|100%| E|CS|TS  6|AC  0|TAMS 0x00000006d0500000, 0x00000006d0500000|
| 248|0x00000006d0600000, 0x00000006d0700000, 0x00000006d0700000|100%| E|CS|TS  6|AC  0|TAMS 0x00000006d0600000, 0x00000006d0600000|
| 249|0x00000006d0700000, 0x00000006d0800000, 0x00000006d0800000|100%| E|CS|TS  6|AC  0|TAMS 0x00000006d0700000, 0x00000006d0700000|
| 250|0x00000006d0800000, 0x00000006d0900000, 0x00000006d0900000|100%| E|CS|TS  6|AC  0|TAMS 0x00000006d0800000, 0x00000006d0800000|
| 251|0x00000006d0900000, 0x00000006d0a00000, 0x00000006d0a00000|100%| E|CS|TS  6|AC  0|TAMS 0x00000006d0900000, 0x00000006d0900000|
| 252|0x00000006d0a00000, 0x00000006d0b00000, 0x00000006d0b00000|100%| E|CS|TS  6|AC  0|TAMS 0x00000006d0a00000, 0x00000006d0a00000|
| 253|0x00000006d0b00000, 0x00000006d0c00000, 0x00000006d0c00000|100%| E|CS|TS  6|AC  0|TAMS 0x00000006d0b00000, 0x00000006d0b00000|
| 254|0x00000006d0c00000, 0x00000006d0d00000, 0x00000006d0d00000|100%| E|CS|TS  6|AC  0|TAMS 0x00000006d0c00000, 0x00000006d0c00000|
| 255|0x00000006d0d00000, 0x00000006d0e00000, 0x00000006d0e00000|100%| E|CS|TS  6|AC  0|TAMS 0x00000006d0d00000, 0x00000006d0d00000|

Card table byte_map: [0x000002d856610000,0x000002d856e10000] byte_map_base: 0x000002d853009000

Marking Bits (Prev, Next): (CMBitMap*) 0x000002d83b072ec0, (CMBitMap*) 0x000002d83b072ef8
 Prev Bits: [0x000002d857610000, 0x000002d85b5d8000)
 Next Bits: [0x000002d85b5e0000, 0x000002d85f5a8000)

Polling page: 0x000002d8396a0000

CodeHeap 'non-profiled nmethods': size=120000Kb used=2416Kb max_used=2752Kb free=117583Kb
 bounds [0x000002d84de60000, 0x000002d84e120000, 0x000002d855390000]
CodeHeap 'profiled nmethods': size=120000Kb used=6762Kb max_used=8565Kb free=113237Kb
 bounds [0x000002d846930000, 0x000002d8471e0000, 0x000002d84de60000]
CodeHeap 'non-nmethods': size=5760Kb used=1318Kb max_used=1364Kb free=4441Kb
 bounds [0x000002d846390000, 0x000002d846600000, 0x000002d846930000]
 total_blobs=6378 nmethods=3554 adapters=508
 compilation: enabled

Compilation events (10 events):
Event: 415.374 Thread 0x000002d862a8d800 4368       4       akka.actor.dungeon.Children$$Lambda$124/1327871893::<init> (10 bytes)
Event: 415.375 Thread 0x000002d862a84000 nmethod 4367 0x000002d84e03bd90 code [0x000002d84e03bf20, 0x000002d84e03c058]
Event: 415.376 Thread 0x000002d862a8d800 nmethod 4368 0x000002d84e03ba10 code [0x000002d84e03bba0, 0x000002d84e03bcf8]
Event: 415.376 Thread 0x000002d862a8c800 nmethod 4366 0x000002d84e03b590 code [0x000002d84e03b740, 0x000002d84e03b8a8]
Event: 415.482 Thread 0x000002d862a84000 4372       4       akka.dispatch.Dispatchers::hasDispatcher (28 bytes)
Event: 415.491 Thread 0x000002d862a84000 nmethod 4372 0x000002d84e03a410 code [0x000002d84e03a5e0, 0x000002d84e03af98]
Event: 416.000 Thread 0x000002d862a92800 4373   !   3       akka.actor.LocalActorRefProvider::actorOf (1257 bytes)
Event: 416.000 Thread 0x000002d862a8d800 4374       4       akka.actor.Deployer::lookup (20 bytes)
Event: 416.000 Thread 0x000002d862a8c800 4375       4       akka.actor.Deployer::lookup (15 bytes)
Event: 416.002 Thread 0x000002d862a8c800 nmethod 4375 0x000002d84e03a010 code [0x000002d84e03a1c0, 0x000002d84e03a2c8]

GC Heap History (10 events):
Event: 151.588 GC heap before
{Heap before GC invocations=7 (full 0):
 garbage-first heap   total 262144K, used 45751K [0x00000006c0e00000, 0x00000007c0000000)
  region size 1024K, 29 young (29696K), 14 survivors (14336K)
 Metaspace       used 43143K, capacity 43952K, committed 44416K, reserved 1089536K
  class space    used 4770K, capacity 4964K, committed 4992K, reserved 1048576K
}
Event: 151.602 GC heap after
{Heap after GC invocations=8 (full 0):
 garbage-first heap   total 262144K, used 29372K [0x00000006c0e00000, 0x00000007c0000000)
  region size 1024K, 4 young (4096K), 4 survivors (4096K)
 Metaspace       used 43143K, capacity 43952K, committed 44416K, reserved 1089536K
  class space    used 4770K, capacity 4964K, committed 4992K, reserved 1048576K
}
Event: 152.976 GC heap before
{Heap before GC invocations=8 (full 0):
 garbage-first heap   total 262144K, used 175804K [0x00000006c0e00000, 0x00000007c0000000)
  region size 1024K, 146 young (149504K), 4 survivors (4096K)
 Metaspace       used 43148K, capacity 43952K, committed 44416K, reserved 1089536K
  class space    used 4770K, capacity 4964K, committed 4992K, reserved 1048576K
}
Event: 153.009 GC heap after
{Heap after GC invocations=9 (full 0):
 garbage-first heap   total 262144K, used 70243K [0x00000006c0e00000, 0x00000007c0000000)
  region size 1024K, 19 young (19456K), 19 survivors (19456K)
 Metaspace       used 43148K, capacity 43952K, committed 44416K, reserved 1089536K
  class space    used 4770K, capacity 4964K, committed 4992K, reserved 1048576K
}
Event: 153.972 GC heap before
{Heap before GC invocations=9 (full 0):
 garbage-first heap   total 262144K, used 175715K [0x00000006c0e00000, 0x00000007c0000000)
  region size 1024K, 122 young (124928K), 19 survivors (19456K)
 Metaspace       used 43150K, capacity 43952K, committed 44416K, reserved 1089536K
  class space    used 4770K, capacity 4964K, committed 4992K, reserved 1048576K
}
Event: 153.992 GC heap after
{Heap after GC invocations=10 (full 0):
 garbage-first heap   total 262144K, used 85487K [0x00000006c0e00000, 0x00000007c0000000)
  region size 1024K, 16 young (16384K), 16 survivors (16384K)
 Metaspace       used 43150K, capacity 43952K, committed 44416K, reserved 1089536K
  class space    used 4770K, capacity 4964K, committed 4992K, reserved 1048576K
}
Event: 154.820 GC heap before
{Heap before GC invocations=10 (full 0):
 garbage-first heap   total 262144K, used 177647K [0x00000006c0e00000, 0x00000007c0000000)
  region size 1024K, 106 young (108544K), 16 survivors (16384K)
 Metaspace       used 43150K, capacity 43952K, committed 44416K, reserved 1089536K
  class space    used 4770K, capacity 4964K, committed 4992K, reserved 1048576K
}
Event: 154.836 GC heap after
{Heap after GC invocations=11 (full 0):
 garbage-first heap   total 262144K, used 98304K [0x00000006c0e00000, 0x00000007c0000000)
  region size 1024K, 14 young (14336K), 14 survivors (14336K)
 Metaspace       used 43150K, capacity 43952K, committed 44416K, reserved 1089536K
  class space    used 4770K, capacity 4964K, committed 4992K, reserved 1048576K
}
Event: 155.545 GC heap before
{Heap before GC invocations=11 (full 0):
 garbage-first heap   total 262144K, used 181248K [0x00000006c0e00000, 0x00000007c0000000)
  region size 1024K, 95 young (97280K), 14 survivors (14336K)
 Metaspace       used 43150K, capacity 43952K, committed 44416K, reserved 1089536K
  class space    used 4770K, capacity 4964K, committed 4992K, reserved 1048576K
}
Event: 155.560 GC heap after
{Heap after GC invocations=12 (full 0):
 garbage-first heap   total 262144K, used 110270K [0x00000006c0e00000, 0x00000007c0000000)
  region size 1024K, 12 young (12288K), 12 survivors (12288K)
 Metaspace       used 43150K, capacity 43952K, committed 44416K, reserved 1089536K
  class space    used 4770K, capacity 4964K, committed 4992K, reserved 1048576K
}

Deoptimization events (10 events):
Event: 407.263 Thread 0x000002d863b34800 Uncommon trap: reason=class_check action=maybe_recompile pc=0x000002d84e0ba9a0 method=akka.actor.dungeon.Children.makeChild(Lakka/actor/ActorCell;Lakka/actor/Props;Ljava/lang/String;ZZ)Lakka/actor/ActorRef; @ 275 c2
Event: 407.308 Thread 0x000002d863b34800 Uncommon trap: reason=class_check action=maybe_recompile pc=0x000002d84e0a9f54 method=akka.actor.dungeon.Children.reserveChild(Ljava/lang/String;)Z @ 11 c2
Event: 407.313 Thread 0x000002d863b34800 Uncommon trap: reason=class_check action=maybe_recompile pc=0x000002d84e08683c method=akka.actor.dungeon.Children.initChild(Lakka/actor/ActorRef;)Lscala/Option; @ 141 c2
Event: 407.324 Thread 0x000002d863b3c800 Uncommon trap: reason=bimorphic_or_optimized_type_check action=maybe_recompile pc=0x000002d84e0930b8 method=akka.actor.dungeon.Children.children()Lscala/collection/immutable/Iterable; @ 6 c2
Event: 407.428 Thread 0x000002d863b39800 Uncommon trap: reason=class_check action=maybe_recompile pc=0x000002d84e0ba9a0 method=akka.actor.dungeon.Children.makeChild(Lakka/actor/ActorCell;Lakka/actor/Props;Ljava/lang/String;ZZ)Lakka/actor/ActorRef; @ 275 c2
Event: 407.429 Thread 0x000002d863b39800 Uncommon trap: reason=class_check action=maybe_recompile pc=0x000002d84e0a9f54 method=akka.actor.dungeon.Children.reserveChild(Ljava/lang/String;)Z @ 11 c2
Event: 407.431 Thread 0x000002d863b39800 Uncommon trap: reason=class_check action=maybe_recompile pc=0x000002d84e08683c method=akka.actor.dungeon.Children.initChild(Lakka/actor/ActorRef;)Lscala/Option; @ 141 c2
Event: 407.433 Thread 0x000002d863b39800 Uncommon trap: reason=bimorphic_or_optimized_type_check action=maybe_recompile pc=0x000002d84e0930b8 method=akka.actor.dungeon.Children.children()Lscala/collection/immutable/Iterable; @ 6 c2
Event: 414.187 Thread 0x000002d863b34800 Uncommon trap: reason=class_check action=maybe_recompile pc=0x000002d84e0a9f54 method=akka.actor.dungeon.Children.reserveChild(Ljava/lang/String;)Z @ 11 c2
Event: 415.917 Thread 0x000002d86317b800 Uncommon trap: reason=unstable_if action=reinterpret pc=0x000002d84e04ffc4 method=java.util.concurrent.ForkJoinPool.externalPush(Ljava/util/concurrent/ForkJoinTask;)V @ 209 c2

Classes redefined (0 events):
No events

Internal exceptions (10 events):
Event: 180.175 Thread 0x000002d863180800 Exception <a 'java/lang/NoSuchMethodError'{0x00000006d09aea78}: java.lang.Object.$anonfun$tellWatchersWeDied$2$adapted(Lakka/actor/dungeon/DeathWatch;Lakka/actor/ActorRef;)Ljava/lang/Object;> (0x00000006d09aea78) thrown at [t:/workspace/open/src/hotspot/s
Event: 180.176 Thread 0x000002d863180800 Exception <a 'java/lang/NoSuchMethodError'{0x00000006d09b2d88}: java.lang.Object.$anonfun$tellWatchersWeDied$3(Lakka/actor/dungeon/DeathWatch;)V> (0x00000006d09b2d88) thrown at [t:/workspace/open/src/hotspot/share/interpreter/linkResolver.cpp, line 741]
Event: 180.177 Thread 0x000002d863b3c800 Exception <a 'java/lang/NoSuchMethodError'{0x00000006d0995140}: java.lang.Object.$anonfun$receivedTerminated$1$adapted(Lakka/actor/dungeon/DeathWatch;Lakka/actor/Terminated;Lscala/Option;)Ljava/lang/Object;> (0x00000006d0995140) thrown at [t:/workspace/op
Event: 180.177 Thread 0x000002d863180800 Exception <a 'java/lang/NoSuchMethodError'{0x00000006d09b9a58}: java.lang.Object.$anonfun$maintainAddressTerminatedSubscription$1$adapted(Lakka/actor/ActorRef;)Ljava/lang/Object;> (0x00000006d09b9a58) thrown at [t:/workspace/open/src/hotspot/share/interpr
Event: 180.177 Thread 0x000002d86317a000 Exception <a 'java/lang/NoSuchMethodError'{0x00000006d09d1968}: java.lang.Object.$anonfun$removeFunctionRef$1()Ljava/lang/String;> (0x00000006d09d1968) thrown at [t:/workspace/open/src/hotspot/share/interpreter/linkResolver.cpp, line 741]
Event: 180.177 Thread 0x000002d863180800 Exception <a 'java/lang/NoSuchMethodError'{0x00000006d09bd240}: java.lang.Object.$anonfun$maintainAddressTerminatedSubscription$2$adapted(Lakka/actor/ActorRef;)Ljava/lang/Object;> (0x00000006d09bd240) thrown at [t:/workspace/open/src/hotspot/share/interpr
Event: 180.177 Thread 0x000002d863b3c800 Exception <a 'java/lang/NoSuchMethodError'{0x00000006d099a5e0}: java.lang.Object.$anonfun$receivedTerminated$2(Lakka/actor/Terminated;)Lakka/actor/Terminated;> (0x00000006d099a5e0) thrown at [t:/workspace/open/src/hotspot/share/interpreter/linkResolver.cp
Event: 337.193 Thread 0x000002d863b38000 Exception <a 'java/lang/NoSuchMethodError'{0x00000006cfd9bc60}: java.lang.Object.$anonfun$hasSubscriptions$1$adapted(Ljava/lang/Object;Lscala/collection/immutable/Set;)Ljava/lang/Object;> (0x00000006cfd9bc60) thrown at [t:/workspace/open/src/hotspot/share
Event: 337.194 Thread 0x000002d863b34800 Implicit null exception at 0x000002d84e0953dc to 0x000002d84e095c7a
Event: 344.527 Thread 0x000002d863b38800 Exception <a 'java/lang/NoSuchMethodError'{0x00000006cfa41e00}: java.lang.Object.$anonfun$addString$1(Lscala/Tuple2;)Ljava/lang/String;> (0x00000006cfa41e00) thrown at [t:/workspace/open/src/hotspot/share/interpreter/linkResolver.cpp, line 741]

Events (10 events):
Event: 416.001 Executing VM operation: ThreadsSuspendJVMTI done
Event: 416.002 Thread 0x000002d862aa3800 flushing nmethod 0x000002d84dea7a10
Event: 416.002 Thread 0x000002d862aa3800 flushing nmethod 0x000002d84dffe190
Event: 416.002 Thread 0x000002d862aa3800 flushing nmethod 0x000002d84e049a10
Event: 416.002 Thread 0x000002d862aa3800 flushing nmethod 0x000002d84e0d3290
Event: 416.002 Thread 0x000002d862aa3800 flushing nmethod 0x000002d84e0edb10
Event: 416.003 Thread 0x000002d862aa3800 flushing nmethod 0x000002d846990090
Event: 416.003 Thread 0x000002d862aa3800 flushing nmethod 0x000002d846999990
Event: 416.003 Thread 0x000002d862aa3800 flushing nmethod 0x000002d84699fa10
Event: 416.004 Thread 0x000002d862aa3800 flushing nmethod 0x000002d846ef3990


Dynamic libraries:
0x00007ff6cc180000 - 0x00007ff6cc1be000 	C:\Program Files\Java\jdk-10.0.2\bin\java.exe
0x00007ffd7ce50000 - 0x00007ffd7d046000 	C:\WINDOWS\SYSTEM32\ntdll.dll
0x00007ffd7b6b0000 - 0x00007ffd7b76d000 	C:\WINDOWS\System32\KERNEL32.DLL
0x00007ffd7ab90000 - 0x00007ffd7ae59000 	C:\WINDOWS\System32\KERNELBASE.dll
0x00007ffd7c3c0000 - 0x00007ffd7c46c000 	C:\WINDOWS\System32\ADVAPI32.dll
0x00007ffd7b770000 - 0x00007ffd7b80e000 	C:\WINDOWS\System32\msvcrt.dll
0x00007ffd7b810000 - 0x00007ffd7b8ac000 	C:\WINDOWS\System32\sechost.dll
0x00007ffd7b470000 - 0x00007ffd7b59b000 	C:\WINDOWS\System32\RPCRT4.dll
0x00007ffd7c1c0000 - 0x00007ffd7c360000 	C:\WINDOWS\System32\USER32.dll
0x00007ffd7aa40000 - 0x00007ffd7aa62000 	C:\WINDOWS\System32\win32u.dll
0x00007ffd7bfe0000 - 0x00007ffd7c00a000 	C:\WINDOWS\System32\GDI32.dll
0x00007ffd7a7a0000 - 0x00007ffd7a8a9000 	C:\WINDOWS\System32\gdi32full.dll
0x00007ffd7aa70000 - 0x00007ffd7ab0d000 	C:\WINDOWS\System32\msvcp_win.dll
0x00007ffd7a590000 - 0x00007ffd7a690000 	C:\WINDOWS\System32\ucrtbase.dll
0x00007ffd67070000 - 0x00007ffd6730b000 	C:\WINDOWS\WinSxS\amd64_microsoft.windows.common-controls_6595b64144ccf1df_6.0.19041.488_none_ca04af081b815d21\COMCTL32.dll
0x00007ffd72d70000 - 0x00007ffd72d7a000 	C:\WINDOWS\SYSTEM32\VERSION.dll
0x00007ffd7b430000 - 0x00007ffd7b460000 	C:\WINDOWS\System32\IMM32.DLL
0x00007ffd4d690000 - 0x00007ffd4d77f000 	C:\Program Files\Java\jdk-10.0.2\bin\msvcr120.dll
0x00007ffd4e750000 - 0x00007ffd4e7f6000 	C:\Program Files\Java\jdk-10.0.2\bin\msvcp120.dll
0x000000005b6f0000 - 0x000000005c160000 	C:\Program Files\Java\jdk-10.0.2\bin\server\jvm.dll
0x00007ffd7c4f0000 - 0x00007ffd7c4f8000 	C:\WINDOWS\System32\PSAPI.DLL
0x00007ffd44600000 - 0x00007ffd44609000 	C:\WINDOWS\SYSTEM32\WSOCK32.dll
0x00007ffd6f5d0000 - 0x00007ffd6f5f7000 	C:\WINDOWS\SYSTEM32\WINMM.dll
0x00007ffd7bf70000 - 0x00007ffd7bfdb000 	C:\WINDOWS\System32\WS2_32.dll
0x00007ffd74c60000 - 0x00007ffd74c6f000 	C:\Program Files\Java\jdk-10.0.2\bin\verify.dll
0x00007ffd71e20000 - 0x00007ffd72004000 	C:\WINDOWS\SYSTEM32\DBGHELP.DLL
0x00007ffd714b0000 - 0x00007ffd714dc000 	C:\WINDOWS\SYSTEM32\dbgcore.DLL
0x00007ffd7ab10000 - 0x00007ffd7ab90000 	C:\WINDOWS\System32\bcryptPrimitives.dll
0x00007ffd5ba80000 - 0x00007ffd5baa7000 	C:\Program Files\Java\jdk-10.0.2\bin\java.dll
0x00007ffd5baf0000 - 0x00007ffd5bb26000 	C:\Program Files\Java\jdk-10.0.2\bin\jdwp.dll
0x00007ffd5bac0000 - 0x00007ffd5baea000 	C:\Program Files\Java\jdk-10.0.2\bin\instrument.dll
0x00007ffd61580000 - 0x00007ffd61596000 	C:\Program Files\Java\jdk-10.0.2\bin\zip.dll
0x00007ffd72690000 - 0x00007ffd7269a000 	C:\Program Files\Java\jdk-10.0.2\bin\jimage.dll
0x00007ffd7c580000 - 0x00007ffd7ccc2000 	C:\WINDOWS\System32\SHELL32.dll
0x00007ffd78670000 - 0x00007ffd78e05000 	C:\WINDOWS\SYSTEM32\windows.storage.dll
0x00007ffd7af60000 - 0x00007ffd7b2b6000 	C:\WINDOWS\System32\combase.dll
0x00007ffd79f30000 - 0x00007ffd79f5c000 	C:\WINDOWS\SYSTEM32\Wldp.dll
0x00007ffd7aeb0000 - 0x00007ffd7af5e000 	C:\WINDOWS\System32\SHCORE.dll
0x00007ffd7c360000 - 0x00007ffd7c3b5000 	C:\WINDOWS\System32\shlwapi.dll
0x00007ffd7a4c0000 - 0x00007ffd7a4e6000 	C:\WINDOWS\SYSTEM32\profapi.dll
0x00007ffd6f510000 - 0x00007ffd6f51a000 	C:\Program Files\Java\jdk-10.0.2\bin\dt_socket.dll
0x00007ffd79d20000 - 0x00007ffd79d8a000 	C:\WINDOWS\system32\mswsock.dll
0x00007ffd5ba60000 - 0x00007ffd5ba7a000 	C:\Program Files\Java\jdk-10.0.2\bin\net.dll
0x00007ffd74240000 - 0x00007ffd74340000 	C:\WINDOWS\SYSTEM32\WINHTTP.dll
0x00007ffd5b870000 - 0x00007ffd5b881000 	C:\Program Files\Java\jdk-10.0.2\bin\nio.dll
0x00007ffd7a270000 - 0x00007ffd7a288000 	C:\WINDOWS\SYSTEM32\CRYPTSP.dll
0x00007ffd79660000 - 0x00007ffd79694000 	C:\WINDOWS\system32\rsaenh.dll
0x00007ffd7a8b0000 - 0x00007ffd7a8d7000 	C:\WINDOWS\System32\bcrypt.dll
0x00007ffd7a440000 - 0x00007ffd7a46e000 	C:\WINDOWS\SYSTEM32\USERENV.dll
0x00007ffd79ea0000 - 0x00007ffd79eac000 	C:\WINDOWS\SYSTEM32\CRYPTBASE.dll
0x00007ffd799e0000 - 0x00007ffd79a1b000 	C:\WINDOWS\SYSTEM32\IPHLPAPI.DLL
0x00007ffd7b2c0000 - 0x00007ffd7b2c8000 	C:\WINDOWS\System32\NSI.dll
0x00007ffd74980000 - 0x00007ffd74997000 	C:\WINDOWS\SYSTEM32\dhcpcsvc6.DLL
0x00007ffd748d0000 - 0x00007ffd748ed000 	C:\WINDOWS\SYSTEM32\dhcpcsvc.DLL
0x00007ffd79a20000 - 0x00007ffd79aeb000 	C:\WINDOWS\SYSTEM32\DNSAPI.dll
0x00007ffd51100000 - 0x00007ffd51123000 	C:\Program Files\Java\jdk-10.0.2\bin\sunec.dll
0x00007ffd67340000 - 0x00007ffd6734b000 	C:\Program Files\Java\jdk-10.0.2\bin\sunmscapi.dll
0x00007ffd7a8e0000 - 0x00007ffd7aa3d000 	C:\WINDOWS\System32\CRYPT32.dll
0x00007ffd733f0000 - 0x00007ffd733fa000 	C:\Windows\System32\rasadhlp.dll
0x00007ffd74040000 - 0x00007ffd740bf000 	C:\WINDOWS\System32\fwpuclnt.dll

dbghelp: loaded successfully - version: 4.0.5 - missing functions: none
symbol engine: initialized successfully - sym options: 0x614 - pdb path: .;C:\Program Files\Java\jdk-10.0.2\bin;C:\WINDOWS\SYSTEM32;C:\WINDOWS\WinSxS\amd64_microsoft.windows.common-controls_6595b64144ccf1df_6.0.19041.488_none_ca04af081b815d21;C:\Program Files\Java\jdk-10.0.2\bin\server

VM Arguments:
jvm_args: -agentlib:jdwp=transport=dt_socket,address=127.0.0.1:52571,suspend=y,server=n -javaagent:C:\Users\canno\.IntelliJIdea2018.2\system\captureAgent\debugger-agent.jar=file:/C:/Users/canno/AppData/Local/Temp/capture.props -Dfile.encoding=UTF-8 
java_command: com.tristanpenman.chordial.demo.Demo
java_class_path (initial): C:\Users\canno\Documents\Duke\Fall2020\514\project\chordial\modules\demo\target\scala-2.13\classes;C:\Users\canno\Documents\Duke\Fall2020\514\project\chordial\modules\core\target\scala-2.13\classes;C:\Users\canno\AppData\Local\Coursier\cache\v1\https\repo1.maven.org\maven2\org\scala-lang\modules\scala-parser-combinators_2.13\1.1.2\scala-parser-combinators_2.13-1.1.2.jar;C:\Users\canno\AppData\Local\Coursier\cache\v1\https\repo1.maven.org\maven2\org\scala-lang\modules\scala-java8-compat_2.13\0.9.0\scala-java8-compat_2.13-0.9.0.jar;C:\Users\canno\AppData\Local\Coursier\cache\v1\https\repo1.maven.org\maven2\org\scala-lang\scala-library\2.13.2\scala-library-2.13.2.jar;C:\Users\canno\AppData\Local\Coursier\cache\v1\https\repo1.maven.org\maven2\org\reactivestreams\reactive-streams\1.0.2\reactive-streams-1.0.2.jar;C:\Users\canno\AppData\Local\Coursier\cache\v1\https\repo1.maven.org\maven2\org\agrona\agrona\0.9.31\agrona-0.9.31.jar;C:\Users\canno\AppData\Local\Coursier\cache\v1\https\repo1.maven.org\maven2\io\spray\spray-json_2.13\1.3.5\spray-json_2.13-1.3.5.jar;C:\Users\canno\AppData\Local\Coursier\cache\v1\https\repo1.maven.org\maven2\io\netty\netty\3.10.6.Final\netty-3.10.6.Final.jar;C:\Users\canno\AppData\Local\Coursier\cache\v1\https\repo1.maven.org\maven2\io\aeron\aeron-driver\1.15.1\aeron-driver-1.15.1.jar;C:\Users\canno\AppData\Local\Coursier\cache\v1\https\repo1.maven.org\maven2\io\aeron\aeron-client\1.15.1\aeron-client-1.15.1.jar;C:\Users\canno\AppData\Local\Coursier\cache\v1\https\repo1.maven.org\maven2\com\typesafe\akka\akka-stream_2.13\2.5.31\akka-stream_2.13-2.5.31.jar;C:\Users\canno\AppData\Local\Coursier\cache\v1\https\repo1.maven.org\maven2\com\typesafe\akka\akka-remote_2.13\2.5.31\akka-remote_2.13-2.5.31.jar;C:\Users\canno\AppData\Local\Coursier\cache\v1\https\repo1.maven.org\maven2\com\typesafe\akka\akka-protobuf_2.13\2.5.31\akka-protobuf_2.13-2.5.31.jar;C:\Users\canno\AppData\Local\Coursier\cache\v1\https\repo1.maven.org\mave
Launcher Type: SUN_STANDARD

Logging:
Log output configuration:
#0: stdout all=warning uptime,level,tags
#1: stderr all=off uptime,level,tags

Environment Variables:
PATH=C:\Python27\;C:\Python27\Scripts;C:\Program Files (x86)\Razer Chroma SDK\bin;C:\Program Files\Razer Chroma SDK\bin;C:\Windows\system32;C:\Windows;C:\Windows\System32\Wbem;C:\Windows\System32\WindowsPowerShell\v1.0\;C:\Windows\System32\OpenSSH\;C:\Users\canno\AppData\Local\Microsoft\WindowsApps;C:\Program Files\dotnet\;C:\Program Files\Microsoft SQL Server\130\Tools\Binn\;C:\Program Files (x86)\NVIDIA Corporation\PhysX\Common;C:\Program Files\Git\cmd;C:\Program Files\Git\mingw64\bin;C:\Program Files\Git\usr\bin;C:\Program Files\NVIDIA Corporation\NVIDIA NvDLISR;C:\Program Files (x86)\Microsoft SQL Server\Client SDK\ODBC\130\Tools\Binn\;C:\Program Files (x86)\Microsoft SQL Server\140\Tools\Binn\;C:\Program Files (x86)\Microsoft SQL Server\140\DTS\Binn\;C:\Program Files (x86)\Microsoft SQL Server\140\Tools\Binn\ManagementStudio\;C:\Program Files\Microsoft SQL Server\Client SDK\ODBC\130\Tools\Binn\;C:\Program Files\Microsoft SQL Server\140\Tools\Binn\;C:\Program Files\Microsoft SQL Server\140\DTS\Binn\;C:\Program Files\PuTTY\;C:\Program Files (x86)\LINQPad5;C:\WINDOWS\system32;C:\WINDOWS;C:\WINDOWS\System32\Wbem;C:\WINDOWS\System32\WindowsPowerShell\v1.0\;C:\WINDOWS\System32\OpenSSH\;C:\Program Files\MATLAB\R2019b\bin;C:\Program Files\MySQL\MySQL Shell 8.0\bin\;C:\MinGW\bin\;C:\Program Files (x86)\WinMerge;C:\Program Files\nodejs\;C:\ProgramData\chocolatey\bin;C:\WINDOWS\system32;C:\WINDOWS;C:\WINDOWS\System32\Wbem;C:\WINDOWS\System32\WindowsPowerShell\v1.0\;C:\WINDOWS\System32\OpenSSH\;C:\Program Files\Microsoft SQL Server\Client SDK\ODBC\170\Tools\Binn\;C:\Users\canno\AppData\Roaming\npm;;C:\Program Files\Docker\Docker\resources\bin;C:\ProgramData\DockerDesktop\version-bin;C:\Program Files\MySQL\MySQL Shell 8.0\bin\;C:\Users\canno\.dotnet\tools;C:\Users\canno\AppData\Local\Programs\Microsoft VS Code\bin;C:\Users\canno\AppData\Roaming\npm;C:\Users\canno\AppData\Local\Microsoft\WindowsApps;D:\altera_lite\16.0\modelsim_ase\win32aloem;;C:\Users\canno\AppData\Local\Progr
USERNAME=canno
OS=Windows_NT
PROCESSOR_IDENTIFIER=Intel64 Family 6 Model 94 Stepping 3, GenuineIntel



---------------  S Y S T E M  ---------------

OS: Windows 10 , 64 bit Build 19041 (10.0.19041.662)

CPU:total 8 (initial active 8) (4 cores per cpu, 2 threads per core) family 6 model 94 stepping 3, cmov, cx8, fxsr, mmx, sse, sse2, sse3, ssse3, sse4.1, sse4.2, popcnt, avx, avx2, aes, clmul, erms, rtm, 3dnowpref, lzcnt, ht, tsc, tscinvbit, bmi1, bmi2, adx, fma

Memory: 4k page, physical 16716056k(6452292k free), swap 33878296k(17646244k free)

vm_info: Java HotSpot(TM) 64-Bit Server VM (10.0.2+13) for windows-amd64 JRE (10.0.2+13), built on Jun 28 2018 01:57:56 by "mach5one" with MS VC++ 12.0 (VS2013)

END.
