#
# A fatal error has been detected by the Java Runtime Environment:
#
#  EXCEPTION_ACCESS_VIOLATION (0xc0000005) at pc=0x000000005bc70bba, pid=56000, tid=57332
#
# JRE version: Java(TM) SE Runtime Environment (10.0.2+13) (build 10.0.2+13)
# Java VM: Java HotSpot(TM) 64-Bit Server VM (10.0.2+13, mixed mode, tiered, compressed oops, g1 gc, windows-amd64)
# Problematic frame:
# V  [jvm.dll+0x580bba]
#
# No core dump will be written. Minidumps are not enabled by default on client versions of Windows
#
# If you would like to submit a bug report, please visit:
#   http://bugreport.java.com/bugreport/crash.jsp
#

---------------  S U M M A R Y ------------

Command Line: -agentlib:jdwp=transport=dt_socket,address=127.0.0.1:52431,suspend=y,server=n -javaagent:C:\Users\canno\.IntelliJIdea2018.2\system\captureAgent\debugger-agent.jar=file:/C:/Users/canno/AppData/Local/Temp/capture.props -Dfile.encoding=UTF-8 com.tristanpenman.chordial.demo.Demo

Host: Intel(R) Core(TM) i7-6700K CPU @ 4.00GHz, 8 cores, 15G,  Windows 10 , 64 bit Build 19041 (10.0.19041.662)
Time: Thu Dec 03 17:41:12 2020 Eastern Standard Time elapsed time: 219 seconds (0d 0h 3m 39s)

---------------  T H R E A D  ---------------

Current thread (0x000001f8ff907000):  JavaThread "C2 CompilerThread0" daemon [_thread_in_native, id=57332, stack(0x0000009a67a00000,0x0000009a67b00000)]


Current CompileTask:
C2: 219179 4411       4       akka.actor.Deployer::lookup (20 bytes)

Stack: [0x0000009a67a00000,0x0000009a67b00000],  sp=0x0000009a67afc0e0,  free space=1008k
Native frames: (J=compiled Java code, j=interpreted, Vv=VM code, C=native code)
V  [jvm.dll+0x580bba]
V  [jvm.dll+0x536dcd]
V  [jvm.dll+0x53a237]
V  [jvm.dll+0x1ffd42]
V  [jvm.dll+0x1ff116]
V  [jvm.dll+0x17c94b]
V  [jvm.dll+0x20c8dd]
V  [jvm.dll+0x20b6a6]
V  [jvm.dll+0x68b7ff]
V  [jvm.dll+0x59f4b0]
C  [msvcr120.dll+0x24f7f]
C  [msvcr120.dll+0x25126]
C  [KERNEL32.DLL+0x17034]
C  [ntdll.dll+0x4d0d1]


siginfo: EXCEPTION_ACCESS_VIOLATION (0xc0000005), writing address 0x0000000339e73410


Register to memory mapping:

RIP=0x000000005bc70bba jvm.dll
RAX=0x000000005b9ee510 jvm.dll
RBX=0x000000005be6d338 jvm.dll
RCX=0x000000005bc909e0 jvm.dll
RDX=0x000000005bc909e0 jvm.dll
RSP=0x0000009a67afc0e0 is pointing into the stack for thread: 0x000001f8ff907000
RBP=0x0000009a67afc180 is pointing into the stack for thread: 0x000001f8ff907000
RSI=0x000001f8a44d1598 is an unknown value
RDI=0x000001f8a44d1598 is an unknown value
R8 =0x0000000000000010 is an unknown value
R9 =0x0000000000000000 is an unknown value
R10=0x000001f8a8567bb0 is an unknown value
R11=0x000001f8a8567bc0 is an unknown value
R12=0x000000005bee26b8 jvm.dll
R13=0x0000000000000000 is an unknown value
R14=0x000000005b6f0000 jvm.dll
R15=0x0000009a67afc570 is pointing into the stack for thread: 0x000001f8ff907000


Registers:
RAX=0x000000005b9ee510, RBX=0x000000005be6d338, RCX=0x000000005bc909e0, RDX=0x000000005bc909e0
RSP=0x0000009a67afc0e0, RBP=0x0000009a67afc180, RSI=0x000001f8a44d1598, RDI=0x000001f8a44d1598
R8 =0x0000000000000010, R9 =0x0000000000000000, R10=0x000001f8a8567bb0, R11=0x000001f8a8567bc0
R12=0x000000005bee26b8, R13=0x0000000000000000, R14=0x000000005b6f0000, R15=0x0000009a67afc570
RIP=0x000000005bc70bba, EFLAGS=0x0000000000010202

Top of Stack: (sp=0x0000009a67afc0e0)
0x0000009a67afc0e0:   000000005be6d338 000001f8a44d1598
0x0000009a67afc0f0:   0000009a67afcf28 0000000000000016
0x0000009a67afc100:   0000000000000096 000000005bc26dcd
0x0000009a67afc110:   0000000000000003 000001f8a6ac5cc8
0x0000009a67afc120:   000001f8a53d2420 0000000000000000
0x0000009a67afc130:   000001f8a7157900 000001f8a715aed0
0x0000009a67afc140:   000001f8a71573f0 000001f8ff8b4bf0
0x0000009a67afc150:   000000005befa090 000001f8ff8b4bf0
0x0000009a67afc160:   0000000000000040 000001f8a715aee0
0x0000009a67afc170:   000001f8a7157330 00000000000000b0
0x0000009a67afc180:   00000000000000b0 0000009a67afc570
0x0000009a67afc190:   0000000000000000 000000005bc2a237
0x0000009a67afc1a0:   000000005c03a560 0000000000000004
0x0000009a67afc1b0:   000001f8a7157398 0000000000000008
0x0000009a67afc1c0:   0000000000100000 0000000000000000
0x0000009a67afc1d0:   0000000000000000 0000000000000000 

Instructions: (pc=0x000000005bc70bba)
0x000000005bc70b9a:   74 25 48 83 7b 10 00 74 1e 8b 53 20 3b 53 24 75
0x000000005bc70baa:   08 48 8b cb e8 0d 1f 00 00 8b 4b 20 48 8b 43 10
0x000000005bc70bba:   48 89 3c c8 ff 43 20 48 8b 5c 24 30 48 83 c4 20
0x000000005bc70bca:   5f c3 cc cc cc cc 48 89 5c 24 08 48 89 74 24 10 



---------------  P R O C E S S  ---------------

Threads class SMR info:
_java_thread_list=0x000001f8a48c60c0, length=50, elements={
0x000001f8fc0e9000, 0x000001f8ff89b000, 0x000001f8ff8ab800, 0x000001f8ff8ff800,
0x000001f8ff900000, 0x000001f8ff907000, 0x000001f8ff90b800, 0x000001f8ff918000,
0x000001f8ff918800, 0x000001f8ff92d800, 0x000001f8a4535800, 0x000001f8a43db000,
0x000001f8ffaab000, 0x000001f8a4498000, 0x000001f8a4402800, 0x000001f8a50f9800,
0x000001f8a4c7e000, 0x000001f8a4c7c800, 0x000001f8a4fec800, 0x000001f8a647c800,
0x000001f8a647f000, 0x000001f8a647e000, 0x000001f8a647b000, 0x000001f8a6479800,
0x000001f8a647c000, 0x000001f8a647d800, 0x000001f8a647f800, 0x000001f8a6480800,
0x000001f8a5048000, 0x000001f8a504b800, 0x000001f8a5046800, 0x000001f8a5049000,
0x000001f8a5047800, 0x000001f8a504c000, 0x000001f8a5046000, 0x000001f8a504a000,
0x000001f8a504a800, 0x000001f8a5045000, 0x000001f8a5051800, 0x000001f8a5052800,
0x000001f8a5053000, 0x000001f8a5050000, 0x000001f8a504e800, 0x000001f8a504d000,
0x000001f8a5054000, 0x000001f8a504f800, 0x000001f8a504d800, 0x000001f8a4f3e800,
0x000001f8a4f40000, 0x000001f8a4f41000
}

Java Threads: ( => current thread )
  0x000001f8fc0e9000 JavaThread "main" [_thread_blocked, id=56608, stack(0x0000009a66000000,0x0000009a66100000)]
  0x000001f8ff89b000 JavaThread "Reference Handler" daemon [_thread_blocked, id=47796, stack(0x0000009a67600000,0x0000009a67700000)]
  0x000001f8ff8ab800 JavaThread "Finalizer" daemon [_thread_blocked, id=50180, stack(0x0000009a67700000,0x0000009a67800000)]
  0x000001f8ff8ff800 JavaThread "Signal Dispatcher" daemon [_thread_blocked, id=54168, stack(0x0000009a67800000,0x0000009a67900000)]
  0x000001f8ff900000 JavaThread "Attach Listener" daemon [_thread_blocked, id=12880, stack(0x0000009a67900000,0x0000009a67a00000)]
=>0x000001f8ff907000 JavaThread "C2 CompilerThread0" daemon [_thread_in_native, id=57332, stack(0x0000009a67a00000,0x0000009a67b00000)]
  0x000001f8ff90b800 JavaThread "C2 CompilerThread1" daemon [_thread_blocked, id=44904, stack(0x0000009a67b00000,0x0000009a67c00000)]
  0x000001f8ff918000 JavaThread "C2 CompilerThread2" daemon [_thread_blocked, id=55984, stack(0x0000009a67c00000,0x0000009a67d00000)]
  0x000001f8ff918800 JavaThread "C1 CompilerThread3" daemon [_thread_blocked, id=55764, stack(0x0000009a67d00000,0x0000009a67e00000)]
  0x000001f8ff92d800 JavaThread "Sweeper thread" daemon [_thread_blocked, id=48684, stack(0x0000009a67e00000,0x0000009a67f00000)]
  0x000001f8a4535800 JavaThread "JDWP Transport Listener: dt_socket" daemon [_thread_blocked, id=57228, stack(0x0000009a67f00000,0x0000009a68000000)]
  0x000001f8a43db000 JavaThread "JDWP Event Helper Thread" daemon [_thread_blocked, id=57336, stack(0x0000009a68000000,0x0000009a68100000)]
  0x000001f8ffaab000 JavaThread "JDWP Command Reader" daemon [_thread_in_native, id=53712, stack(0x0000009a68100000,0x0000009a68200000)]
  0x000001f8a4498000 JavaThread "Common-Cleaner" daemon [_thread_blocked, id=57268, stack(0x0000009a68200000,0x0000009a68300000)]
  0x000001f8a4402800 JavaThread "Service Thread" daemon [_thread_blocked, id=46932, stack(0x0000009a68300000,0x0000009a68400000)]
  0x000001f8a50f9800 JavaThread "chordial-demo-scheduler-1" [_thread_in_vm, id=53968, stack(0x0000009a68500000,0x0000009a68600000)]
  0x000001f8a4c7e000 JavaThread "chordial-demo-akka.actor.default-dispatcher-3" [_thread_blocked, id=57216, stack(0x0000009a68700000,0x0000009a68800000)]
  0x000001f8a4c7c800 JavaThread "chordial-demo-akka.actor.default-dispatcher-4" [_thread_blocked, id=23692, stack(0x0000009a68800000,0x0000009a68900000)]
  0x000001f8a4fec800 JavaThread "chordial-demo-akka.actor.default-dispatcher-5" [_thread_blocked, id=53320, stack(0x0000009a68900000,0x0000009a68a00000)]
  0x000001f8a647c800 JavaThread "chordial-demo-akka.io.pinned-dispatcher-6" [_thread_in_native, id=48852, stack(0x0000009a68a00000,0x0000009a68b00000)]
  0x000001f8a647f000 JavaThread "chordial-demo-akka.io.pinned-dispatcher-7" [_thread_in_native, id=52564, stack(0x0000009a68b00000,0x0000009a68c00000)]
  0x000001f8a647e000 JavaThread "chordial-demo-akka.actor.default-dispatcher-8" [_thread_in_Java, id=56164, stack(0x0000009a65d00000,0x0000009a65e00000)]
  0x000001f8a647b000 JavaThread "chordial-demo-akka.actor.default-dispatcher-9" [_thread_blocked, id=54764, stack(0x0000009a65e00000,0x0000009a65f00000)]
  0x000001f8a6479800 JavaThread "chordial-demo-akka.actor.default-dispatcher-10" [_thread_blocked, id=54604, stack(0x0000009a65f00000,0x0000009a66000000)]
  0x000001f8a647c000 JavaThread "scala-execution-context-global-26" daemon [_thread_blocked, id=45636, stack(0x0000009a68600000,0x0000009a68700000)]
  0x000001f8a647d800 JavaThread "scala-execution-context-global-27" daemon [_thread_blocked, id=27948, stack(0x0000009a68e00000,0x0000009a68f00000)]
  0x000001f8a647f800 JavaThread "scala-execution-context-global-28" daemon [_thread_blocked, id=42752, stack(0x0000009a68f00000,0x0000009a69000000)]
  0x000001f8a6480800 JavaThread "chordial-demo-akka.actor.default-dispatcher-11" [_thread_blocked, id=54840, stack(0x0000009a69000000,0x0000009a69100000)]
  0x000001f8a5048000 JavaThread "chordial-demo-akka.actor.default-dispatcher-12" [_thread_blocked, id=54808, stack(0x0000009a69100000,0x0000009a69200000)]
  0x000001f8a504b800 JavaThread "scala-execution-context-global-31" daemon [_thread_blocked, id=55572, stack(0x0000009a69200000,0x0000009a69300000)]
  0x000001f8a5046800 JavaThread "scala-execution-context-global-32" daemon [_thread_blocked, id=51872, stack(0x0000009a69300000,0x0000009a69400000)]
  0x000001f8a5049000 JavaThread "scala-execution-context-global-33" daemon [_thread_blocked, id=56960, stack(0x0000009a69400000,0x0000009a69500000)]
  0x000001f8a5047800 JavaThread "scala-execution-context-global-34" daemon [_thread_blocked, id=54172, stack(0x0000009a69500000,0x0000009a69600000)]
  0x000001f8a504c000 JavaThread "scala-execution-context-global-35" daemon [_thread_blocked, id=39300, stack(0x0000009a69600000,0x0000009a69700000)]
  0x000001f8a5046000 JavaThread "chordial-demo-akka.actor.default-dispatcher-14" [_thread_blocked, id=28992, stack(0x0000009a69700000,0x0000009a69800000)]
  0x000001f8a504a000 JavaThread "chordial-demo-akka.actor.default-dispatcher-15" [_thread_blocked, id=56668, stack(0x0000009a69800000,0x0000009a69900000)]
  0x000001f8a504a800 JavaThread "chordial-demo-akka.actor.default-dispatcher-13" [_thread_blocked, id=55332, stack(0x0000009a69900000,0x0000009a69a00000)]
  0x000001f8a5045000 JavaThread "chordial-demo-akka.actor.default-dispatcher-16" [_thread_blocked, id=55492, stack(0x0000009a69a00000,0x0000009a69b00000)]
  0x000001f8a5051800 JavaThread "chordial-demo-akka.actor.default-dispatcher-18" [_thread_blocked, id=56516, stack(0x0000009a69b00000,0x0000009a69c00000)]
  0x000001f8a5052800 JavaThread "chordial-demo-akka.actor.default-dispatcher-17" [_thread_blocked, id=56792, stack(0x0000009a69c00000,0x0000009a69d00000)]
  0x000001f8a5053000 JavaThread "chordial-demo-akka.actor.default-dispatcher-19" [_thread_blocked, id=30340, stack(0x0000009a69d00000,0x0000009a69e00000)]
  0x000001f8a5050000 JavaThread "chordial-demo-akka.actor.default-dispatcher-20" [_thread_blocked, id=46712, stack(0x0000009a69e00000,0x0000009a69f00000)]
  0x000001f8a504e800 JavaThread "chordial-demo-akka.actor.default-dispatcher-21" [_thread_blocked, id=54620, stack(0x0000009a69f00000,0x0000009a6a000000)]
  0x000001f8a504d000 JavaThread "chordial-demo-akka.actor.default-dispatcher-22" [_thread_blocked, id=53256, stack(0x0000009a6a000000,0x0000009a6a100000)]
  0x000001f8a5054000 JavaThread "chordial-demo-akka.actor.default-dispatcher-24" [_thread_blocked, id=33128, stack(0x0000009a6a100000,0x0000009a6a200000)]
  0x000001f8a504f800 JavaThread "chordial-demo-akka.actor.default-dispatcher-23" [_thread_blocked, id=54536, stack(0x0000009a6a200000,0x0000009a6a300000)]
  0x000001f8a504d800 JavaThread "chordial-demo-akka.actor.default-dispatcher-25" [_thread_in_vm, id=54632, stack(0x0000009a6a300000,0x0000009a6a400000)]
  0x000001f8a4f3e800 JavaThread "chordial-demo-akka.actor.default-dispatcher-26" [_thread_blocked, id=29652, stack(0x0000009a6a400000,0x0000009a6a500000)]
  0x000001f8a4f40000 JavaThread "chordial-demo-akka.actor.default-dispatcher-27" [_thread_blocked, id=19976, stack(0x0000009a6a500000,0x0000009a6a600000)]
  0x000001f8a4f41000 JavaThread "chordial-demo-akka.actor.default-dispatcher-28" [_thread_blocked, id=56940, stack(0x0000009a6a600000,0x0000009a6a700000)]

Other Threads:
  0x000001f8ff896000 VMThread "VM Thread" [stack: 0x0000009a67500000,0x0000009a67600000] [id=56728]
  0x000001f8a4454800 WatcherThread [stack: 0x0000009a68400000,0x0000009a68500000] [id=46788]
  0x000001f8fc104800 GCTaskThread "GC Thread#0" [stack: 0x0000009a66100000,0x0000009a66200000] [id=55056]
  0x000001f8fc105800 GCTaskThread "GC Thread#1" [stack: 0x0000009a66200000,0x0000009a66300000] [id=33416]
  0x000001f8fc108000 GCTaskThread "GC Thread#2" [stack: 0x0000009a66300000,0x0000009a66400000] [id=55924]
  0x000001f8fc10e000 GCTaskThread "GC Thread#3" [stack: 0x0000009a66400000,0x0000009a66500000] [id=57100]
  0x000001f8fc117800 GCTaskThread "GC Thread#4" [stack: 0x0000009a66500000,0x0000009a66600000] [id=50752]
  0x000001f8fc11b000 GCTaskThread "GC Thread#5" [stack: 0x0000009a66600000,0x0000009a66700000] [id=56952]
  0x000001f8fc11d800 GCTaskThread "GC Thread#6" [stack: 0x0000009a66700000,0x0000009a66800000] [id=54912]
  0x000001f8fc118800 GCTaskThread "GC Thread#7" [stack: 0x0000009a66800000,0x0000009a66900000] [id=53972]
  0x000001f8fc172000 ConcurrentGCThread "G1 Main Marker" [stack: 0x0000009a66900000,0x0000009a66a00000] [id=55796]
  0x000001f8fc119000 ConcurrentGCThread "G1 Conc#0" [stack: 0x0000009a66a00000,0x0000009a66b00000] [id=33320]
  0x000001f8fc119800 ConcurrentGCThread "G1 Conc#1" [stack: 0x0000009a66b00000,0x0000009a66c00000] [id=54608]
  0x000001f8fc1ce000 ConcurrentGCThread "G1 Refine#0" [stack: 0x0000009a66c00000,0x0000009a66d00000] [id=51140]
  0x000001f8fe590000 ConcurrentGCThread "G1 Refine#1" [stack: 0x0000009a66d00000,0x0000009a66e00000] [id=54776]
  0x000001f8fe591000 ConcurrentGCThread "G1 Refine#2" [stack: 0x0000009a66e00000,0x0000009a66f00000] [id=37376]
  0x000001f8fe593800 ConcurrentGCThread "G1 Refine#3" [stack: 0x0000009a66f00000,0x0000009a67000000] [id=56040]
  0x000001f8fe595800 ConcurrentGCThread "G1 Refine#4" [stack: 0x0000009a67000000,0x0000009a67100000] [id=55832]
  0x000001f8fe598800 ConcurrentGCThread "G1 Refine#5" [stack: 0x0000009a67100000,0x0000009a67200000] [id=56732]
  0x000001f8fe59b000 ConcurrentGCThread "G1 Refine#6" [stack: 0x0000009a67200000,0x0000009a67300000] [id=44164]
  0x000001f8fe59c000 ConcurrentGCThread "G1 Refine#7" [stack: 0x0000009a67300000,0x0000009a67400000] [id=56600]
  0x000001f8fe59c800 ConcurrentGCThread "G1 Young RemSet Sampling" [stack: 0x0000009a67400000,0x0000009a67500000] [id=53948]

Threads with active compile tasks:
C2 CompilerThread04411       4       akka.actor.Deployer::lookup (20 bytes)

VM state:not at safepoint (normal execution)

VM Mutex/Monitor currently owned by a thread: None

Heap address: 0x00000006c0e00000, size: 4082 MB, Compressed Oops mode: Zero based, Oop shift amount: 3
Narrow klass base: 0x0000000000000000, Narrow klass shift: 3
Compressed class space size: 1073741824 Address: 0x00000007c0000000

Heap:
 garbage-first heap   total 347136K, used 244736K [0x00000006c0e00000, 0x00000007c0000000)
  region size 1024K, 99 young (101376K), 15 survivors (15360K)
 Metaspace       used 43520K, capacity 44328K, committed 45056K, reserved 1089536K
  class space    used 4813K, capacity 5017K, committed 5120K, reserved 1048576K
Heap Regions: E=young(eden), S=young(survivor), O=old, HS=humongous(starts), HC=humongous(continues), CS=collection set, F=free, A=archive, TS=gc time stamp, AC=allocation context, TAMS=top-at-mark-start (previous, next)
|   0|0x00000006c0e00000, 0x00000006c0f00000, 0x00000006c0f00000|100%| O|  |TS  0|AC  0|TAMS 0x00000006c0f00000, 0x00000006c0f00000|
|   1|0x00000006c0f00000, 0x00000006c1000000, 0x00000006c1000000|100%| O|  |TS  0|AC  0|TAMS 0x00000006c1000000, 0x00000006c1000000|
|   2|0x00000006c1000000, 0x00000006c1100000, 0x00000006c1100000|100%| O|  |TS  0|AC  0|TAMS 0x00000006c1100000, 0x00000006c1100000|
|   3|0x00000006c1100000, 0x00000006c1200000, 0x00000006c1200000|100%| O|  |TS  0|AC  0|TAMS 0x00000006c1200000, 0x00000006c1200000|
|   4|0x00000006c1200000, 0x00000006c1300000, 0x00000006c1300000|100%| O|  |TS  0|AC  0|TAMS 0x00000006c1300000, 0x00000006c1300000|
|   5|0x00000006c1300000, 0x00000006c1400000, 0x00000006c1400000|100%| O|  |TS  0|AC  0|TAMS 0x00000006c1400000, 0x00000006c1400000|
|   6|0x00000006c1400000, 0x00000006c1500000, 0x00000006c1500000|100%| O|  |TS  3|AC  0|TAMS 0x00000006c1400000, 0x00000006c1400000|
|   7|0x00000006c1500000, 0x00000006c1600000, 0x00000006c1600000|100%| O|  |TS  3|AC  0|TAMS 0x00000006c1500000, 0x00000006c1500000|
|   8|0x00000006c1600000, 0x00000006c1700000, 0x00000006c1700000|100%| O|  |TS  0|AC  0|TAMS 0x00000006c1700000, 0x00000006c1700000|
|   9|0x00000006c1700000, 0x00000006c1800000, 0x00000006c1800000|100%| O|  |TS  3|AC  0|TAMS 0x00000006c1700000, 0x00000006c1700000|
|  10|0x00000006c1800000, 0x00000006c1900000, 0x00000006c1900000|100%| O|  |TS  3|AC  0|TAMS 0x00000006c1800000, 0x00000006c1800000|
|  11|0x00000006c1900000, 0x00000006c1a00000, 0x00000006c1a00000|100%| O|  |TS  1|AC  0|TAMS 0x00000006c1900000, 0x00000006c1900000|
|  12|0x00000006c1a00000, 0x00000006c1b00000, 0x00000006c1b00000|100%| O|  |TS  1|AC  0|TAMS 0x00000006c1a00000, 0x00000006c1a00000|
|  13|0x00000006c1b00000, 0x00000006c1c00000, 0x00000006c1c00000|100%| O|  |TS  1|AC  0|TAMS 0x00000006c1b00000, 0x00000006c1b00000|
|  14|0x00000006c1c00000, 0x00000006c1d00000, 0x00000006c1d00000|100%| O|  |TS  1|AC  0|TAMS 0x00000006c1c00000, 0x00000006c1c00000|
|  15|0x00000006c1d00000, 0x00000006c1e00000, 0x00000006c1e00000|100%| O|  |TS  1|AC  0|TAMS 0x00000006c1d00000, 0x00000006c1d00000|
|  16|0x00000006c1e00000, 0x00000006c1f00000, 0x00000006c1f00000|100%| O|  |TS  1|AC  0|TAMS 0x00000006c1e00000, 0x00000006c1e00000|
|  17|0x00000006c1f00000, 0x00000006c2000000, 0x00000006c2000000|100%| O|  |TS  3|AC  0|TAMS 0x00000006c1f00000, 0x00000006c1f00000|
|  18|0x00000006c2000000, 0x00000006c2100000, 0x00000006c2100000|100%| O|  |TS  1|AC  0|TAMS 0x00000006c2000000, 0x00000006c2000000|
|  19|0x00000006c2100000, 0x00000006c2200000, 0x00000006c2200000|100%| O|  |TS  1|AC  0|TAMS 0x00000006c2100000, 0x00000006c2100000|
|  20|0x00000006c2200000, 0x00000006c2300000, 0x00000006c2300000|100%| O|  |TS  0|AC  0|TAMS 0x00000006c2300000, 0x00000006c2300000|
|  21|0x00000006c2300000, 0x00000006c2400000, 0x00000006c2400000|100%| O|  |TS  0|AC  0|TAMS 0x00000006c2400000, 0x00000006c2400000|
|  22|0x00000006c2400000, 0x00000006c2500000, 0x00000006c2500000|100%| O|  |TS  0|AC  0|TAMS 0x00000006c2500000, 0x00000006c2500000|
|  23|0x00000006c2500000, 0x00000006c2600000, 0x00000006c2600000|100%| O|  |TS  0|AC  0|TAMS 0x00000006c2600000, 0x00000006c2600000|
|  24|0x00000006c2600000, 0x00000006c2700000, 0x00000006c2700000|100%| O|  |TS  0|AC  0|TAMS 0x00000006c2700000, 0x00000006c2700000|
|  25|0x00000006c2700000, 0x00000006c2800000, 0x00000006c2800000|100%| O|  |TS  0|AC  0|TAMS 0x00000006c2800000, 0x00000006c2800000|
|  26|0x00000006c2800000, 0x00000006c2900000, 0x00000006c2900000|100%| O|  |TS  0|AC  0|TAMS 0x00000006c2900000, 0x00000006c2900000|
|  27|0x00000006c2900000, 0x00000006c2a00000, 0x00000006c2a00000|100%| O|  |TS  0|AC  0|TAMS 0x00000006c2a00000, 0x00000006c2a00000|
|  28|0x00000006c2a00000, 0x00000006c2b00000, 0x00000006c2b00000|100%| O|  |TS  0|AC  0|TAMS 0x00000006c2b00000, 0x00000006c2b00000|
|  29|0x00000006c2b00000, 0x00000006c2c00000, 0x00000006c2c00000|100%| O|  |TS  0|AC  0|TAMS 0x00000006c2c00000, 0x00000006c2c00000|
|  30|0x00000006c2c00000, 0x00000006c2d00000, 0x00000006c2d00000|100%| O|  |TS  0|AC  0|TAMS 0x00000006c2d00000, 0x00000006c2d00000|
|  31|0x00000006c2d00000, 0x00000006c2e00000, 0x00000006c2e00000|100%| O|  |TS  2|AC  0|TAMS 0x00000006c2d00000, 0x00000006c2d00000|
|  32|0x00000006c2e00000, 0x00000006c2f00000, 0x00000006c2f00000|100%| O|  |TS  2|AC  0|TAMS 0x00000006c2e00000, 0x00000006c2e00000|
|  33|0x00000006c2f00000, 0x00000006c3000000, 0x00000006c3000000|100%|HS|  |TS  0|AC  0|TAMS 0x00000006c3000000, 0x00000006c3000000|
|  34|0x00000006c3000000, 0x00000006c3100000, 0x00000006c3100000|100%| O|  |TS  3|AC  0|TAMS 0x00000006c3000000, 0x00000006c3000000|
|  35|0x00000006c3100000, 0x00000006c3200000, 0x00000006c3200000|100%| O|  |TS  3|AC  0|TAMS 0x00000006c3100000, 0x00000006c3100000|
|  36|0x00000006c3200000, 0x00000006c3300000, 0x00000006c3300000|100%| O|  |TS  3|AC  0|TAMS 0x00000006c3200000, 0x00000006c3200000|
|  37|0x00000006c3300000, 0x00000006c3400000, 0x00000006c3400000|100%| O|  |TS  0|AC  0|TAMS 0x00000006c3400000, 0x00000006c3400000|
|  38|0x00000006c3400000, 0x00000006c3500000, 0x00000006c3500000|100%| O|  |TS  3|AC  0|TAMS 0x00000006c3400000, 0x00000006c3400000|
|  39|0x00000006c3500000, 0x00000006c3600000, 0x00000006c3600000|100%| O|  |TS  3|AC  0|TAMS 0x00000006c3500000, 0x00000006c3500000|
|  40|0x00000006c3600000, 0x00000006c3700000, 0x00000006c3700000|100%| O|  |TS  3|AC  0|TAMS 0x00000006c3600000, 0x00000006c3600000|
|  41|0x00000006c3700000, 0x00000006c3800000, 0x00000006c3800000|100%| O|  |TS  3|AC  0|TAMS 0x00000006c3700000, 0x00000006c3700000|
|  42|0x00000006c3800000, 0x00000006c3900000, 0x00000006c3900000|100%| O|  |TS  3|AC  0|TAMS 0x00000006c3800000, 0x00000006c3800000|
|  43|0x00000006c3900000, 0x00000006c3a00000, 0x00000006c3a00000|100%| O|  |TS  3|AC  0|TAMS 0x00000006c3900000, 0x00000006c3900000|
|  44|0x00000006c3a00000, 0x00000006c3b00000, 0x00000006c3b00000|100%| O|  |TS  3|AC  0|TAMS 0x00000006c3a00000, 0x00000006c3a00000|
|  45|0x00000006c3b00000, 0x00000006c3c00000, 0x00000006c3c00000|100%| O|  |TS  3|AC  0|TAMS 0x00000006c3b00000, 0x00000006c3b00000|
|  46|0x00000006c3c00000, 0x00000006c3d00000, 0x00000006c3d00000|100%| O|  |TS  3|AC  0|TAMS 0x00000006c3c00000, 0x00000006c3c00000|
|  47|0x00000006c3d00000, 0x00000006c3e00000, 0x00000006c3e00000|100%| O|  |TS  3|AC  0|TAMS 0x00000006c3d00000, 0x00000006c3d00000|
|  48|0x00000006c3e00000, 0x00000006c3f00000, 0x00000006c3f00000|100%| O|  |TS  3|AC  0|TAMS 0x00000006c3e00000, 0x00000006c3e00000|
|  49|0x00000006c3f00000, 0x00000006c4000000, 0x00000006c4000000|100%| O|  |TS  3|AC  0|TAMS 0x00000006c3f00000, 0x00000006c3f00000|
|  50|0x00000006c4000000, 0x00000006c4100000, 0x00000006c4100000|100%| O|  |TS  3|AC  0|TAMS 0x00000006c4000000, 0x00000006c4000000|
|  51|0x00000006c4100000, 0x00000006c4200000, 0x00000006c4200000|100%| O|  |TS  3|AC  0|TAMS 0x00000006c4100000, 0x00000006c4100000|
|  52|0x00000006c4200000, 0x00000006c4300000, 0x00000006c4300000|100%| O|  |TS  3|AC  0|TAMS 0x00000006c4200000, 0x00000006c4200000|
|  53|0x00000006c4300000, 0x00000006c4400000, 0x00000006c4400000|100%| O|  |TS  3|AC  0|TAMS 0x00000006c4300000, 0x00000006c4300000|
|  54|0x00000006c4400000, 0x00000006c4500000, 0x00000006c4500000|100%| O|  |TS  0|AC  0|TAMS 0x00000006c4500000, 0x00000006c4500000|
|  55|0x00000006c4500000, 0x00000006c4600000, 0x00000006c4600000|100%| O|  |TS  3|AC  0|TAMS 0x00000006c4500000, 0x00000006c4500000|
|  56|0x00000006c4600000, 0x00000006c4700000, 0x00000006c4700000|100%| O|  |TS  0|AC  0|TAMS 0x00000006c4700000, 0x00000006c4700000|
|  57|0x00000006c4700000, 0x00000006c4800000, 0x00000006c4800000|100%| O|  |TS  3|AC  0|TAMS 0x00000006c4700000, 0x00000006c4700000|
|  58|0x00000006c4800000, 0x00000006c4900000, 0x00000006c4900000|100%| O|  |TS  0|AC  0|TAMS 0x00000006c4900000, 0x00000006c4900000|
|  59|0x00000006c4900000, 0x00000006c4a00000, 0x00000006c4a00000|100%| O|  |TS  3|AC  0|TAMS 0x00000006c4900000, 0x00000006c4900000|
|  60|0x00000006c4a00000, 0x00000006c4b00000, 0x00000006c4b00000|100%| O|  |TS  3|AC  0|TAMS 0x00000006c4a00000, 0x00000006c4a00000|
|  61|0x00000006c4b00000, 0x00000006c4c00000, 0x00000006c4c00000|100%| O|  |TS  3|AC  0|TAMS 0x00000006c4b00000, 0x00000006c4b00000|
|  62|0x00000006c4c00000, 0x00000006c4d00000, 0x00000006c4d00000|100%| O|  |TS  3|AC  0|TAMS 0x00000006c4c00000, 0x00000006c4c00000|
|  63|0x00000006c4d00000, 0x00000006c4e00000, 0x00000006c4e00000|100%| O|  |TS  3|AC  0|TAMS 0x00000006c4d00000, 0x00000006c4d00000|
|  64|0x00000006c4e00000, 0x00000006c4f00000, 0x00000006c4f00000|100%| O|  |TS  3|AC  0|TAMS 0x00000006c4e00000, 0x00000006c4e00000|
|  65|0x00000006c4f00000, 0x00000006c5000000, 0x00000006c5000000|100%| O|  |TS  3|AC  0|TAMS 0x00000006c4f00000, 0x00000006c4f00000|
|  66|0x00000006c5000000, 0x00000006c5100000, 0x00000006c5100000|100%| O|  |TS  0|AC  0|TAMS 0x00000006c5100000, 0x00000006c5100000|
|  67|0x00000006c5100000, 0x00000006c5200000, 0x00000006c5200000|100%| O|  |TS  3|AC  0|TAMS 0x00000006c5100000, 0x00000006c5100000|
|  68|0x00000006c5200000, 0x00000006c5300000, 0x00000006c5300000|100%| O|  |TS  4|AC  0|TAMS 0x00000006c5200000, 0x00000006c5200000|
|  69|0x00000006c5300000, 0x00000006c5400000, 0x00000006c5400000|100%| O|  |TS  4|AC  0|TAMS 0x00000006c5300000, 0x00000006c5300000|
|  70|0x00000006c5400000, 0x00000006c5500000, 0x00000006c5500000|100%| O|  |TS  4|AC  0|TAMS 0x00000006c5400000, 0x00000006c5400000|
|  71|0x00000006c5500000, 0x00000006c5600000, 0x00000006c5600000|100%| O|  |TS  4|AC  0|TAMS 0x00000006c5500000, 0x00000006c5500000|
|  72|0x00000006c5600000, 0x00000006c5700000, 0x00000006c5700000|100%| O|  |TS  4|AC  0|TAMS 0x00000006c5600000, 0x00000006c5600000|
|  73|0x00000006c5700000, 0x00000006c5800000, 0x00000006c5800000|100%| O|  |TS  4|AC  0|TAMS 0x00000006c5700000, 0x00000006c5700000|
|  74|0x00000006c5800000, 0x00000006c5900000, 0x00000006c5900000|100%| O|  |TS  4|AC  0|TAMS 0x00000006c5800000, 0x00000006c5800000|
|  75|0x00000006c5900000, 0x00000006c5a00000, 0x00000006c5a00000|100%| O|  |TS  4|AC  0|TAMS 0x00000006c5900000, 0x00000006c5900000|
|  76|0x00000006c5a00000, 0x00000006c5b00000, 0x00000006c5b00000|100%| O|  |TS  4|AC  0|TAMS 0x00000006c5a00000, 0x00000006c5a00000|
|  77|0x00000006c5b00000, 0x00000006c5c00000, 0x00000006c5c00000|100%| O|  |TS  4|AC  0|TAMS 0x00000006c5b00000, 0x00000006c5b00000|
|  78|0x00000006c5c00000, 0x00000006c5d00000, 0x00000006c5d00000|100%| O|  |TS  4|AC  0|TAMS 0x00000006c5c00000, 0x00000006c5c00000|
|  79|0x00000006c5d00000, 0x00000006c5e00000, 0x00000006c5e00000|100%| O|  |TS  4|AC  0|TAMS 0x00000006c5d00000, 0x00000006c5d00000|
|  80|0x00000006c5e00000, 0x00000006c5f00000, 0x00000006c5f00000|100%| O|  |TS  0|AC  0|TAMS 0x00000006c5f00000, 0x00000006c5f00000|
|  81|0x00000006c5f00000, 0x00000006c6000000, 0x00000006c6000000|100%| O|  |TS  4|AC  0|TAMS 0x00000006c5f00000, 0x00000006c5f00000|
|  82|0x00000006c6000000, 0x00000006c6100000, 0x00000006c6100000|100%| O|  |TS  4|AC  0|TAMS 0x00000006c6000000, 0x00000006c6000000|
|  83|0x00000006c6100000, 0x00000006c6200000, 0x00000006c6200000|100%| O|  |TS  4|AC  0|TAMS 0x00000006c6100000, 0x00000006c6100000|
|  84|0x00000006c6200000, 0x00000006c6300000, 0x00000006c6300000|100%| O|  |TS  0|AC  0|TAMS 0x00000006c6300000, 0x00000006c6300000|
|  85|0x00000006c6300000, 0x00000006c6400000, 0x00000006c6400000|100%| O|  |TS  4|AC  0|TAMS 0x00000006c6300000, 0x00000006c6300000|
|  86|0x00000006c6400000, 0x00000006c6500000, 0x00000006c6500000|100%| O|  |TS  4|AC  0|TAMS 0x00000006c6400000, 0x00000006c6400000|
|  87|0x00000006c6500000, 0x00000006c6600000, 0x00000006c6600000|100%| O|  |TS  4|AC  0|TAMS 0x00000006c6500000, 0x00000006c6500000|
|  88|0x00000006c6600000, 0x00000006c6700000, 0x00000006c6700000|100%| O|  |TS  4|AC  0|TAMS 0x00000006c6600000, 0x00000006c6600000|
|  89|0x00000006c6700000, 0x00000006c6800000, 0x00000006c6800000|100%| O|  |TS  4|AC  0|TAMS 0x00000006c6700000, 0x00000006c6700000|
|  90|0x00000006c6800000, 0x00000006c6900000, 0x00000006c6900000|100%| O|  |TS  4|AC  0|TAMS 0x00000006c6800000, 0x00000006c6800000|
|  91|0x00000006c6900000, 0x00000006c6a00000, 0x00000006c6a00000|100%| O|  |TS  5|AC  0|TAMS 0x00000006c6900000, 0x00000006c6900000|
|  92|0x00000006c6a00000, 0x00000006c6b00000, 0x00000006c6b00000|100%| O|  |TS  0|AC  0|TAMS 0x00000006c6b00000, 0x00000006c6b00000|
|  93|0x00000006c6b00000, 0x00000006c6c00000, 0x00000006c6c00000|100%| O|  |TS  5|AC  0|TAMS 0x00000006c6b00000, 0x00000006c6b00000|
|  94|0x00000006c6c00000, 0x00000006c6d00000, 0x00000006c6d00000|100%| O|  |TS  5|AC  0|TAMS 0x00000006c6c00000, 0x00000006c6c00000|
|  95|0x00000006c6d00000, 0x00000006c6e00000, 0x00000006c6e00000|100%| O|  |TS  5|AC  0|TAMS 0x00000006c6d00000, 0x00000006c6d00000|
|  96|0x00000006c6e00000, 0x00000006c6f00000, 0x00000006c6f00000|100%| O|  |TS  5|AC  0|TAMS 0x00000006c6e00000, 0x00000006c6e00000|
|  97|0x00000006c6f00000, 0x00000006c7000000, 0x00000006c7000000|100%| O|  |TS  5|AC  0|TAMS 0x00000006c6f00000, 0x00000006c6f00000|
|  98|0x00000006c7000000, 0x00000006c7100000, 0x00000006c7100000|100%| O|  |TS  5|AC  0|TAMS 0x00000006c7000000, 0x00000006c7000000|
|  99|0x00000006c7100000, 0x00000006c7200000, 0x00000006c7200000|100%| O|  |TS  5|AC  0|TAMS 0x00000006c7100000, 0x00000006c7100000|
| 100|0x00000006c7200000, 0x00000006c7300000, 0x00000006c7300000|100%| O|  |TS  5|AC  0|TAMS 0x00000006c7200000, 0x00000006c7200000|
| 101|0x00000006c7300000, 0x00000006c7400000, 0x00000006c7400000|100%| O|  |TS  5|AC  0|TAMS 0x00000006c7300000, 0x00000006c7300000|
| 102|0x00000006c7400000, 0x00000006c7500000, 0x00000006c7500000|100%| O|  |TS  5|AC  0|TAMS 0x00000006c7400000, 0x00000006c7400000|
| 103|0x00000006c7500000, 0x00000006c7600000, 0x00000006c7600000|100%| O|  |TS  5|AC  0|TAMS 0x00000006c7500000, 0x00000006c7500000|
| 104|0x00000006c7600000, 0x00000006c7700000, 0x00000006c7700000|100%| O|  |TS  5|AC  0|TAMS 0x00000006c7600000, 0x00000006c7600000|
| 105|0x00000006c7700000, 0x00000006c7800000, 0x00000006c7800000|100%| O|  |TS  5|AC  0|TAMS 0x00000006c7700000, 0x00000006c7700000|
| 106|0x00000006c7800000, 0x00000006c7900000, 0x00000006c7900000|100%| O|  |TS  5|AC  0|TAMS 0x00000006c7800000, 0x00000006c7800000|
| 107|0x00000006c7900000, 0x00000006c7a00000, 0x00000006c7a00000|100%| O|  |TS  0|AC  0|TAMS 0x00000006c7a00000, 0x00000006c7a00000|
| 108|0x00000006c7a00000, 0x00000006c7b00000, 0x00000006c7b00000|100%| O|  |TS  0|AC  0|TAMS 0x00000006c7b00000, 0x00000006c7b00000|
| 109|0x00000006c7b00000, 0x00000006c7c00000, 0x00000006c7c00000|100%| O|  |TS  0|AC  0|TAMS 0x00000006c7c00000, 0x00000006c7c00000|
| 110|0x00000006c7c00000, 0x00000006c7d00000, 0x00000006c7d00000|100%| O|  |TS  0|AC  0|TAMS 0x00000006c7d00000, 0x00000006c7d00000|
| 111|0x00000006c7d00000, 0x00000006c7e00000, 0x00000006c7e00000|100%| O|  |TS  0|AC  0|TAMS 0x00000006c7e00000, 0x00000006c7e00000|
| 112|0x00000006c7e00000, 0x00000006c7f00000, 0x00000006c7f00000|100%| O|  |TS  5|AC  0|TAMS 0x00000006c7e00000, 0x00000006c7e00000|
| 113|0x00000006c7f00000, 0x00000006c8000000, 0x00000006c8000000|100%| O|  |TS  0|AC  0|TAMS 0x00000006c8000000, 0x00000006c8000000|
| 114|0x00000006c8000000, 0x00000006c8100000, 0x00000006c8100000|100%| O|  |TS  0|AC  0|TAMS 0x00000006c8100000, 0x00000006c8100000|
| 115|0x00000006c8100000, 0x00000006c8200000, 0x00000006c8200000|100%| O|  |TS  0|AC  0|TAMS 0x00000006c8200000, 0x00000006c8200000|
| 116|0x00000006c8200000, 0x00000006c8300000, 0x00000006c8300000|100%| O|  |TS  0|AC  0|TAMS 0x00000006c8300000, 0x00000006c8300000|
| 117|0x00000006c8300000, 0x00000006c8400000, 0x00000006c8400000|100%| O|  |TS  0|AC  0|TAMS 0x00000006c8400000, 0x00000006c8400000|
| 118|0x00000006c8400000, 0x00000006c8500000, 0x00000006c8500000|100%| O|  |TS  0|AC  0|TAMS 0x00000006c8500000, 0x00000006c8500000|
| 119|0x00000006c8500000, 0x00000006c8600000, 0x00000006c8600000|100%| O|  |TS  0|AC  0|TAMS 0x00000006c8600000, 0x00000006c8600000|
| 120|0x00000006c8600000, 0x00000006c8700000, 0x00000006c8700000|100%| O|  |TS  1|AC  0|TAMS 0x00000006c8640600, 0x00000006c8640600|
| 121|0x00000006c8700000, 0x00000006c8800000, 0x00000006c8800000|100%| O|  |TS  5|AC  0|TAMS 0x00000006c8700000, 0x00000006c8700000|
| 122|0x00000006c8800000, 0x00000006c8900000, 0x00000006c8900000|100%| O|  |TS  5|AC  0|TAMS 0x00000006c8800000, 0x00000006c8800000|
| 123|0x00000006c8900000, 0x00000006c8a00000, 0x00000006c8a00000|100%| O|  |TS  6|AC  0|TAMS 0x00000006c8900000, 0x00000006c8900000|
| 124|0x00000006c8a00000, 0x00000006c8b00000, 0x00000006c8b00000|100%| O|  |TS  0|AC  0|TAMS 0x00000006c8b00000, 0x00000006c8b00000|
| 125|0x00000006c8b00000, 0x00000006c8c00000, 0x00000006c8c00000|100%| O|  |TS  6|AC  0|TAMS 0x00000006c8b00000, 0x00000006c8b00000|
| 126|0x00000006c8c00000, 0x00000006c8d00000, 0x00000006c8d00000|100%| O|  |TS  6|AC  0|TAMS 0x00000006c8c00000, 0x00000006c8c00000|
| 127|0x00000006c8d00000, 0x00000006c8e00000, 0x00000006c8e00000|100%| O|  |TS  6|AC  0|TAMS 0x00000006c8d00000, 0x00000006c8d00000|
| 128|0x00000006c8e00000, 0x00000006c8f00000, 0x00000006c8f00000|100%| O|  |TS  6|AC  0|TAMS 0x00000006c8e00000, 0x00000006c8e00000|
| 129|0x00000006c8f00000, 0x00000006c9000000, 0x00000006c9000000|100%| O|  |TS  6|AC  0|TAMS 0x00000006c8f00000, 0x00000006c8f00000|
| 130|0x00000006c9000000, 0x00000006c9100000, 0x00000006c9100000|100%| O|  |TS  6|AC  0|TAMS 0x00000006c9000000, 0x00000006c9000000|
| 131|0x00000006c9100000, 0x00000006c9200000, 0x00000006c9200000|100%| O|  |TS  6|AC  0|TAMS 0x00000006c9100000, 0x00000006c9100000|
| 132|0x00000006c9200000, 0x00000006c9300000, 0x00000006c9300000|100%| O|  |TS  6|AC  0|TAMS 0x00000006c9200000, 0x00000006c9200000|
| 133|0x00000006c9300000, 0x00000006c9400000, 0x00000006c9400000|100%| O|  |TS  6|AC  0|TAMS 0x00000006c9300000, 0x00000006c9300000|
| 134|0x00000006c9400000, 0x00000006c9500000, 0x00000006c9500000|100%| O|  |TS  6|AC  0|TAMS 0x00000006c9400000, 0x00000006c9400000|
| 135|0x00000006c9500000, 0x00000006c9600000, 0x00000006c9600000|100%| O|  |TS  6|AC  0|TAMS 0x00000006c9500000, 0x00000006c9500000|
| 136|0x00000006c9600000, 0x00000006c9700000, 0x00000006c9700000|100%| O|  |TS  6|AC  0|TAMS 0x00000006c9600000, 0x00000006c9600000|
| 137|0x00000006c9700000, 0x00000006c9800000, 0x00000006c9800000|100%| O|  |TS  6|AC  0|TAMS 0x00000006c9700000, 0x00000006c9700000|
| 138|0x00000006c9800000, 0x00000006c9900000, 0x00000006c9900000|100%| O|  |TS  6|AC  0|TAMS 0x00000006c9800000, 0x00000006c9800000|
| 139|0x00000006c9900000, 0x00000006c9a00000, 0x00000006c9a00000|100%| O|  |TS  6|AC  0|TAMS 0x00000006c9900000, 0x00000006c9900000|
| 140|0x00000006c9a00000, 0x00000006c9b00000, 0x00000006c9b00000|100%| O|  |TS  6|AC  0|TAMS 0x00000006c9a00000, 0x00000006c9a00000|
| 141|0x00000006c9b00000, 0x00000006c9b00000, 0x00000006c9c00000|  0%| F|  |TS  3|AC  0|TAMS 0x00000006c9b00000, 0x00000006c9b00000|
| 142|0x00000006c9c00000, 0x00000006c9c00000, 0x00000006c9d00000|  0%| F|  |TS  3|AC  0|TAMS 0x00000006c9c00000, 0x00000006c9c00000|
| 143|0x00000006c9d00000, 0x00000006c9d00000, 0x00000006c9e00000|  0%| F|  |TS  3|AC  0|TAMS 0x00000006c9d00000, 0x00000006c9d00000|
| 144|0x00000006c9e00000, 0x00000006c9e00000, 0x00000006c9f00000|  0%| F|  |TS  3|AC  0|TAMS 0x00000006c9e00000, 0x00000006c9e00000|
| 145|0x00000006c9f00000, 0x00000006c9f00000, 0x00000006ca000000|  0%| F|  |TS  3|AC  0|TAMS 0x00000006c9f00000, 0x00000006c9f00000|
| 146|0x00000006ca000000, 0x00000006ca000000, 0x00000006ca100000|  0%| F|  |TS  3|AC  0|TAMS 0x00000006ca000000, 0x00000006ca000000|
| 147|0x00000006ca100000, 0x00000006ca100000, 0x00000006ca200000|  0%| F|  |TS  3|AC  0|TAMS 0x00000006ca100000, 0x00000006ca100000|
| 148|0x00000006ca200000, 0x00000006ca200000, 0x00000006ca300000|  0%| F|  |TS  3|AC  0|TAMS 0x00000006ca200000, 0x00000006ca200000|
| 149|0x00000006ca300000, 0x00000006ca300000, 0x00000006ca400000|  0%| F|  |TS  3|AC  0|TAMS 0x00000006ca300000, 0x00000006ca300000|
| 150|0x00000006ca400000, 0x00000006ca400000, 0x00000006ca500000|  0%| F|  |TS  3|AC  0|TAMS 0x00000006ca400000, 0x00000006ca400000|
| 151|0x00000006ca500000, 0x00000006ca500000, 0x00000006ca600000|  0%| F|  |TS  3|AC  0|TAMS 0x00000006ca500000, 0x00000006ca500000|
| 152|0x00000006ca600000, 0x00000006ca600000, 0x00000006ca700000|  0%| F|  |TS  3|AC  0|TAMS 0x00000006ca600000, 0x00000006ca600000|
| 153|0x00000006ca700000, 0x00000006ca700000, 0x00000006ca800000|  0%| F|  |TS  3|AC  0|TAMS 0x00000006ca700000, 0x00000006ca700000|
| 154|0x00000006ca800000, 0x00000006ca800000, 0x00000006ca900000|  0%| F|  |TS  3|AC  0|TAMS 0x00000006ca800000, 0x00000006ca800000|
| 155|0x00000006ca900000, 0x00000006ca900000, 0x00000006caa00000|  0%| F|  |TS  3|AC  0|TAMS 0x00000006ca900000, 0x00000006ca900000|
| 156|0x00000006caa00000, 0x00000006caa00000, 0x00000006cab00000|  0%| F|  |TS  3|AC  0|TAMS 0x00000006caa00000, 0x00000006caa00000|
| 157|0x00000006cab00000, 0x00000006cab00000, 0x00000006cac00000|  0%| F|  |TS  3|AC  0|TAMS 0x00000006cab00000, 0x00000006cab00000|
| 158|0x00000006cac00000, 0x00000006cac00000, 0x00000006cad00000|  0%| F|  |TS  3|AC  0|TAMS 0x00000006cac00000, 0x00000006cac00000|
| 159|0x00000006cad00000, 0x00000006cad00000, 0x00000006cae00000|  0%| F|  |TS  3|AC  0|TAMS 0x00000006cad00000, 0x00000006cad00000|
| 160|0x00000006cae00000, 0x00000006cae00000, 0x00000006caf00000|  0%| F|  |TS  3|AC  0|TAMS 0x00000006cae00000, 0x00000006cae00000|
| 161|0x00000006caf00000, 0x00000006caf00000, 0x00000006cb000000|  0%| F|  |TS  3|AC  0|TAMS 0x00000006caf00000, 0x00000006caf00000|
| 162|0x00000006cb000000, 0x00000006cb000000, 0x00000006cb100000|  0%| F|  |TS  3|AC  0|TAMS 0x00000006cb000000, 0x00000006cb000000|
| 163|0x00000006cb100000, 0x00000006cb100000, 0x00000006cb200000|  0%| F|  |TS  3|AC  0|TAMS 0x00000006cb100000, 0x00000006cb100000|
| 164|0x00000006cb200000, 0x00000006cb200000, 0x00000006cb300000|  0%| F|  |TS  3|AC  0|TAMS 0x00000006cb200000, 0x00000006cb200000|
| 165|0x00000006cb300000, 0x00000006cb300000, 0x00000006cb400000|  0%| F|  |TS  3|AC  0|TAMS 0x00000006cb300000, 0x00000006cb300000|
| 166|0x00000006cb400000, 0x00000006cb400000, 0x00000006cb500000|  0%| F|  |TS  3|AC  0|TAMS 0x00000006cb400000, 0x00000006cb400000|
| 167|0x00000006cb500000, 0x00000006cb500000, 0x00000006cb600000|  0%| F|  |TS  3|AC  0|TAMS 0x00000006cb500000, 0x00000006cb500000|
| 168|0x00000006cb600000, 0x00000006cb600000, 0x00000006cb700000|  0%| F|  |TS  3|AC  0|TAMS 0x00000006cb600000, 0x00000006cb600000|
| 169|0x00000006cb700000, 0x00000006cb700000, 0x00000006cb800000|  0%| F|  |TS  3|AC  0|TAMS 0x00000006cb700000, 0x00000006cb700000|
| 170|0x00000006cb800000, 0x00000006cb800000, 0x00000006cb900000|  0%| F|  |TS  3|AC  0|TAMS 0x00000006cb800000, 0x00000006cb800000|
| 171|0x00000006cb900000, 0x00000006cb900000, 0x00000006cba00000|  0%| F|  |TS  3|AC  0|TAMS 0x00000006cb900000, 0x00000006cb900000|
| 172|0x00000006cba00000, 0x00000006cba00000, 0x00000006cbb00000|  0%| F|  |TS  3|AC  0|TAMS 0x00000006cba00000, 0x00000006cba00000|
| 173|0x00000006cbb00000, 0x00000006cbb00000, 0x00000006cbc00000|  0%| F|  |TS  3|AC  0|TAMS 0x00000006cbb00000, 0x00000006cbb00000|
| 174|0x00000006cbc00000, 0x00000006cbc00000, 0x00000006cbd00000|  0%| F|  |TS  3|AC  0|TAMS 0x00000006cbc00000, 0x00000006cbc00000|
| 175|0x00000006cbd00000, 0x00000006cbd00000, 0x00000006cbe00000|  0%| F|  |TS  3|AC  0|TAMS 0x00000006cbd00000, 0x00000006cbd00000|
| 176|0x00000006cbe00000, 0x00000006cbe00000, 0x00000006cbf00000|  0%| F|  |TS  3|AC  0|TAMS 0x00000006cbe00000, 0x00000006cbe00000|
| 177|0x00000006cbf00000, 0x00000006cbf00000, 0x00000006cc000000|  0%| F|  |TS  3|AC  0|TAMS 0x00000006cbf00000, 0x00000006cbf00000|
| 178|0x00000006cc000000, 0x00000006cc000000, 0x00000006cc100000|  0%| F|  |TS  3|AC  0|TAMS 0x00000006cc000000, 0x00000006cc000000|
| 179|0x00000006cc100000, 0x00000006cc100000, 0x00000006cc200000|  0%| F|  |TS  3|AC  0|TAMS 0x00000006cc100000, 0x00000006cc100000|
| 180|0x00000006cc200000, 0x00000006cc200000, 0x00000006cc300000|  0%| F|  |TS  3|AC  0|TAMS 0x00000006cc200000, 0x00000006cc200000|
| 181|0x00000006cc300000, 0x00000006cc300000, 0x00000006cc400000|  0%| F|  |TS  3|AC  0|TAMS 0x00000006cc300000, 0x00000006cc300000|
| 182|0x00000006cc400000, 0x00000006cc400000, 0x00000006cc500000|  0%| F|  |TS  3|AC  0|TAMS 0x00000006cc400000, 0x00000006cc400000|
| 183|0x00000006cc500000, 0x00000006cc500000, 0x00000006cc600000|  0%| F|  |TS  3|AC  0|TAMS 0x00000006cc500000, 0x00000006cc500000|
| 184|0x00000006cc600000, 0x00000006cc600000, 0x00000006cc700000|  0%| F|  |TS  3|AC  0|TAMS 0x00000006cc600000, 0x00000006cc600000|
| 185|0x00000006cc700000, 0x00000006cc700000, 0x00000006cc800000|  0%| F|  |TS  3|AC  0|TAMS 0x00000006cc700000, 0x00000006cc700000|
| 186|0x00000006cc800000, 0x00000006cc800000, 0x00000006cc900000|  0%| F|  |TS  3|AC  0|TAMS 0x00000006cc800000, 0x00000006cc800000|
| 187|0x00000006cc900000, 0x00000006cc900000, 0x00000006cca00000|  0%| F|  |TS  3|AC  0|TAMS 0x00000006cc900000, 0x00000006cc900000|
| 188|0x00000006cca00000, 0x00000006cca00000, 0x00000006ccb00000|  0%| F|  |TS  3|AC  0|TAMS 0x00000006cca00000, 0x00000006cca00000|
| 189|0x00000006ccb00000, 0x00000006ccb00000, 0x00000006ccc00000|  0%| F|  |TS  3|AC  0|TAMS 0x00000006ccb00000, 0x00000006ccb00000|
| 190|0x00000006ccc00000, 0x00000006ccc00000, 0x00000006ccd00000|  0%| F|  |TS  3|AC  0|TAMS 0x00000006ccc00000, 0x00000006ccc00000|
| 191|0x00000006ccd00000, 0x00000006ccd00000, 0x00000006cce00000|  0%| F|  |TS  6|AC  0|TAMS 0x00000006ccd00000, 0x00000006ccd00000|
| 192|0x00000006cce00000, 0x00000006cce00000, 0x00000006ccf00000|  0%| F|  |TS  6|AC  0|TAMS 0x00000006cce00000, 0x00000006cce00000|
| 193|0x00000006ccf00000, 0x00000006ccf00000, 0x00000006cd000000|  0%| F|  |TS  5|AC  0|TAMS 0x00000006ccf00000, 0x00000006ccf00000|
| 194|0x00000006cd000000, 0x00000006cd000000, 0x00000006cd100000|  0%| F|  |TS  5|AC  0|TAMS 0x00000006cd000000, 0x00000006cd000000|
| 195|0x00000006cd100000, 0x00000006cd100000, 0x00000006cd200000|  0%| F|  |TS  5|AC  0|TAMS 0x00000006cd100000, 0x00000006cd100000|
| 196|0x00000006cd200000, 0x00000006cd200000, 0x00000006cd300000|  0%| F|  |TS  5|AC  0|TAMS 0x00000006cd200000, 0x00000006cd200000|
| 197|0x00000006cd300000, 0x00000006cd300000, 0x00000006cd400000|  0%| F|  |TS  5|AC  0|TAMS 0x00000006cd300000, 0x00000006cd300000|
| 198|0x00000006cd400000, 0x00000006cd400000, 0x00000006cd500000|  0%| F|  |TS  5|AC  0|TAMS 0x00000006cd400000, 0x00000006cd400000|
| 199|0x00000006cd500000, 0x00000006cd500000, 0x00000006cd600000|  0%| F|  |TS  5|AC  0|TAMS 0x00000006cd500000, 0x00000006cd500000|
| 200|0x00000006cd600000, 0x00000006cd600000, 0x00000006cd700000|  0%| F|  |TS  5|AC  0|TAMS 0x00000006cd600000, 0x00000006cd600000|
| 201|0x00000006cd700000, 0x00000006cd700000, 0x00000006cd800000|  0%| F|  |TS  5|AC  0|TAMS 0x00000006cd700000, 0x00000006cd700000|
| 202|0x00000006cd800000, 0x00000006cd800000, 0x00000006cd900000|  0%| F|  |TS  5|AC  0|TAMS 0x00000006cd800000, 0x00000006cd800000|
| 203|0x00000006cd900000, 0x00000006cd900000, 0x00000006cda00000|  0%| F|  |TS  5|AC  0|TAMS 0x00000006cd900000, 0x00000006cd900000|
| 204|0x00000006cda00000, 0x00000006cda00000, 0x00000006cdb00000|  0%| F|  |TS  5|AC  0|TAMS 0x00000006cda00000, 0x00000006cda00000|
| 205|0x00000006cdb00000, 0x00000006cdb00000, 0x00000006cdc00000|  0%| F|  |TS  5|AC  0|TAMS 0x00000006cdb00000, 0x00000006cdb00000|
| 206|0x00000006cdc00000, 0x00000006cdc00000, 0x00000006cdd00000|  0%| F|  |TS  5|AC  0|TAMS 0x00000006cdc00000, 0x00000006cdc00000|
| 207|0x00000006cdd00000, 0x00000006cdd00000, 0x00000006cde00000|  0%| F|  |TS  5|AC  0|TAMS 0x00000006cdd00000, 0x00000006cdd00000|
| 208|0x00000006cde00000, 0x00000006cde00000, 0x00000006cdf00000|  0%| F|  |TS  5|AC  0|TAMS 0x00000006cde00000, 0x00000006cde00000|
| 209|0x00000006cdf00000, 0x00000006cdf00000, 0x00000006ce000000|  0%| F|  |TS  5|AC  0|TAMS 0x00000006cdf00000, 0x00000006cdf00000|
| 210|0x00000006ce000000, 0x00000006ce100000, 0x00000006ce100000|100%| S|CS|TS  6|AC  0|TAMS 0x00000006ce000000, 0x00000006ce000000|
| 211|0x00000006ce100000, 0x00000006ce200000, 0x00000006ce200000|100%| S|CS|TS  6|AC  0|TAMS 0x00000006ce100000, 0x00000006ce100000|
| 212|0x00000006ce200000, 0x00000006ce200000, 0x00000006ce300000|  0%| F|  |TS  6|AC  0|TAMS 0x00000006ce200000, 0x00000006ce200000|
| 213|0x00000006ce300000, 0x00000006ce300000, 0x00000006ce400000|  0%| F|  |TS  6|AC  0|TAMS 0x00000006ce300000, 0x00000006ce300000|
| 214|0x00000006ce400000, 0x00000006ce400000, 0x00000006ce500000|  0%| F|  |TS  6|AC  0|TAMS 0x00000006ce400000, 0x00000006ce400000|
| 215|0x00000006ce500000, 0x00000006ce500000, 0x00000006ce600000|  0%| F|  |TS  6|AC  0|TAMS 0x00000006ce500000, 0x00000006ce500000|
| 216|0x00000006ce600000, 0x00000006ce600000, 0x00000006ce700000|  0%| F|  |TS  6|AC  0|TAMS 0x00000006ce600000, 0x00000006ce600000|
| 217|0x00000006ce700000, 0x00000006ce700000, 0x00000006ce800000|  0%| F|  |TS  6|AC  0|TAMS 0x00000006ce700000, 0x00000006ce700000|
| 218|0x00000006ce800000, 0x00000006ce800000, 0x00000006ce900000|  0%| F|  |TS  6|AC  0|TAMS 0x00000006ce800000, 0x00000006ce800000|
| 219|0x00000006ce900000, 0x00000006ce900000, 0x00000006cea00000|  0%| F|  |TS  6|AC  0|TAMS 0x00000006ce900000, 0x00000006ce900000|
| 220|0x00000006cea00000, 0x00000006cea00000, 0x00000006ceb00000|  0%| F|  |TS  6|AC  0|TAMS 0x00000006cea00000, 0x00000006cea00000|
| 221|0x00000006ceb00000, 0x00000006ceb00000, 0x00000006cec00000|  0%| F|  |TS  6|AC  0|TAMS 0x00000006ceb00000, 0x00000006ceb00000|
| 222|0x00000006cec00000, 0x00000006cec00000, 0x00000006ced00000|  0%| F|  |TS  6|AC  0|TAMS 0x00000006cec00000, 0x00000006cec00000|
| 223|0x00000006ced00000, 0x00000006ced00000, 0x00000006cee00000|  0%| F|  |TS  6|AC  0|TAMS 0x00000006ced00000, 0x00000006ced00000|
| 224|0x00000006cee00000, 0x00000006cee00000, 0x00000006cef00000|  0%| F|  |TS  6|AC  0|TAMS 0x00000006cee00000, 0x00000006cee00000|
| 225|0x00000006cef00000, 0x00000006cef00000, 0x00000006cf000000|  0%| F|  |TS  6|AC  0|TAMS 0x00000006cef00000, 0x00000006cef00000|
| 226|0x00000006cf000000, 0x00000006cf000000, 0x00000006cf100000|  0%| F|  |TS  6|AC  0|TAMS 0x00000006cf000000, 0x00000006cf000000|
| 227|0x00000006cf100000, 0x00000006cf200000, 0x00000006cf200000|100%| S|CS|TS  6|AC  0|TAMS 0x00000006cf100000, 0x00000006cf100000|
| 228|0x00000006cf200000, 0x00000006cf300000, 0x00000006cf300000|100%| S|CS|TS  6|AC  0|TAMS 0x00000006cf200000, 0x00000006cf200000|
| 229|0x00000006cf300000, 0x00000006cf400000, 0x00000006cf400000|100%| S|CS|TS  6|AC  0|TAMS 0x00000006cf300000, 0x00000006cf300000|
| 230|0x00000006cf400000, 0x00000006cf500000, 0x00000006cf500000|100%| S|CS|TS  6|AC  0|TAMS 0x00000006cf400000, 0x00000006cf400000|
| 231|0x00000006cf500000, 0x00000006cf600000, 0x00000006cf600000|100%| S|CS|TS  6|AC  0|TAMS 0x00000006cf500000, 0x00000006cf500000|
| 232|0x00000006cf600000, 0x00000006cf700000, 0x00000006cf700000|100%| S|CS|TS  6|AC  0|TAMS 0x00000006cf600000, 0x00000006cf600000|
| 233|0x00000006cf700000, 0x00000006cf800000, 0x00000006cf800000|100%| S|CS|TS  6|AC  0|TAMS 0x00000006cf700000, 0x00000006cf700000|
| 234|0x00000006cf800000, 0x00000006cf900000, 0x00000006cf900000|100%| S|CS|TS  6|AC  0|TAMS 0x00000006cf800000, 0x00000006cf800000|
| 235|0x00000006cf900000, 0x00000006cfa00000, 0x00000006cfa00000|100%| S|CS|TS  6|AC  0|TAMS 0x00000006cf900000, 0x00000006cf900000|
| 236|0x00000006cfa00000, 0x00000006cfb00000, 0x00000006cfb00000|100%| S|CS|TS  6|AC  0|TAMS 0x00000006cfa00000, 0x00000006cfa00000|
| 237|0x00000006cfb00000, 0x00000006cfc00000, 0x00000006cfc00000|100%| S|CS|TS  6|AC  0|TAMS 0x00000006cfb00000, 0x00000006cfb00000|
| 238|0x00000006cfc00000, 0x00000006cfd00000, 0x00000006cfd00000|100%| S|CS|TS  6|AC  0|TAMS 0x00000006cfc00000, 0x00000006cfc00000|
| 239|0x00000006cfd00000, 0x00000006cfe00000, 0x00000006cfe00000|100%| S|CS|TS  6|AC  0|TAMS 0x00000006cfd00000, 0x00000006cfd00000|
| 240|0x00000006cfe00000, 0x00000006cfe00000, 0x00000006cff00000|  0%| F|  |TS  6|AC  0|TAMS 0x00000006cfe00000, 0x00000006cfe00000|
| 241|0x00000006cff00000, 0x00000006cff00000, 0x00000006d0000000|  0%| F|  |TS  6|AC  0|TAMS 0x00000006cff00000, 0x00000006cff00000|
| 242|0x00000006d0000000, 0x00000006d0000000, 0x00000006d0100000|  0%| F|  |TS  6|AC  0|TAMS 0x00000006d0000000, 0x00000006d0000000|
| 243|0x00000006d0100000, 0x00000006d0100000, 0x00000006d0200000|  0%| F|  |TS  6|AC  0|TAMS 0x00000006d0100000, 0x00000006d0100000|
| 244|0x00000006d0200000, 0x00000006d0200000, 0x00000006d0300000|  0%| F|  |TS  6|AC  0|TAMS 0x00000006d0200000, 0x00000006d0200000|
| 245|0x00000006d0300000, 0x00000006d0300000, 0x00000006d0400000|  0%| F|  |TS  6|AC  0|TAMS 0x00000006d0300000, 0x00000006d0300000|
| 246|0x00000006d0400000, 0x00000006d0400000, 0x00000006d0500000|  0%| F|  |TS  6|AC  0|TAMS 0x00000006d0400000, 0x00000006d0400000|
| 247|0x00000006d0500000, 0x00000006d0500000, 0x00000006d0600000|  0%| F|  |TS  6|AC  0|TAMS 0x00000006d0500000, 0x00000006d0500000|
| 248|0x00000006d0600000, 0x00000006d0600000, 0x00000006d0700000|  0%| F|  |TS  6|AC  0|TAMS 0x00000006d0600000, 0x00000006d0600000|
| 249|0x00000006d0700000, 0x00000006d0700000, 0x00000006d0800000|  0%| F|  |TS  6|AC  0|TAMS 0x00000006d0700000, 0x00000006d0700000|
| 250|0x00000006d0800000, 0x00000006d0800000, 0x00000006d0900000|  0%| F|  |TS  6|AC  0|TAMS 0x00000006d0800000, 0x00000006d0800000|
| 251|0x00000006d0900000, 0x00000006d0900000, 0x00000006d0a00000|  0%| F|  |TS  6|AC  0|TAMS 0x00000006d0900000, 0x00000006d0900000|
| 252|0x00000006d0a00000, 0x00000006d0a00000, 0x00000006d0b00000|  0%| F|  |TS  6|AC  0|TAMS 0x00000006d0a00000, 0x00000006d0a00000|
| 253|0x00000006d0b00000, 0x00000006d0b00000, 0x00000006d0c00000|  0%| F|  |TS  6|AC  0|TAMS 0x00000006d0b00000, 0x00000006d0b00000|
| 254|0x00000006d0c00000, 0x00000006d0c81698, 0x00000006d0d00000| 50%| E|  |TS  6|AC  0|TAMS 0x00000006d0c00000, 0x00000006d0c00000|
| 255|0x00000006d0d00000, 0x00000006d0e00000, 0x00000006d0e00000|100%| E|CS|TS  6|AC  0|TAMS 0x00000006d0d00000, 0x00000006d0d00000|
| 256|0x00000006d0e00000, 0x00000006d0f00000, 0x00000006d0f00000|100%| E|CS|TS  6|AC  0|TAMS 0x00000006d0e00000, 0x00000006d0e00000|
| 257|0x00000006d0f00000, 0x00000006d1000000, 0x00000006d1000000|100%| E|CS|TS  6|AC  0|TAMS 0x00000006d0f00000, 0x00000006d0f00000|
| 258|0x00000006d1000000, 0x00000006d1100000, 0x00000006d1100000|100%| E|CS|TS  6|AC  0|TAMS 0x00000006d1000000, 0x00000006d1000000|
| 259|0x00000006d1100000, 0x00000006d1200000, 0x00000006d1200000|100%| E|CS|TS  6|AC  0|TAMS 0x00000006d1100000, 0x00000006d1100000|
| 260|0x00000006d1200000, 0x00000006d1300000, 0x00000006d1300000|100%| E|CS|TS  6|AC  0|TAMS 0x00000006d1200000, 0x00000006d1200000|
| 261|0x00000006d1300000, 0x00000006d1400000, 0x00000006d1400000|100%| E|CS|TS  6|AC  0|TAMS 0x00000006d1300000, 0x00000006d1300000|
| 262|0x00000006d1400000, 0x00000006d1500000, 0x00000006d1500000|100%| E|CS|TS  6|AC  0|TAMS 0x00000006d1400000, 0x00000006d1400000|
| 263|0x00000006d1500000, 0x00000006d1600000, 0x00000006d1600000|100%| E|CS|TS  6|AC  0|TAMS 0x00000006d1500000, 0x00000006d1500000|
| 264|0x00000006d1600000, 0x00000006d1700000, 0x00000006d1700000|100%| E|CS|TS  6|AC  0|TAMS 0x00000006d1600000, 0x00000006d1600000|
| 265|0x00000006d1700000, 0x00000006d1800000, 0x00000006d1800000|100%| E|CS|TS  6|AC  0|TAMS 0x00000006d1700000, 0x00000006d1700000|
| 266|0x00000006d1800000, 0x00000006d1900000, 0x00000006d1900000|100%| E|CS|TS  6|AC  0|TAMS 0x00000006d1800000, 0x00000006d1800000|
| 267|0x00000006d1900000, 0x00000006d1a00000, 0x00000006d1a00000|100%| E|CS|TS  6|AC  0|TAMS 0x00000006d1900000, 0x00000006d1900000|
| 268|0x00000006d1a00000, 0x00000006d1b00000, 0x00000006d1b00000|100%| E|CS|TS  6|AC  0|TAMS 0x00000006d1a00000, 0x00000006d1a00000|
| 269|0x00000006d1b00000, 0x00000006d1c00000, 0x00000006d1c00000|100%| E|CS|TS  6|AC  0|TAMS 0x00000006d1b00000, 0x00000006d1b00000|
| 270|0x00000006d1c00000, 0x00000006d1d00000, 0x00000006d1d00000|100%| E|CS|TS  6|AC  0|TAMS 0x00000006d1c00000, 0x00000006d1c00000|
| 271|0x00000006d1d00000, 0x00000006d1e00000, 0x00000006d1e00000|100%| E|CS|TS  6|AC  0|TAMS 0x00000006d1d00000, 0x00000006d1d00000|
| 272|0x00000006d1e00000, 0x00000006d1f00000, 0x00000006d1f00000|100%| E|CS|TS  6|AC  0|TAMS 0x00000006d1e00000, 0x00000006d1e00000|
| 273|0x00000006d1f00000, 0x00000006d2000000, 0x00000006d2000000|100%| E|CS|TS  6|AC  0|TAMS 0x00000006d1f00000, 0x00000006d1f00000|
| 274|0x00000006d2000000, 0x00000006d2100000, 0x00000006d2100000|100%| E|CS|TS  6|AC  0|TAMS 0x00000006d2000000, 0x00000006d2000000|
| 275|0x00000006d2100000, 0x00000006d2200000, 0x00000006d2200000|100%| E|CS|TS  6|AC  0|TAMS 0x00000006d2100000, 0x00000006d2100000|
| 276|0x00000006d2200000, 0x00000006d2300000, 0x00000006d2300000|100%| E|CS|TS  6|AC  0|TAMS 0x00000006d2200000, 0x00000006d2200000|
| 277|0x00000006d2300000, 0x00000006d2400000, 0x00000006d2400000|100%| E|CS|TS  6|AC  0|TAMS 0x00000006d2300000, 0x00000006d2300000|
| 278|0x00000006d2400000, 0x00000006d2500000, 0x00000006d2500000|100%| E|CS|TS  6|AC  0|TAMS 0x00000006d2400000, 0x00000006d2400000|
| 279|0x00000006d2500000, 0x00000006d2600000, 0x00000006d2600000|100%| E|CS|TS  6|AC  0|TAMS 0x00000006d2500000, 0x00000006d2500000|
| 280|0x00000006d2600000, 0x00000006d2700000, 0x00000006d2700000|100%| E|CS|TS  6|AC  0|TAMS 0x00000006d2600000, 0x00000006d2600000|
| 281|0x00000006d2700000, 0x00000006d2800000, 0x00000006d2800000|100%| E|CS|TS  6|AC  0|TAMS 0x00000006d2700000, 0x00000006d2700000|
| 282|0x00000006d2800000, 0x00000006d2900000, 0x00000006d2900000|100%| E|CS|TS  6|AC  0|TAMS 0x00000006d2800000, 0x00000006d2800000|
| 283|0x00000006d2900000, 0x00000006d2a00000, 0x00000006d2a00000|100%| E|CS|TS  6|AC  0|TAMS 0x00000006d2900000, 0x00000006d2900000|
| 284|0x00000006d2a00000, 0x00000006d2b00000, 0x00000006d2b00000|100%| E|CS|TS  6|AC  0|TAMS 0x00000006d2a00000, 0x00000006d2a00000|
| 285|0x00000006d2b00000, 0x00000006d2c00000, 0x00000006d2c00000|100%| E|CS|TS  6|AC  0|TAMS 0x00000006d2b00000, 0x00000006d2b00000|
| 286|0x00000006d2c00000, 0x00000006d2d00000, 0x00000006d2d00000|100%| E|CS|TS  6|AC  0|TAMS 0x00000006d2c00000, 0x00000006d2c00000|
| 287|0x00000006d2d00000, 0x00000006d2e00000, 0x00000006d2e00000|100%| E|CS|TS  6|AC  0|TAMS 0x00000006d2d00000, 0x00000006d2d00000|
| 288|0x00000006d2e00000, 0x00000006d2f00000, 0x00000006d2f00000|100%| E|CS|TS  6|AC  0|TAMS 0x00000006d2e00000, 0x00000006d2e00000|
| 289|0x00000006d2f00000, 0x00000006d3000000, 0x00000006d3000000|100%| E|CS|TS  6|AC  0|TAMS 0x00000006d2f00000, 0x00000006d2f00000|
| 290|0x00000006d3000000, 0x00000006d3100000, 0x00000006d3100000|100%| E|CS|TS  6|AC  0|TAMS 0x00000006d3000000, 0x00000006d3000000|
| 291|0x00000006d3100000, 0x00000006d3200000, 0x00000006d3200000|100%| E|CS|TS  6|AC  0|TAMS 0x00000006d3100000, 0x00000006d3100000|
| 292|0x00000006d3200000, 0x00000006d3300000, 0x00000006d3300000|100%| E|CS|TS  6|AC  0|TAMS 0x00000006d3200000, 0x00000006d3200000|
| 293|0x00000006d3300000, 0x00000006d3400000, 0x00000006d3400000|100%| E|CS|TS  6|AC  0|TAMS 0x00000006d3300000, 0x00000006d3300000|
| 294|0x00000006d3400000, 0x00000006d3500000, 0x00000006d3500000|100%| E|CS|TS  6|AC  0|TAMS 0x00000006d3400000, 0x00000006d3400000|
| 295|0x00000006d3500000, 0x00000006d3600000, 0x00000006d3600000|100%| E|CS|TS  6|AC  0|TAMS 0x00000006d3500000, 0x00000006d3500000|
| 296|0x00000006d3600000, 0x00000006d3700000, 0x00000006d3700000|100%| E|CS|TS  6|AC  0|TAMS 0x00000006d3600000, 0x00000006d3600000|
| 297|0x00000006d3700000, 0x00000006d3800000, 0x00000006d3800000|100%| E|CS|TS  6|AC  0|TAMS 0x00000006d3700000, 0x00000006d3700000|
| 298|0x00000006d3800000, 0x00000006d3900000, 0x00000006d3900000|100%| E|CS|TS  6|AC  0|TAMS 0x00000006d3800000, 0x00000006d3800000|
| 299|0x00000006d3900000, 0x00000006d3a00000, 0x00000006d3a00000|100%| E|CS|TS  6|AC  0|TAMS 0x00000006d3900000, 0x00000006d3900000|
| 300|0x00000006d3a00000, 0x00000006d3b00000, 0x00000006d3b00000|100%| E|CS|TS  6|AC  0|TAMS 0x00000006d3a00000, 0x00000006d3a00000|
| 301|0x00000006d3b00000, 0x00000006d3c00000, 0x00000006d3c00000|100%| E|CS|TS  6|AC  0|TAMS 0x00000006d3b00000, 0x00000006d3b00000|
| 302|0x00000006d3c00000, 0x00000006d3d00000, 0x00000006d3d00000|100%| E|CS|TS  6|AC  0|TAMS 0x00000006d3c00000, 0x00000006d3c00000|
| 303|0x00000006d3d00000, 0x00000006d3e00000, 0x00000006d3e00000|100%| E|CS|TS  6|AC  0|TAMS 0x00000006d3d00000, 0x00000006d3d00000|
| 304|0x00000006d3e00000, 0x00000006d3f00000, 0x00000006d3f00000|100%| E|CS|TS  6|AC  0|TAMS 0x00000006d3e00000, 0x00000006d3e00000|
| 305|0x00000006d3f00000, 0x00000006d4000000, 0x00000006d4000000|100%| E|CS|TS  6|AC  0|TAMS 0x00000006d3f00000, 0x00000006d3f00000|
| 306|0x00000006d4000000, 0x00000006d4100000, 0x00000006d4100000|100%| E|CS|TS  6|AC  0|TAMS 0x00000006d4000000, 0x00000006d4000000|
| 307|0x00000006d4100000, 0x00000006d4200000, 0x00000006d4200000|100%| E|CS|TS  6|AC  0|TAMS 0x00000006d4100000, 0x00000006d4100000|
| 308|0x00000006d4200000, 0x00000006d4300000, 0x00000006d4300000|100%| E|CS|TS  6|AC  0|TAMS 0x00000006d4200000, 0x00000006d4200000|
| 309|0x00000006d4300000, 0x00000006d4400000, 0x00000006d4400000|100%| E|CS|TS  6|AC  0|TAMS 0x00000006d4300000, 0x00000006d4300000|
| 310|0x00000006d4400000, 0x00000006d4500000, 0x00000006d4500000|100%| E|CS|TS  6|AC  0|TAMS 0x00000006d4400000, 0x00000006d4400000|
| 311|0x00000006d4500000, 0x00000006d4600000, 0x00000006d4600000|100%| E|CS|TS  6|AC  0|TAMS 0x00000006d4500000, 0x00000006d4500000|
| 312|0x00000006d4600000, 0x00000006d4700000, 0x00000006d4700000|100%| E|CS|TS  6|AC  0|TAMS 0x00000006d4600000, 0x00000006d4600000|
| 313|0x00000006d4700000, 0x00000006d4800000, 0x00000006d4800000|100%| E|CS|TS  6|AC  0|TAMS 0x00000006d4700000, 0x00000006d4700000|
| 314|0x00000006d4800000, 0x00000006d4900000, 0x00000006d4900000|100%| E|CS|TS  6|AC  0|TAMS 0x00000006d4800000, 0x00000006d4800000|
| 315|0x00000006d4900000, 0x00000006d4a00000, 0x00000006d4a00000|100%| E|CS|TS  6|AC  0|TAMS 0x00000006d4900000, 0x00000006d4900000|
| 316|0x00000006d4a00000, 0x00000006d4b00000, 0x00000006d4b00000|100%| E|CS|TS  6|AC  0|TAMS 0x00000006d4a00000, 0x00000006d4a00000|
| 317|0x00000006d4b00000, 0x00000006d4c00000, 0x00000006d4c00000|100%| E|CS|TS  6|AC  0|TAMS 0x00000006d4b00000, 0x00000006d4b00000|
| 318|0x00000006d4c00000, 0x00000006d4d00000, 0x00000006d4d00000|100%| E|CS|TS  6|AC  0|TAMS 0x00000006d4c00000, 0x00000006d4c00000|
| 319|0x00000006d4d00000, 0x00000006d4e00000, 0x00000006d4e00000|100%| E|CS|TS  6|AC  0|TAMS 0x00000006d4d00000, 0x00000006d4d00000|
| 320|0x00000006d4e00000, 0x00000006d4f00000, 0x00000006d4f00000|100%| E|CS|TS  6|AC  0|TAMS 0x00000006d4e00000, 0x00000006d4e00000|
| 321|0x00000006d4f00000, 0x00000006d5000000, 0x00000006d5000000|100%| E|CS|TS  6|AC  0|TAMS 0x00000006d4f00000, 0x00000006d4f00000|
| 322|0x00000006d5000000, 0x00000006d5100000, 0x00000006d5100000|100%| E|CS|TS  6|AC  0|TAMS 0x00000006d5000000, 0x00000006d5000000|
| 323|0x00000006d5100000, 0x00000006d5200000, 0x00000006d5200000|100%| E|CS|TS  6|AC  0|TAMS 0x00000006d5100000, 0x00000006d5100000|
| 324|0x00000006d5200000, 0x00000006d5300000, 0x00000006d5300000|100%| E|CS|TS  6|AC  0|TAMS 0x00000006d5200000, 0x00000006d5200000|
| 325|0x00000006d5300000, 0x00000006d5400000, 0x00000006d5400000|100%| E|CS|TS  6|AC  0|TAMS 0x00000006d5300000, 0x00000006d5300000|
| 326|0x00000006d5400000, 0x00000006d5500000, 0x00000006d5500000|100%| E|CS|TS  6|AC  0|TAMS 0x00000006d5400000, 0x00000006d5400000|
| 327|0x00000006d5500000, 0x00000006d5600000, 0x00000006d5600000|100%| E|CS|TS  6|AC  0|TAMS 0x00000006d5500000, 0x00000006d5500000|
| 328|0x00000006d5600000, 0x00000006d5700000, 0x00000006d5700000|100%| E|CS|TS  6|AC  0|TAMS 0x00000006d5600000, 0x00000006d5600000|
| 329|0x00000006d5700000, 0x00000006d5800000, 0x00000006d5800000|100%| E|CS|TS  6|AC  0|TAMS 0x00000006d5700000, 0x00000006d5700000|
| 330|0x00000006d5800000, 0x00000006d5900000, 0x00000006d5900000|100%| E|CS|TS  6|AC  0|TAMS 0x00000006d5800000, 0x00000006d5800000|
| 331|0x00000006d5900000, 0x00000006d5a00000, 0x00000006d5a00000|100%| E|CS|TS  6|AC  0|TAMS 0x00000006d5900000, 0x00000006d5900000|
| 332|0x00000006d5a00000, 0x00000006d5b00000, 0x00000006d5b00000|100%| E|CS|TS  6|AC  0|TAMS 0x00000006d5a00000, 0x00000006d5a00000|
| 333|0x00000006d5b00000, 0x00000006d5c00000, 0x00000006d5c00000|100%| E|CS|TS  6|AC  0|TAMS 0x00000006d5b00000, 0x00000006d5b00000|
| 334|0x00000006d5c00000, 0x00000006d5d00000, 0x00000006d5d00000|100%| E|CS|TS  6|AC  0|TAMS 0x00000006d5c00000, 0x00000006d5c00000|
| 335|0x00000006d5d00000, 0x00000006d5e00000, 0x00000006d5e00000|100%| E|CS|TS  6|AC  0|TAMS 0x00000006d5d00000, 0x00000006d5d00000|
| 336|0x00000006d5e00000, 0x00000006d5f00000, 0x00000006d5f00000|100%| E|CS|TS  6|AC  0|TAMS 0x00000006d5e00000, 0x00000006d5e00000|
| 337|0x00000006d5f00000, 0x00000006d6000000, 0x00000006d6000000|100%| E|CS|TS  6|AC  0|TAMS 0x00000006d5f00000, 0x00000006d5f00000|
| 338|0x00000006d6000000, 0x00000006d6100000, 0x00000006d6100000|100%| E|CS|TS  6|AC  0|TAMS 0x00000006d6000000, 0x00000006d6000000|

Card table byte_map: [0x000001f8fd450000,0x000001f8fdc50000] byte_map_base: 0x000001f8f9e49000

Marking Bits (Prev, Next): (CMBitMap*) 0x000001f8fc171470, (CMBitMap*) 0x000001f8fc1714a8
 Prev Bits: [0x000001f89a2b0000, 0x000001f89e278000)
 Next Bits: [0x000001f89e280000, 0x000001f8a2248000)

Polling page: 0x000001f8faa90000

CodeHeap 'non-profiled nmethods': size=120000Kb used=3109Kb max_used=3355Kb free=116890Kb
 bounds [0x000001f892d80000, 0x000001f8930d0000, 0x000001f89a2b0000]
CodeHeap 'profiled nmethods': size=120000Kb used=6741Kb max_used=8530Kb free=113258Kb
 bounds [0x000001f88b850000, 0x000001f88c0b0000, 0x000001f892d80000]
CodeHeap 'non-nmethods': size=5760Kb used=1319Kb max_used=1390Kb free=4440Kb
 bounds [0x000001f88b2b0000, 0x000001f88b520000, 0x000001f88b850000]
 total_blobs=6561 nmethods=3655 adapters=508
 compilation: enabled

Compilation events (10 events):
Event: 219.157 Thread 0x000001f8ff907000 nmethod 4405 0x000001f892dee690 code [0x000001f892dee840, 0x000001f892deec38]
Event: 219.157 Thread 0x000001f8ff907000 4411       4       akka.actor.Deployer::lookup (20 bytes)
Event: 219.169 Thread 0x000001f8ff918000 nmethod 4413 0x000001f892e8e990 code [0x000001f892e8eb60, 0x000001f892e8f538]
Event: 219.169 Thread 0x000001f8ff918000 4412       4       akka.actor.Deployer::lookup (15 bytes)
Event: 219.169 Thread 0x000001f8ff918800 nmethod 4404 0x000001f88beb4690 code [0x000001f88beb5e20, 0x000001f88bec5070]
Event: 219.169 Thread 0x000001f8ff918800 4415       3       akka.actor.LocalActorRef::<init> (40 bytes)
Event: 219.169 Thread 0x000001f8ff918800 nmethod 4415 0x000001f88b86a690 code [0x000001f88b86a8a0, 0x000001f88b86afc0]
Event: 219.169 Thread 0x000001f8ff918800 4414   !   3       akka.dispatch.Mailboxes::getMailboxType (490 bytes)
Event: 219.170 Thread 0x000001f8ff918000 nmethod 4412 0x000001f892dee290 code [0x000001f892dee440, 0x000001f892dee548]
Event: 219.171 Thread 0x000001f8ff90b800 nmethod 4398 0x000001f892ec1510 code [0x000001f892ec17a0, 0x000001f892ec2c28]

GC Heap History (10 events):
Event: 138.983 GC heap before
{Heap before GC invocations=28 (full 0):
 garbage-first heap   total 347136K, used 96743K [0x00000006c0e00000, 0x00000007c0000000)
  region size 1024K, 16 young (16384K), 8 survivors (8192K)
 Metaspace       used 43100K, capacity 43887K, committed 44416K, reserved 1089536K
  class space    used 4772K, capacity 4964K, committed 4992K, reserved 1048576K
}
Event: 138.986 GC heap after
{Heap after GC invocations=29 (full 0):
 garbage-first heap   total 347136K, used 55166K [0x00000006c0e00000, 0x00000007c0000000)
  region size 1024K, 2 young (2048K), 2 survivors (2048K)
 Metaspace       used 43100K, capacity 43887K, committed 44416K, reserved 1089536K
  class space    used 4772K, capacity 4964K, committed 4992K, reserved 1048576K
}
Event: 152.027 GC heap before
{Heap before GC invocations=29 (full 0):
 garbage-first heap   total 347136K, used 256894K [0x00000006c0e00000, 0x00000007c0000000)
  region size 1024K, 199 young (203776K), 2 survivors (2048K)
 Metaspace       used 43133K, capacity 43951K, committed 44416K, reserved 1089536K
  class space    used 4772K, capacity 4964K, committed 4992K, reserved 1048576K
}
Event: 152.060 GC heap after
{Heap after GC invocations=30 (full 0):
 garbage-first heap   total 347136K, used 112806K [0x00000006c0e00000, 0x00000007c0000000)
  region size 1024K, 25 young (25600K), 25 survivors (25600K)
 Metaspace       used 43133K, capacity 43951K, committed 44416K, reserved 1089536K
  class space    used 4772K, capacity 4964K, committed 4992K, reserved 1048576K
}
Event: 153.226 GC heap before
{Heap before GC invocations=30 (full 0):
 garbage-first heap   total 347136K, used 242854K [0x00000006c0e00000, 0x00000007c0000000)
  region size 1024K, 152 young (155648K), 25 survivors (25600K)
 Metaspace       used 43133K, capacity 43951K, committed 44416K, reserved 1089536K
  class space    used 4772K, capacity 4964K, committed 4992K, reserved 1048576K
}
Event: 153.248 GC heap after
{Heap after GC invocations=31 (full 0):
 garbage-first heap   total 347136K, used 128000K [0x00000006c0e00000, 0x00000007c0000000)
  region size 1024K, 19 young (19456K), 19 survivors (19456K)
 Metaspace       used 43133K, capacity 43951K, committed 44416K, reserved 1089536K
  class space    used 4772K, capacity 4964K, committed 4992K, reserved 1048576K
}
Event: 154.291 GC heap before
{Heap before GC invocations=31 (full 0):
 garbage-first heap   total 347136K, used 242688K [0x00000006c0e00000, 0x00000007c0000000)
  region size 1024K, 131 young (134144K), 19 survivors (19456K)
 Metaspace       used 43133K, capacity 43951K, committed 44416K, reserved 1089536K
  class space    used 4772K, capacity 4964K, committed 4992K, reserved 1048576K
}
Event: 154.312 GC heap after
{Heap after GC invocations=32 (full 0):
 garbage-first heap   total 347136K, used 144896K [0x00000006c0e00000, 0x00000007c0000000)
  region size 1024K, 17 young (17408K), 17 survivors (17408K)
 Metaspace       used 43133K, capacity 43951K, committed 44416K, reserved 1089536K
  class space    used 4772K, capacity 4964K, committed 4992K, reserved 1048576K
}
Event: 155.246 GC heap before
{Heap before GC invocations=32 (full 0):
 garbage-first heap   total 347136K, used 246272K [0x00000006c0e00000, 0x00000007c0000000)
  region size 1024K, 116 young (118784K), 17 survivors (17408K)
 Metaspace       used 43141K, capacity 43956K, committed 44416K, reserved 1089536K
  class space    used 4772K, capacity 4964K, committed 4992K, reserved 1048576K
}
Event: 155.263 GC heap after
{Heap after GC invocations=33 (full 0):
 garbage-first heap   total 347136K, used 159744K [0x00000006c0e00000, 0x00000007c0000000)
  region size 1024K, 15 young (15360K), 15 survivors (15360K)
 Metaspace       used 43141K, capacity 43956K, committed 44416K, reserved 1089536K
  class space    used 4772K, capacity 4964K, committed 4992K, reserved 1048576K
}

Deoptimization events (10 events):
Event: 219.130 Thread 0x000001f8a4fec800 Uncommon trap: reason=class_check action=maybe_recompile pc=0x000001f892ff6ba0 method=akka.actor.Props.cachedActorClass()Ljava/lang/Class; @ 12 c2
Event: 219.130 Thread 0x000001f8a4fec800 Uncommon trap: reason=unstable_if action=reinterpret pc=0x000001f892f2e1c4 method=scala.collection.immutable.BitmapIndexedMapNode.get(Ljava/lang/Object;III)Lscala/Option; @ 74 c2
Event: 219.130 Thread 0x000001f8a4fec800 Uncommon trap: reason=unstable_if action=reinterpret pc=0x000001f892ffd130 method=akka.actor.dungeon.Dispatch.init(ZLakka/dispatch/MailboxType;)Lakka/actor/ActorCell; @ 55 c2
Event: 219.130 Thread 0x000001f8a4fec800 Uncommon trap: reason=bimorphic_or_optimized_type_check action=maybe_recompile pc=0x000001f89307ae1c method=akka.dispatch.DefaultSystemMessageQueue.systemEnqueue(Lakka/actor/ActorRef;Lakka/dispatch/sysmsg/SystemMessage;)V @ 43 c2
Event: 219.130 Thread 0x000001f8a647b000 Uncommon trap: reason=class_check action=maybe_recompile pc=0x000001f89309ffc0 method=akka.actor.Props.newActor()Lakka/actor/Actor; @ 4 c2
Event: 219.130 Thread 0x000001f8a647b000 Uncommon trap: reason=unstable_if action=reinterpret pc=0x000001f8930a06b0 method=akka.actor.ActorCell.invokeAll$1(Lakka/dispatch/sysmsg/SystemMessage;I)V @ 194 c2
Event: 219.131 Thread 0x000001f8a647b000 Uncommon trap: reason=unstable_if action=reinterpret pc=0x000001f892ff6b40 method=akka.dispatch.Mailboxes.getMailboxType(Lakka/actor/Props;Lcom/typesafe/config/Config;)Lakka/dispatch/MailboxType; @ 292 c2
Event: 219.131 Thread 0x000001f8a647b000 Uncommon trap: reason=class_check action=maybe_recompile pc=0x000001f893089f44 method=akka.actor.dungeon.Children.initChild(Lakka/actor/ActorRef;)Lscala/Option; @ 17 c2
Event: 219.131 Thread 0x000001f8a4fec800 Uncommon trap: reason=class_check action=maybe_recompile pc=0x000001f893089f44 method=akka.actor.dungeon.Children.initChild(Lakka/actor/ActorRef;)Lscala/Option; @ 17 c2
Event: 219.131 Thread 0x000001f8a647b000 Uncommon trap: reason=speculate_class_check action=maybe_recompile pc=0x000001f89308ccdc method=akka.actor.dungeon.Children.makeChild(Lakka/actor/ActorCell;Lakka/actor/Props;Ljava/lang/String;ZZ)Lakka/actor/ActorRef; @ 511 c2

Classes redefined (0 events):
No events

Internal exceptions (10 events):
Event: 166.027 Thread 0x000001f8a5052800 Exception <a 'java/lang/NoSuchMethodError'{0x00000006d1efda70}: java.lang.Object.$anonfun$tellWatchersWeDied$1$adapted(Lakka/actor/dungeon/DeathWatch;Lakka/actor/ActorRef;)Ljava/lang/Object;> (0x00000006d1efda70) thrown at [t:/workspace/open/src/hotspot/s
Event: 174.074 Thread 0x000001f8a5052800 Exception <a 'java/lang/NoSuchMethodError'{0x00000006d1d0cba8}: java.lang.Object.$anonfun$tellWatchersWeDied$2$adapted(Lakka/actor/dungeon/DeathWatch;Lakka/actor/ActorRef;)Ljava/lang/Object;> (0x00000006d1d0cba8) thrown at [t:/workspace/open/src/hotspot/s
Event: 184.245 Thread 0x000001f8a5052800 Exception <a 'java/lang/NoSuchMethodError'{0x00000006d1d10870}: java.lang.Object.$anonfun$tellWatchersWeDied$3(Lakka/actor/dungeon/DeathWatch;)V> (0x00000006d1d10870) thrown at [t:/workspace/open/src/hotspot/share/interpreter/linkResolver.cpp, line 741]
Event: 189.463 Thread 0x000001f8a5052800 Exception <a 'java/lang/NoSuchMethodError'{0x00000006d1d175c8}: java.lang.Object.$anonfun$maintainAddressTerminatedSubscription$1$adapted(Lakka/actor/ActorRef;)Ljava/lang/Object;> (0x00000006d1d175c8) thrown at [t:/workspace/open/src/hotspot/share/interpr
Event: 189.464 Thread 0x000001f8a5052800 Exception <a 'java/lang/NoSuchMethodError'{0x00000006d1d1b000}: java.lang.Object.$anonfun$maintainAddressTerminatedSubscription$2$adapted(Lakka/actor/ActorRef;)Ljava/lang/Object;> (0x00000006d1d1b000) thrown at [t:/workspace/open/src/hotspot/share/interpr
Event: 214.139 Thread 0x000001f8a6479800 Exception <a 'java/lang/NoSuchMethodError'{0x00000006d18a9820}: java.lang.Object.$anonfun$concat$1(Lscala/collection/IterableOnce;)Lscala/collection/Iterator;> (0x00000006d18a9820) thrown at [t:/workspace/open/src/hotspot/share/interpreter/linkResolver.cp
Event: 214.142 Thread 0x000001f8a504d800 Exception <a 'java/lang/NoSuchMethodError'{0x00000006d1742770}: java.lang.Object.$anonfun$watchedActorTerminated$1(Lakka/actor/dungeon/DeathWatch;Lakka/actor/ActorRef;)V> (0x00000006d1742770) thrown at [t:/workspace/open/src/hotspot/share/interpreter/link
Event: 214.144 Thread 0x000001f8a504d800 Exception <a 'java/lang/NoSuchMethodError'{0x00000006d174b768}: java.lang.Object.$anonfun$receivedTerminated$1$adapted(Lakka/actor/dungeon/DeathWatch;Lakka/actor/Terminated;Lscala/Option;)Ljava/lang/Object;> (0x00000006d174b768) thrown at [t:/workspace/op
Event: 214.144 Thread 0x000001f8a504d800 Exception <a 'java/lang/NoSuchMethodError'{0x00000006d1750c08}: java.lang.Object.$anonfun$receivedTerminated$2(Lakka/actor/Terminated;)Lakka/actor/Terminated;> (0x00000006d1750c08) thrown at [t:/workspace/open/src/hotspot/share/interpreter/linkResolver.cp
Event: 214.144 Thread 0x000001f8a6479800 Exception <a 'java/lang/NoSuchMethodError'{0x00000006d17e16a0}: java.lang.Object.$anonfun$removeFunctionRef$1()Ljava/lang/String;> (0x00000006d17e16a0) thrown at [t:/workspace/open/src/hotspot/share/interpreter/linkResolver.cpp, line 741]

Events (10 events):
Event: 219.148 Thread 0x000001f8ff92d800 flushing nmethod 0x000001f88bfa9690
Event: 219.148 Thread 0x000001f8ff92d800 flushing nmethod 0x000001f88bface90
Event: 219.148 Thread 0x000001f8ff92d800 flushing nmethod 0x000001f88bfae010
Event: 219.148 Thread 0x000001f8ff92d800 flushing nmethod 0x000001f88bfb1390
Event: 219.148 Thread 0x000001f8ff92d800 flushing nmethod 0x000001f88bfb4710
Event: 219.148 Thread 0x000001f8ff92d800 flushing nmethod 0x000001f88bfb7890
Event: 219.148 Thread 0x000001f8ff92d800 flushing nmethod 0x000001f88bfc4710
Event: 219.148 Thread 0x000001f8ff92d800 flushing nmethod 0x000001f88bfcc810
Event: 219.148 Thread 0x000001f8ff92d800 flushing nmethod 0x000001f88bfcd490
Event: 219.148 Thread 0x000001f8ff92d800 flushing nmethod 0x000001f88bfce310


Dynamic libraries:
0x00007ff6cc180000 - 0x00007ff6cc1be000 	C:\Program Files\Java\jdk-10.0.2\bin\java.exe
0x00007ffd7ce50000 - 0x00007ffd7d046000 	C:\WINDOWS\SYSTEM32\ntdll.dll
0x00007ffd7b6b0000 - 0x00007ffd7b76d000 	C:\WINDOWS\System32\KERNEL32.DLL
0x00007ffd7ab90000 - 0x00007ffd7ae59000 	C:\WINDOWS\System32\KERNELBASE.dll
0x00007ffd7c3c0000 - 0x00007ffd7c46c000 	C:\WINDOWS\System32\ADVAPI32.dll
0x00007ffd7b770000 - 0x00007ffd7b80e000 	C:\WINDOWS\System32\msvcrt.dll
0x00007ffd7b810000 - 0x00007ffd7b8ac000 	C:\WINDOWS\System32\sechost.dll
0x00007ffd7b470000 - 0x00007ffd7b59b000 	C:\WINDOWS\System32\RPCRT4.dll
0x00007ffd7c1c0000 - 0x00007ffd7c360000 	C:\WINDOWS\System32\USER32.dll
0x00007ffd7aa40000 - 0x00007ffd7aa62000 	C:\WINDOWS\System32\win32u.dll
0x00007ffd7bfe0000 - 0x00007ffd7c00a000 	C:\WINDOWS\System32\GDI32.dll
0x00007ffd7a7a0000 - 0x00007ffd7a8a9000 	C:\WINDOWS\System32\gdi32full.dll
0x00007ffd7aa70000 - 0x00007ffd7ab0d000 	C:\WINDOWS\System32\msvcp_win.dll
0x00007ffd7a590000 - 0x00007ffd7a690000 	C:\WINDOWS\System32\ucrtbase.dll
0x00007ffd67070000 - 0x00007ffd6730b000 	C:\WINDOWS\WinSxS\amd64_microsoft.windows.common-controls_6595b64144ccf1df_6.0.19041.488_none_ca04af081b815d21\COMCTL32.dll
0x00007ffd72d70000 - 0x00007ffd72d7a000 	C:\WINDOWS\SYSTEM32\VERSION.dll
0x00007ffd7b430000 - 0x00007ffd7b460000 	C:\WINDOWS\System32\IMM32.DLL
0x00007ffd4d690000 - 0x00007ffd4d77f000 	C:\Program Files\Java\jdk-10.0.2\bin\msvcr120.dll
0x00007ffd4e750000 - 0x00007ffd4e7f6000 	C:\Program Files\Java\jdk-10.0.2\bin\msvcp120.dll
0x000000005b6f0000 - 0x000000005c160000 	C:\Program Files\Java\jdk-10.0.2\bin\server\jvm.dll
0x00007ffd7c4f0000 - 0x00007ffd7c4f8000 	C:\WINDOWS\System32\PSAPI.DLL
0x00007ffd44600000 - 0x00007ffd44609000 	C:\WINDOWS\SYSTEM32\WSOCK32.dll
0x00007ffd6f5d0000 - 0x00007ffd6f5f7000 	C:\WINDOWS\SYSTEM32\WINMM.dll
0x00007ffd7bf70000 - 0x00007ffd7bfdb000 	C:\WINDOWS\System32\WS2_32.dll
0x00007ffd74c60000 - 0x00007ffd74c6f000 	C:\Program Files\Java\jdk-10.0.2\bin\verify.dll
0x00007ffd71e20000 - 0x00007ffd72004000 	C:\WINDOWS\SYSTEM32\DBGHELP.DLL
0x00007ffd714b0000 - 0x00007ffd714dc000 	C:\WINDOWS\SYSTEM32\dbgcore.DLL
0x00007ffd7ab10000 - 0x00007ffd7ab90000 	C:\WINDOWS\System32\bcryptPrimitives.dll
0x00007ffd5ba80000 - 0x00007ffd5baa7000 	C:\Program Files\Java\jdk-10.0.2\bin\java.dll
0x00007ffd5baf0000 - 0x00007ffd5bb26000 	C:\Program Files\Java\jdk-10.0.2\bin\jdwp.dll
0x00007ffd5bac0000 - 0x00007ffd5baea000 	C:\Program Files\Java\jdk-10.0.2\bin\instrument.dll
0x00007ffd61580000 - 0x00007ffd61596000 	C:\Program Files\Java\jdk-10.0.2\bin\zip.dll
0x00007ffd72690000 - 0x00007ffd7269a000 	C:\Program Files\Java\jdk-10.0.2\bin\jimage.dll
0x00007ffd7c580000 - 0x00007ffd7ccc2000 	C:\WINDOWS\System32\SHELL32.dll
0x00007ffd78670000 - 0x00007ffd78e05000 	C:\WINDOWS\SYSTEM32\windows.storage.dll
0x00007ffd7af60000 - 0x00007ffd7b2b6000 	C:\WINDOWS\System32\combase.dll
0x00007ffd79f30000 - 0x00007ffd79f5c000 	C:\WINDOWS\SYSTEM32\Wldp.dll
0x00007ffd7aeb0000 - 0x00007ffd7af5e000 	C:\WINDOWS\System32\SHCORE.dll
0x00007ffd7c360000 - 0x00007ffd7c3b5000 	C:\WINDOWS\System32\shlwapi.dll
0x00007ffd7a4c0000 - 0x00007ffd7a4e6000 	C:\WINDOWS\SYSTEM32\profapi.dll
0x00007ffd6f510000 - 0x00007ffd6f51a000 	C:\Program Files\Java\jdk-10.0.2\bin\dt_socket.dll
0x00007ffd79d20000 - 0x00007ffd79d8a000 	C:\WINDOWS\system32\mswsock.dll
0x00007ffd5ba60000 - 0x00007ffd5ba7a000 	C:\Program Files\Java\jdk-10.0.2\bin\net.dll
0x00007ffd74240000 - 0x00007ffd74340000 	C:\WINDOWS\SYSTEM32\WINHTTP.dll
0x00007ffd5b870000 - 0x00007ffd5b881000 	C:\Program Files\Java\jdk-10.0.2\bin\nio.dll
0x00007ffd7a270000 - 0x00007ffd7a288000 	C:\WINDOWS\SYSTEM32\CRYPTSP.dll
0x00007ffd79660000 - 0x00007ffd79694000 	C:\WINDOWS\system32\rsaenh.dll
0x00007ffd7a8b0000 - 0x00007ffd7a8d7000 	C:\WINDOWS\System32\bcrypt.dll
0x00007ffd7a440000 - 0x00007ffd7a46e000 	C:\WINDOWS\SYSTEM32\USERENV.dll
0x00007ffd79ea0000 - 0x00007ffd79eac000 	C:\WINDOWS\SYSTEM32\CRYPTBASE.dll
0x00007ffd799e0000 - 0x00007ffd79a1b000 	C:\WINDOWS\SYSTEM32\IPHLPAPI.DLL
0x00007ffd7b2c0000 - 0x00007ffd7b2c8000 	C:\WINDOWS\System32\NSI.dll
0x00007ffd74980000 - 0x00007ffd74997000 	C:\WINDOWS\SYSTEM32\dhcpcsvc6.DLL
0x00007ffd748d0000 - 0x00007ffd748ed000 	C:\WINDOWS\SYSTEM32\dhcpcsvc.DLL
0x00007ffd79a20000 - 0x00007ffd79aeb000 	C:\WINDOWS\SYSTEM32\DNSAPI.dll
0x00007ffd67340000 - 0x00007ffd6734b000 	C:\Program Files\Java\jdk-10.0.2\bin\sunmscapi.dll
0x00007ffd7a8e0000 - 0x00007ffd7aa3d000 	C:\WINDOWS\System32\CRYPT32.dll
0x00007ffd51100000 - 0x00007ffd51123000 	C:\Program Files\Java\jdk-10.0.2\bin\sunec.dll
0x00007ffd733f0000 - 0x00007ffd733fa000 	C:\Windows\System32\rasadhlp.dll
0x00007ffd74040000 - 0x00007ffd740bf000 	C:\WINDOWS\System32\fwpuclnt.dll

dbghelp: loaded successfully - version: 4.0.5 - missing functions: none
symbol engine: initialized successfully - sym options: 0x614 - pdb path: .;C:\Program Files\Java\jdk-10.0.2\bin;C:\WINDOWS\SYSTEM32;C:\WINDOWS\WinSxS\amd64_microsoft.windows.common-controls_6595b64144ccf1df_6.0.19041.488_none_ca04af081b815d21;C:\Program Files\Java\jdk-10.0.2\bin\server

VM Arguments:
jvm_args: -agentlib:jdwp=transport=dt_socket,address=127.0.0.1:52431,suspend=y,server=n -javaagent:C:\Users\canno\.IntelliJIdea2018.2\system\captureAgent\debugger-agent.jar=file:/C:/Users/canno/AppData/Local/Temp/capture.props -Dfile.encoding=UTF-8 
java_command: com.tristanpenman.chordial.demo.Demo
java_class_path (initial): C:\Users\canno\Documents\Duke\Fall2020\514\project\chordial\modules\demo\target\scala-2.13\classes;C:\Users\canno\Documents\Duke\Fall2020\514\project\chordial\modules\core\target\scala-2.13\classes;C:\Users\canno\AppData\Local\Coursier\cache\v1\https\repo1.maven.org\maven2\org\scala-lang\modules\scala-parser-combinators_2.13\1.1.2\scala-parser-combinators_2.13-1.1.2.jar;C:\Users\canno\AppData\Local\Coursier\cache\v1\https\repo1.maven.org\maven2\org\scala-lang\modules\scala-java8-compat_2.13\0.9.0\scala-java8-compat_2.13-0.9.0.jar;C:\Users\canno\AppData\Local\Coursier\cache\v1\https\repo1.maven.org\maven2\org\scala-lang\scala-library\2.13.2\scala-library-2.13.2.jar;C:\Users\canno\AppData\Local\Coursier\cache\v1\https\repo1.maven.org\maven2\org\reactivestreams\reactive-streams\1.0.2\reactive-streams-1.0.2.jar;C:\Users\canno\AppData\Local\Coursier\cache\v1\https\repo1.maven.org\maven2\org\agrona\agrona\0.9.31\agrona-0.9.31.jar;C:\Users\canno\AppData\Local\Coursier\cache\v1\https\repo1.maven.org\maven2\io\spray\spray-json_2.13\1.3.5\spray-json_2.13-1.3.5.jar;C:\Users\canno\AppData\Local\Coursier\cache\v1\https\repo1.maven.org\maven2\io\netty\netty\3.10.6.Final\netty-3.10.6.Final.jar;C:\Users\canno\AppData\Local\Coursier\cache\v1\https\repo1.maven.org\maven2\io\aeron\aeron-driver\1.15.1\aeron-driver-1.15.1.jar;C:\Users\canno\AppData\Local\Coursier\cache\v1\https\repo1.maven.org\maven2\io\aeron\aeron-client\1.15.1\aeron-client-1.15.1.jar;C:\Users\canno\AppData\Local\Coursier\cache\v1\https\repo1.maven.org\maven2\com\typesafe\akka\akka-stream_2.13\2.5.31\akka-stream_2.13-2.5.31.jar;C:\Users\canno\AppData\Local\Coursier\cache\v1\https\repo1.maven.org\maven2\com\typesafe\akka\akka-remote_2.13\2.5.31\akka-remote_2.13-2.5.31.jar;C:\Users\canno\AppData\Local\Coursier\cache\v1\https\repo1.maven.org\maven2\com\typesafe\akka\akka-protobuf_2.13\2.5.31\akka-protobuf_2.13-2.5.31.jar;C:\Users\canno\AppData\Local\Coursier\cache\v1\https\repo1.maven.org\mave
Launcher Type: SUN_STANDARD

Logging:
Log output configuration:
#0: stdout all=warning uptime,level,tags
#1: stderr all=off uptime,level,tags

Environment Variables:
PATH=C:\Python27\;C:\Python27\Scripts;C:\Program Files (x86)\Razer Chroma SDK\bin;C:\Program Files\Razer Chroma SDK\bin;C:\Windows\system32;C:\Windows;C:\Windows\System32\Wbem;C:\Windows\System32\WindowsPowerShell\v1.0\;C:\Windows\System32\OpenSSH\;C:\Users\canno\AppData\Local\Microsoft\WindowsApps;C:\Program Files\dotnet\;C:\Program Files\Microsoft SQL Server\130\Tools\Binn\;C:\Program Files (x86)\NVIDIA Corporation\PhysX\Common;C:\Program Files\Git\cmd;C:\Program Files\Git\mingw64\bin;C:\Program Files\Git\usr\bin;C:\Program Files\NVIDIA Corporation\NVIDIA NvDLISR;C:\Program Files (x86)\Microsoft SQL Server\Client SDK\ODBC\130\Tools\Binn\;C:\Program Files (x86)\Microsoft SQL Server\140\Tools\Binn\;C:\Program Files (x86)\Microsoft SQL Server\140\DTS\Binn\;C:\Program Files (x86)\Microsoft SQL Server\140\Tools\Binn\ManagementStudio\;C:\Program Files\Microsoft SQL Server\Client SDK\ODBC\130\Tools\Binn\;C:\Program Files\Microsoft SQL Server\140\Tools\Binn\;C:\Program Files\Microsoft SQL Server\140\DTS\Binn\;C:\Program Files\PuTTY\;C:\Program Files (x86)\LINQPad5;C:\WINDOWS\system32;C:\WINDOWS;C:\WINDOWS\System32\Wbem;C:\WINDOWS\System32\WindowsPowerShell\v1.0\;C:\WINDOWS\System32\OpenSSH\;C:\Program Files\MATLAB\R2019b\bin;C:\Program Files\MySQL\MySQL Shell 8.0\bin\;C:\MinGW\bin\;C:\Program Files (x86)\WinMerge;C:\Program Files\nodejs\;C:\ProgramData\chocolatey\bin;C:\WINDOWS\system32;C:\WINDOWS;C:\WINDOWS\System32\Wbem;C:\WINDOWS\System32\WindowsPowerShell\v1.0\;C:\WINDOWS\System32\OpenSSH\;C:\Program Files\Microsoft SQL Server\Client SDK\ODBC\170\Tools\Binn\;C:\Users\canno\AppData\Roaming\npm;;C:\Program Files\Docker\Docker\resources\bin;C:\ProgramData\DockerDesktop\version-bin;C:\Program Files\MySQL\MySQL Shell 8.0\bin\;C:\Users\canno\.dotnet\tools;C:\Users\canno\AppData\Local\Programs\Microsoft VS Code\bin;C:\Users\canno\AppData\Roaming\npm;C:\Users\canno\AppData\Local\Microsoft\WindowsApps;D:\altera_lite\16.0\modelsim_ase\win32aloem;;C:\Users\canno\AppData\Local\Progr
USERNAME=canno
OS=Windows_NT
PROCESSOR_IDENTIFIER=Intel64 Family 6 Model 94 Stepping 3, GenuineIntel



---------------  S Y S T E M  ---------------

OS: Windows 10 , 64 bit Build 19041 (10.0.19041.662)

CPU:total 8 (initial active 8) (4 cores per cpu, 2 threads per core) family 6 model 94 stepping 3, cmov, cx8, fxsr, mmx, sse, sse2, sse3, ssse3, sse4.1, sse4.2, popcnt, avx, avx2, aes, clmul, erms, rtm, 3dnowpref, lzcnt, ht, tsc, tscinvbit, bmi1, bmi2, adx, fma

Memory: 4k page, physical 16716056k(6029324k free), swap 33878296k(17414752k free)

vm_info: Java HotSpot(TM) 64-Bit Server VM (10.0.2+13) for windows-amd64 JRE (10.0.2+13), built on Jun 28 2018 01:57:56 by "mach5one" with MS VC++ 12.0 (VS2013)

END.
